 1    -5.44481    -5.44481           0
 2     -5.4727    -5.45876  0.00986005
 3    -5.44897    -5.45549  0.00709302
 4    -5.44804    -5.45363  0.00555908
 5    -5.44929    -5.45276  0.00451468
 6    -5.44121    -5.45084  0.00415276
 7    -5.43792    -5.44899   0.0039484
 8    -5.48055    -5.45293  0.00505485
 9    -5.49241    -5.45732  0.00610625
10    -5.44651    -5.45624  0.00559057
11    -5.48244    -5.45862  0.00556671
12    -5.46973    -5.45955  0.00517916
13     -5.4409    -5.45811  0.00497539
14    -5.45396    -5.45782  0.00462883
15    -5.44694    -5.45709  0.00437664
16    -5.45942    -5.45724  0.00410552
17    -5.48009    -5.45858  0.00407827
18    -5.46126    -5.45873  0.00385441
19    -5.44047    -5.45777   0.0037694
20    -5.45409    -5.45758   0.0035854
