 1   -0.429559   -0.429559           0
 2   -0.452434   -0.440997   0.0080878
 3   -0.461568   -0.447854  0.00777299
 4   -0.472668   -0.454057  0.00792767
 5    -0.44292    -0.45183  0.00664769
 6   -0.400929   -0.443346  0.00952169
 7   -0.406983   -0.438152  0.00947312
 8    -0.39543   -0.432811  0.00967785
 9   -0.380168   -0.426962   0.0102184
10   -0.391194   -0.423385  0.00980259
11   -0.397258    -0.42101  0.00919472
12    -0.36779   -0.416575  0.00943767
13   -0.396575   -0.415037   0.0088362
14   -0.386852   -0.413023  0.00843127
15   -0.394508   -0.411789  0.00795902
16    -0.42934   -0.412886   0.0075368
17   -0.426245   -0.413672  0.00713431
18   -0.423975   -0.414244  0.00676088
19    -0.40959   -0.413999  0.00640948
20   -0.383815    -0.41249  0.00626417
