 1   -0.411157   -0.411157           0
 2   -0.411789   -0.411473 0.000223213
 3   -0.413266   -0.412071 0.000510252
 4   -0.414994   -0.412802 0.000739668
 5   -0.410539   -0.412349 0.000716915
 6   -0.413987   -0.412622 0.000647297
 7   -0.414888   -0.412946 0.000630582
 8   -0.417593   -0.413527 0.000774388
 9   -0.416727   -0.413882 0.000765652
10   -0.415445   -0.414038 0.000704849
11   -0.411655   -0.413822  0.00067325
12   -0.413599   -0.413803 0.000617401
13    -0.41274   -0.413721 0.000575304
14   -0.415827   -0.413872 0.000553512
15    -0.40732   -0.413435 0.000667049
16    -0.41208    -0.41335 0.000630713
17   -0.416152   -0.413515 0.000614773
18   -0.416911   -0.413704 0.000608886
19   -0.412885   -0.413661 0.000578362
20   -0.412166   -0.413586 0.000554253
