  0.00230664           0           0           0
  0.00691993           0           0           0
   0.0115332           0           0           0
   0.0161465           0           0           0
   0.0207598           0           0           0
   0.0253731           0           0           0
   0.0299864           0           0           0
   0.0345996           0           0           0
   0.0392129           0           0           0
   0.0438262           0           0           0
   0.0484395           0           0           0
   0.0530528           0           0           0
   0.0576661           0           0           0
   0.0622794           0           0           0
   0.0668926           0           0           0
   0.0715059           0           0           0
   0.0761192           0           0           0
   0.0807325           0           0           0
   0.0853458           0           0           0
   0.0899591           0           0           0
   0.0945724           0           0           0
   0.0991856           0           0           0
    0.103799           0           0           0
    0.108412           0           0           0
    0.113026           0           0           0
    0.117639           0           0           0
    0.122252           0           0           0
    0.126865           0           0           0
    0.131479           0           0           0
    0.136092           0           0           0
    0.140705           0           0           0
    0.145319           0           0           0
    0.149932           0           0           0
    0.154545           0           0           0
    0.159158           0           0           0
    0.163772           0           0           0
    0.168385           0           0           0
    0.172998           0           0           0
    0.177612           0           0           0
    0.182225           0           0           0
    0.186838           0           0           0
    0.191451           0           0           0
    0.196065           0           0           0
    0.200678           0           0           0
    0.205291           0           0           0
    0.209905           0           0           0
    0.214518           0           0           0
    0.219131           0           0           0
    0.223744           0           0           0
    0.228358           0           0           0
    0.232971           0           0           0
    0.237584           0           0           0
    0.242198           0           0           0
    0.246811           0           0           0
    0.251424           0           0           0
    0.256037           0           0           0
    0.260651           0           0           0
    0.265264           0           0           0
    0.269877           0           0           0
    0.274491           0           0           0
    0.279104           0           0           0
    0.283717           0           0           0
     0.28833           0           0           0
    0.292944           0           0           0
    0.297557           0           0           0
     0.30217           0           0           0
    0.306784           0           0           0
    0.311397           0           0           0
     0.31601           0           0           0
    0.320623           0           0           0
    0.325237           0           0           0
     0.32985           0           0           0
    0.334463           0           0           0
    0.339077           0           0           0
     0.34369           0           0           0
    0.348303           0           0           0
    0.352916           0           0           0
     0.35753           0           0           0
    0.362143           0           0           0
    0.366756           0           0           0
     0.37137           0           0           0
    0.375983           0           0           0
    0.380596           0           0           0
    0.385209           0           0           0
    0.389823           0           0           0
    0.394436           0           0           0
    0.399049           0           0           0
    0.403663           0           0           0
    0.408276           0           0           0
    0.412889           0           0           0
    0.417502           0           0           0
    0.422116           0           0           0
    0.426729           0           0           0
    0.431342           0           0           0
    0.435956           0           0           0
    0.440569           0           0           0
    0.445182           0           0           0
    0.449795           0           0           0
    0.454409           0           0           0
    0.459022           0           0           0
    0.463635           0           0           0
    0.468249           0           0           0
    0.472862           0           0           0
    0.477475           0           0           0
    0.482088           0           0           0
    0.486702           0           0           0
    0.491315           0           0           0
    0.495928           0           0           0
    0.500542           0           0           0
    0.505155           0           0           0
    0.509768           0           0           0
    0.514381           0           0           0
    0.518995           0           0           0
    0.523608           0           0           0
    0.528221           0           0           0
    0.532835           0           0           0
    0.537448           0           0           0
    0.542061           0           0           0
    0.546674           0           0           0
    0.551288           0           0           0
    0.555901           0           0           0
    0.560514           0           0           0
    0.565128           0           0           0
    0.569741           0           0           0
    0.574354           0           0           0
    0.578967           0           0           0
    0.583581           0           0           0
    0.588194           0           0           0
    0.592807           0           0           0
    0.597421           0           0           0
    0.602034           0           0           0
    0.606647           0           0           0
     0.61126           0           0           0
    0.615874           0           0           0
    0.620487           0           0           0
      0.6251           0           0           0
    0.629714           0           0           0
    0.634327           0           0           0
     0.63894           0           0           0
    0.643553           0           0           0
    0.648167           0           0           0
     0.65278           0           0           0
    0.657393           0           0           0
    0.662007           0           0           0
     0.66662           0           0           0
    0.671233           0           0           0
    0.675846           0           0           0
     0.68046           0           0           0
    0.685073           0           0           0
    0.689686           0           0           0
      0.6943           0           0           0
    0.698913           0           0           0
    0.703526           0           0           0
    0.708139           0           0           0
    0.712753           0           0           0
    0.717366           0           0           0
    0.721979           0           0           0
    0.726593           0           0           0
    0.731206           0           0           0
    0.735819           0           0           0
    0.740432           0           0           0
    0.745046           0           0           0
    0.749659           0           0           0
    0.754272           0           0           0
    0.758886           0           0           0
    0.763499           0           0           0
    0.768112           0           0           0
    0.772725           0           0           0
    0.777339           0           0           0
    0.781952           0           0           0
    0.786565           0           0           0
    0.791179           0           0           0
    0.795792           0           0           0
    0.800405           0           0           0
    0.805018           0           0           0
    0.809632           0           0           0
    0.814245           0           0           0
    0.818858           0           0           0
    0.823472           0           0           0
    0.828085           0           0           0
    0.832698           0           0           0
    0.837311           0           0           0
    0.841925           0           0           0
    0.846538           0           0           0
    0.851151           0           0           0
    0.855765           0           0           0
    0.860378           0           0           0
    0.864991           0           0           0
    0.869604           0           0           0
    0.874218           0           0           0
    0.878831           0           0           0
    0.883444           0           0           0
    0.888058           0 3.68222e-05 2.79218e-05
    0.892671           0 0.000145771 6.25923e-05
    0.897284           0 0.000171327 6.80486e-05
    0.901897 0.000535512 0.000535512 0.000134768
    0.906511  0.00300376  0.00102481 0.000161265
    0.911124  0.00192398  0.00233501 0.000151108
    0.915737  0.00346299   0.0042941 0.000255241
    0.920351  0.00822805  0.00832233  0.00030411
    0.924964   0.0168015   0.0144086 0.000551486
    0.929577   0.0221802   0.0238605 0.000843346
     0.93419   0.0449216   0.0388988 0.000910111
    0.938804   0.0588141    0.061104  0.00121454
    0.943417    0.100493   0.0953542  0.00138718
     0.94803    0.128597    0.136756  0.00201637
    0.952644    0.195032    0.195448  0.00175939
    0.957257    0.276504    0.270554  0.00311898
     0.96187    0.356407    0.364309  0.00317789
    0.966483    0.477368    0.480322  0.00385502
    0.971097    0.638978    0.626668  0.00426197
     0.97571    0.802855     0.78517  0.00310552
    0.980323    0.995656    0.971384  0.00571667
    0.984937     1.18078     1.18939  0.00572665
     0.98955     1.44545     1.42439   0.0053551
    0.994163      1.6442     1.66978  0.00706032
    0.998776     1.96615     1.94194   0.0080803
     1.00339     2.22905     2.22264  0.00709301
       1.008     2.46106     2.51594  0.00693906
     1.01262     2.80742     2.80012  0.00622464
     1.01723     3.13044     3.10913  0.00723685
     1.02184     3.33655     3.37698  0.00579529
     1.02646      3.6003     3.63756  0.00771519
     1.03107     3.90605     3.88624  0.00771287
     1.03568     4.16995     4.11797  0.00956827
      1.0403     4.31095     4.31828  0.00750891
     1.04491     4.51048     4.50721  0.00728366
     1.04952     4.67471     4.64492  0.00812021
     1.05414     4.77174     4.75031   0.0071793
     1.05875      4.8647     4.83838  0.00698446
     1.06336     4.89487     4.90985   0.0083631
     1.06798     4.92257     4.93861  0.00848991
     1.07259     4.87337      4.9272   0.0101237
      1.0772     4.92607      4.9051  0.00762249
     1.08182     4.81454     4.83704  0.00937977
     1.08643     4.70006     4.74628  0.00885052
     1.09104     4.70126     4.64774  0.00778672
     1.09566     4.46085     4.52735  0.00934013
     1.10027     4.36367     4.36901  0.00655893
     1.10488      4.2356     4.21527  0.00725113
      1.1095     4.09677     4.05152   0.0086372
     1.11411     3.83609     3.84829  0.00796529
     1.11872      3.6233     3.66747   0.0069843
     1.12334     3.50592     3.47706  0.00670241
     1.12795     3.22337     3.28153  0.00654774
     1.13256     3.05533     3.08023  0.00392835
     1.13717      2.9283      2.8861  0.00699046
     1.14179     2.69608     2.69098  0.00563155
      1.1464     2.48406     2.50825  0.00650252
     1.15101      2.3524     2.32822  0.00584042
     1.15563      2.1236     2.14841  0.00482888
     1.16024     1.94722     1.97526  0.00390607
     1.16485     1.78244     1.80849  0.00384617
     1.16947     1.66235     1.65361  0.00417594
     1.17408     1.50774     1.49962  0.00459784
     1.17869     1.35341      1.3744  0.00404489
     1.18331      1.2452      1.2434   0.0029789
     1.18792     1.14376     1.11847  0.00442493
     1.19253     1.01782     1.01431  0.00369739
     1.19715    0.930666     0.90746  0.00262648
     1.20176    0.801683    0.812597  0.00276311
     1.20637    0.722033    0.723236  0.00229574
     1.21099    0.649512    0.644067   0.0025586
      1.2156    0.575318    0.575328  0.00244613
     1.22021    0.508758    0.510636  0.00195686
     1.22483    0.439409    0.451159  0.00340212
     1.22944    0.414023    0.393625   0.0025526
     1.23405    0.359066    0.349823  0.00168177
     1.23867    0.317123    0.305289  0.00266315
     1.24328    0.272879     0.26389  0.00206307
     1.24789    0.238604    0.231737  0.00160287
     1.25251    0.214914    0.202475  0.00157739
     1.25712    0.172087    0.174002  0.00254239
     1.26173    0.156785    0.152562  0.00175918
     1.26635    0.139528    0.132112   0.0017468
     1.27096    0.110921    0.115649  0.00154043
     1.27557    0.103249   0.0997462  0.00169644
     1.28019   0.0878877   0.0863948  0.00127445
      1.2848   0.0771421   0.0743405  0.00146685
     1.28941   0.0727484   0.0676831  0.00129764
     1.29403   0.0608714   0.0577888  0.00102665
     1.29864   0.0506247   0.0529106 0.000953273
     1.30325   0.0509509   0.0489932 0.000705338
     1.30787   0.0434616   0.0444208 0.000846993
     1.31248   0.0400379   0.0414793 0.000923217
     1.31709   0.0374143   0.0397077 0.000786396
     1.32171   0.0436367   0.0398923 0.000856201
     1.32632   0.0448194   0.0414477 0.000722105
     1.33093   0.0402469    0.041087 0.000991317
     1.33555   0.0477841   0.0441575  0.00080253
     1.34016   0.0519021   0.0489068  0.00100241
     1.34477   0.0586122   0.0540115 0.000984111
     1.34939   0.0648307   0.0588221  0.00108829
       1.354   0.0639937   0.0654629   0.0010682
     1.35861   0.0737074   0.0738765 0.000890064
     1.36323   0.0892264    0.081382  0.00111898
     1.36784   0.0930491   0.0928667  0.00102916
     1.37245    0.113392    0.103205  0.00134834
     1.37707    0.127947    0.116791  0.00145932
     1.38168    0.137058    0.129532  0.00149069
     1.38629    0.149898     0.14618  0.00185391
     1.39091    0.168494    0.162126  0.00128368
     1.39552    0.191091    0.184947   0.0016444
     1.40013    0.214128    0.202744  0.00172674
     1.40475    0.226115    0.222863  0.00155317
     1.40936    0.253001    0.248037  0.00155698
     1.41397    0.276989    0.270173  0.00194725
     1.41859      0.3047    0.298272  0.00221913
      1.4232    0.327316    0.327944  0.00209687
     1.42781    0.361172    0.356447  0.00173438
     1.43243    0.391756    0.390924  0.00207111
     1.43704    0.426017    0.418758  0.00141319
     1.44165    0.449004    0.450611  0.00211419
     1.44627    0.487517    0.482366   0.0013078
     1.45088    0.509322    0.519169  0.00206825
     1.45549    0.560999    0.558357   0.0017704
      1.4601    0.581502    0.589549  0.00212895
     1.46472    0.626506    0.629561  0.00206802
     1.46933    0.660039    0.666367  0.00215046
     1.47394    0.689063    0.694624   0.0021113
     1.47856    0.736045     0.73553  0.00176443
     1.48317    0.753453    0.767288   0.0018267
     1.48778    0.797657    0.798943  0.00254789
      1.4924    0.813399    0.828061  0.00216937
     1.49701    0.858996    0.857696  0.00203287
     1.50162    0.869373    0.885806  0.00302781
     1.50624    0.912631    0.902862  0.00314249
     1.51085    0.922905    0.927584  0.00206376
     1.51546    0.916031    0.939258  0.00335092
     1.52008    0.932787    0.955987  0.00362423
     1.52469    0.951385    0.962262  0.00314397
      1.5293     0.96639    0.969935  0.00316166
     1.53392    0.965893    0.978312  0.00373202
     1.53853    0.963544    0.976616  0.00350157
     1.54314     0.95523    0.970727  0.00337758
     1.54776    0.973911    0.961018  0.00301833
     1.55237    0.966323    0.950356  0.00355923
     1.55698    0.936827    0.936357  0.00284054
      1.5616    0.917307    0.915363   0.0026938
     1.56621    0.878054    0.893491  0.00244424
     1.57082    0.849954    0.867749  0.00239633
     1.57544    0.820121    0.839227  0.00349397
     1.58005    0.819526    0.814801  0.00212829
     1.58466    0.768273     0.78006  0.00204269
     1.58928    0.765027    0.746988  0.00253438
     1.59389    0.699907    0.712827  0.00215228
      1.5985    0.676666    0.681176   0.0021464
     1.60312    0.641421    0.639896  0.00118582
     1.60773    0.624039    0.603552   0.0018806
     1.61234     0.56987    0.568904  0.00234216
     1.61696    0.541854    0.536304  0.00154775
     1.62157    0.498576    0.495859  0.00185988
     1.62618    0.451057    0.463491  0.00159789
      1.6308    0.427053    0.432239  0.00154599
     1.63541    0.402443    0.398922  0.00134289
     1.64002     0.36601    0.367937  0.00129052
     1.64464    0.330892    0.339961  0.00151742
     1.64925     0.31826    0.314107  0.00152653
     1.65386    0.303588    0.288878  0.00204099
     1.65848    0.265371    0.267984  0.00124551
     1.66309     0.23886    0.246233 0.000988671
      1.6677    0.236183    0.231354  0.00145817
     1.67232    0.225432    0.218338  0.00142782
     1.67693    0.204986    0.205069  0.00178245
     1.68154    0.195236    0.196122  0.00193987
     1.68616    0.199531    0.192473  0.00135967
     1.69077     0.18341    0.185411  0.00163997
     1.69538    0.188424    0.185679  0.00142898
         1.7    0.195844    0.191447  0.00162933
     1.70461    0.201831    0.200999  0.00200344
     1.70922    0.217144    0.211568  0.00212713
     1.71384    0.238074    0.228397  0.00192646
     1.71845    0.249581    0.249185  0.00210067
     1.72306     0.27622     0.27503  0.00204921
     1.72768    0.313761    0.304467  0.00264664
     1.73229     0.34393    0.338982  0.00254717
      1.7369    0.382967    0.382445  0.00222588
     1.74152    0.426039    0.421544  0.00242237
     1.74613    0.485081    0.477309  0.00241719
     1.75074    0.546432    0.535383   0.0033531
     1.75536    0.614248     0.59833    0.002461
     1.75997      0.6858    0.669349  0.00276729
     1.76458    0.751887    0.737118  0.00267045
      1.7692    0.827481    0.822378  0.00251538
     1.77381    0.916308    0.906114  0.00354885
     1.77842     1.00301    0.997278  0.00274754
     1.78303     1.09186     1.09318  0.00251833
     1.78765     1.19515     1.19255  0.00178606
     1.79226     1.29821     1.29671  0.00264827
     1.79687     1.41378     1.40093  0.00206097
     1.80149     1.50171     1.51273  0.00277644
      1.8061     1.59229     1.61507  0.00285506
     1.81071     1.73817     1.72631  0.00239564
     1.81533     1.83848     1.83393  0.00369816
     1.81994      1.9435     1.94524  0.00303797
     1.82455     2.02397     2.03858  0.00348294
     1.82917     2.15143     2.14973  0.00402817
     1.83378     2.22007     2.23955  0.00290831
     1.83839     2.32386     2.33008  0.00372286
     1.84301     2.40693     2.41107  0.00415249
     1.84762     2.47051     2.48462  0.00394893
     1.85223     2.53232     2.55378  0.00327782
     1.85685     2.59699     2.61317  0.00512072
     1.86146     2.63744     2.65831  0.00479385
     1.86607     2.66294     2.69451  0.00407785
     1.87069     2.71194     2.71892  0.00578552
      1.8753     2.73891      2.7249   0.0053971
     1.87991     2.73053     2.73228  0.00460065
     1.88453     2.72442     2.71827  0.00445859
     1.88914     2.69327     2.69137  0.00491579
     1.89375     2.66599     2.66772   0.0046751
     1.89837     2.62271     2.62382  0.00456711
     1.90298     2.56667     2.57037  0.00399308
     1.90759     2.51433     2.50653  0.00563832
     1.91221     2.43431     2.43738  0.00462979
     1.91682     2.36107     2.35997  0.00345547
     1.92143      2.2672     2.27872  0.00329647
     1.92605     2.18883     2.18999  0.00363586
     1.93066     2.10846     2.09796  0.00237093
     1.93527     2.00828     1.99559  0.00434292
     1.93989      1.8877     1.89782  0.00329399
      1.9445      1.7897     1.79329  0.00297511
     1.94911     1.68645     1.68976  0.00210962
     1.95373     1.59686     1.58692  0.00195632
     1.95834     1.48849     1.48671  0.00180882
     1.96295     1.38262     1.38283   0.0022116
     1.96757     1.28343     1.29201  0.00191094
     1.97218     1.19952     1.19418  0.00186485
     1.97679     1.10602     1.10853  0.00231947
     1.98141     1.01059     1.02343  0.00211038
     1.98602    0.941481    0.939173  0.00257642
     1.99063    0.874501    0.861871   0.0024636
     1.99525    0.812434    0.795742   0.0025003
     1.99986    0.728129    0.732146  0.00248013
     2.00447    0.694679    0.674084   0.0032811
     2.00909    0.627714    0.620582  0.00250847
      2.0137    0.562572    0.570909  0.00214171
     2.01831    0.532093     0.53589  0.00286705
     2.02293    0.505542    0.500067  0.00247102
     2.02754    0.473045    0.472702   0.0025969
     2.03215    0.463762    0.451762  0.00259552
     2.03677    0.437653    0.437464   0.0031621
     2.04138    0.432785    0.428886  0.00233287
     2.04599    0.429275     0.42228  0.00218473
     2.05061     0.43546     0.42145  0.00221669
     2.05522    0.440245     0.42827  0.00222216
     2.05983    0.442656    0.439636  0.00205769
     2.06445    0.463914    0.454975  0.00195984
     2.06906    0.477484    0.474255  0.00191353
     2.07367     0.49991    0.497443  0.00212385
     2.07829    0.523846    0.520031  0.00228962
      2.0829    0.560318    0.550585  0.00170753
     2.08751    0.594829    0.583395  0.00178276
     2.09213    0.610222    0.617148  0.00198951
     2.09674    0.654471    0.649928  0.00166525
     2.10135    0.694052    0.687494  0.00146717
     2.10596     0.71678    0.722326  0.00170049
     2.11058     0.75459    0.757506  0.00201111
     2.11519    0.791058    0.792777  0.00148749
      2.1198    0.828623    0.828207  0.00135309
     2.12442    0.868815    0.859699  0.00188625
     2.12903    0.883761    0.891954  0.00186392
     2.13364    0.914039    0.923751  0.00158497
     2.13826    0.938141    0.948392  0.00248899
     2.14287    0.954154    0.969652  0.00190579
     2.14748    0.976915    0.990573   0.0021145
      2.1521      1.0033     1.00814  0.00269971
     2.15671     1.00869     1.02075  0.00247768
     2.16132      1.0382     1.02868  0.00183004
     2.16594     1.02394     1.03599  0.00241852
     2.17055      1.0106      1.0316  0.00250732
     2.17516     1.03387      1.0342  0.00249638
     2.17978     1.03989     1.02794  0.00254622
     2.18439     1.01195     1.01847  0.00214873
       2.189     1.00357     1.00711  0.00229037
     2.19362    0.986287    0.987743  0.00173645
     2.19823     0.96878    0.966701  0.00216729
     2.20284    0.916881    0.908471  0.00191486
     2.20746    0.880394    0.883096  0.00167443
     2.21207    0.867171    0.860536  0.00224306
     2.21668    0.832184    0.836058  0.00151571
      2.2213    0.804689    0.810037  0.00117214
     2.22591    0.785971    0.781142   0.0015525
     2.23052    0.750533    0.756135   0.0015181
     2.23514    0.734098    0.727207  0.00188578
     2.23975    0.696228    0.698899  0.00131667
     2.24436    0.677399    0.675843  0.00176034
     2.24898    0.650997     0.65316   0.0016106
     2.25359    0.627149    0.630791   0.0018396
      2.2582    0.605227     0.60915    0.002081
     2.26282    0.590852    0.593467  0.00162633
     2.26743    0.579498    0.577389  0.00208687
     2.27204    0.583419     0.56789  0.00238135
     2.27666    0.569095    0.558722  0.00202088
     2.28127    0.565233    0.555069  0.00235484
     2.28588    0.551367    0.555107   0.0024402
      2.2905    0.569877    0.558029   0.0025202
     2.29511    0.574232    0.566325  0.00229363
     2.29972    0.592466     0.57779  0.00304935
     2.30434    0.602237    0.595385  0.00262161
