  0.00230664           0           0           0
  0.00691993           0           0           0
   0.0115332           0           0           0
   0.0161465           0           0           0
   0.0207598           0           0           0
   0.0253731           0           0           0
   0.0299864           0           0           0
   0.0345996           0           0           0
   0.0392129           0           0           0
   0.0438262           0           0           0
   0.0484395           0           0           0
   0.0530528           0           0           0
   0.0576661           0           0           0
   0.0622794           0           0           0
   0.0668926           0           0           0
   0.0715059           0           0           0
   0.0761192           0           0           0
   0.0807325           0           0           0
   0.0853458           0           0           0
   0.0899591           0           0           0
   0.0945724           0           0           0
   0.0991856           0           0           0
    0.103799           0           0           0
    0.108412           0           0           0
    0.113026           0           0           0
    0.117639           0           0           0
    0.122252           0           0           0
    0.126865           0           0           0
    0.131479           0           0           0
    0.136092           0           0           0
    0.140705           0           0           0
    0.145319           0           0           0
    0.149932           0           0           0
    0.154545           0           0           0
    0.159158           0           0           0
    0.163772           0           0           0
    0.168385           0           0           0
    0.172998           0           0           0
    0.177612           0           0           0
    0.182225           0           0           0
    0.186838           0           0           0
    0.191451           0           0           0
    0.196065           0           0           0
    0.200678           0           0           0
    0.205291           0           0           0
    0.209905           0           0           0
    0.214518           0           0           0
    0.219131           0           0           0
    0.223744           0           0           0
    0.228358           0           0           0
    0.232971           0           0           0
    0.237584           0           0           0
    0.242198           0           0           0
    0.246811           0           0           0
    0.251424           0           0           0
    0.256037           0           0           0
    0.260651           0           0           0
    0.265264           0           0           0
    0.269877           0           0           0
    0.274491           0           0           0
    0.279104           0           0           0
    0.283717           0           0           0
     0.28833           0           0           0
    0.292944           0           0           0
    0.297557           0           0           0
     0.30217           0           0           0
    0.306784           0           0           0
    0.311397           0           0           0
     0.31601           0           0           0
    0.320623           0           0           0
    0.325237           0           0           0
     0.32985           0           0           0
    0.334463           0           0           0
    0.339077           0           0           0
     0.34369           0           0           0
    0.348303           0           0           0
    0.352916           0           0           0
     0.35753           0           0           0
    0.362143           0           0           0
    0.366756           0           0           0
     0.37137           0           0           0
    0.375983           0           0           0
    0.380596           0           0           0
    0.385209           0           0           0
    0.389823           0           0           0
    0.394436           0           0           0
    0.399049           0           0           0
    0.403663           0           0           0
    0.408276           0           0           0
    0.412889           0           0           0
    0.417502           0           0           0
    0.422116           0           0           0
    0.426729           0           0           0
    0.431342           0           0           0
    0.435956           0           0           0
    0.440569           0           0           0
    0.445182           0           0           0
    0.449795           0           0           0
    0.454409           0           0           0
    0.459022           0           0           0
    0.463635           0           0           0
    0.468249           0           0           0
    0.472862           0           0           0
    0.477475           0           0           0
    0.482088           0           0           0
    0.486702           0           0           0
    0.491315           0           0           0
    0.495928           0           0           0
    0.500542           0           0           0
    0.505155           0           0           0
    0.509768           0           0           0
    0.514381           0           0           0
    0.518995           0           0           0
    0.523608           0           0           0
    0.528221           0           0           0
    0.532835           0           0           0
    0.537448           0           0           0
    0.542061           0           0           0
    0.546674           0           0           0
    0.551288           0           0           0
    0.555901           0           0           0
    0.560514           0           0           0
    0.565128           0           0           0
    0.569741           0           0           0
    0.574354           0           0           0
    0.578967           0           0           0
    0.583581           0           0           0
    0.588194           0           0           0
    0.592807           0           0           0
    0.597421           0           0           0
    0.602034           0           0           0
    0.606647           0           0           0
     0.61126           0           0           0
    0.615874           0           0           0
    0.620487           0           0           0
      0.6251           0           0           0
    0.629714           0           0           0
    0.634327           0           0           0
     0.63894           0           0           0
    0.643553           0           0           0
    0.648167           0           0           0
     0.65278           0           0           0
    0.657393           0           0           0
    0.662007           0           0           0
     0.66662           0           0           0
    0.671233           0           0           0
    0.675846           0           0           0
     0.68046           0           0           0
    0.685073           0           0           0
    0.689686           0           0           0
      0.6943           0           0           0
    0.698913           0           0           0
    0.703526           0           0           0
    0.708139           0           0           0
    0.712753           0           0           0
    0.717366           0           0           0
    0.721979           0           0           0
    0.726593           0           0           0
    0.731206           0           0           0
    0.735819           0           0           0
    0.740432           0           0           0
    0.745046           0           0           0
    0.749659           0           0           0
    0.754272           0           0           0
    0.758886           0           0           0
    0.763499           0           0           0
    0.768112           0           0           0
    0.772725           0           0           0
    0.777339           0           0           0
    0.781952           0           0           0
    0.786565           0           0           0
    0.791179           0           0           0
    0.795792           0           0           0
    0.800405           0           0           0
    0.805018           0           0           0
    0.809632           0           0           0
    0.814245           0           0           0
    0.818858           0           0           0
    0.823472           0           0           0
    0.828085           0           0           0
    0.832698           0           0           0
    0.837311           0           0           0
    0.841925           0           0           0
    0.846538           0           0           0
    0.851151           0           0           0
    0.855765           0           0           0
    0.860378           0           0           0
    0.864991           0           0           0
    0.869604           0           0           0
    0.874218           0           0           0
    0.878831           0           0           0
    0.883444           0           0           0
    0.888058           0 0.000156495 0.000152532
    0.892671           0 9.11066e-05 8.87997e-05
    0.897284           0 0.000171327 0.000123292
    0.901897           0  0.00085682 0.000321951
    0.906511           0  0.00108666 0.000302777
    0.911124           0  0.00218634 0.000653916
    0.915737  0.00380928  0.00455383 0.000887979
    0.920351  0.00668529  0.00850232  0.00112167
    0.924964   0.0142558   0.0136618   0.0013197
    0.929577   0.0144507   0.0228103  0.00156639
     0.93419   0.0465854   0.0416606  0.00252233
    0.938804   0.0626032   0.0643165  0.00286906
    0.943417   0.0858106    0.102981  0.00409926
     0.94803    0.163008    0.146538  0.00384785
    0.952644    0.212311    0.208575  0.00608919
    0.957257    0.289339    0.281963  0.00727987
     0.96187    0.368021    0.375789  0.00628961
    0.966483    0.504105    0.490433  0.00633964
    0.971097    0.595712    0.644752  0.00967316
     0.97571    0.840069    0.822903  0.00806392
    0.980323     1.03237    0.994531  0.00945783
    0.984937     1.25801     1.23228   0.0124529
     0.98955     1.51499     1.49371   0.0131537
    0.994163     1.75688     1.73404   0.0134592
    0.998776     2.01142     2.01152   0.0104055
     1.00339      2.3812     2.26883   0.0156476
       1.008     2.60625     2.55467   0.0193618
     1.01262     2.81592     2.85623   0.0185409
     1.01723       3.115     3.16979   0.0201793
     1.02184     3.42262     3.42429   0.0201873
     1.02646     3.67926     3.65073   0.0213248
     1.03107     3.92599     3.91907   0.0349849
     1.03568     4.25644     4.14869   0.0211166
      1.0403     4.30411     4.30331   0.0219429
     1.04491     4.41739     4.48843   0.0207987
     1.04952     4.63727      4.6539   0.0240554
     1.05414     4.72757      4.7565    0.017826
     1.05875     4.80032     4.79465   0.0169796
     1.06336     4.81102     4.83502   0.0218262
     1.06798     5.03638     4.88795   0.0266245
     1.07259     4.90631     4.85987   0.0254317
      1.0772     4.76415     4.83053   0.0196577
     1.08182     4.67087     4.76056   0.0304527
     1.08643      4.6228     4.70337   0.0414145
     1.09104     4.52073      4.6006   0.0259013
     1.09566     4.44137      4.4526   0.0236013
     1.10027     4.15125     4.27213   0.0269335
     1.10488     4.07705     4.13047   0.0205601
      1.1095      3.9971     3.94359   0.0255449
     1.11411     3.83504     3.76809   0.0192833
     1.11872     3.67829     3.58718   0.0180892
     1.12334     3.57703     3.42344   0.0198727
     1.12795     3.32711     3.22349   0.0223627
     1.13256     3.08985     3.04138   0.0148257
     1.13717     2.82815     2.84775   0.0172425
     1.14179     2.50485     2.65069   0.0178858
      1.1464     2.29536     2.49032   0.0187894
     1.15101     2.17025     2.32864   0.0183178
     1.15563     2.05717     2.12762   0.0150105
     1.16024     1.89081     1.98157   0.0143142
     1.16485      1.7512     1.81962    0.012049
     1.16947     1.65046     1.66545   0.0101362
     1.17408     1.56273      1.5189   0.0127448
     1.17869     1.39898     1.38856   0.0120306
     1.18331     1.31436      1.2744   0.0116978
     1.18792     1.21857     1.16084   0.0102848
     1.19253     1.04896     1.03026   0.0070866
     1.19715    0.864204    0.926076   0.0084807
     1.20176    0.802287    0.834785  0.00804186
     1.20637    0.746876    0.744457  0.00475748
     1.21099    0.671691    0.669908  0.00716162
      1.2156    0.630344    0.603735  0.00617347
     1.22021    0.582971    0.538331  0.00677531
     1.22483    0.523613    0.475259  0.00550345
     1.22944    0.460805    0.410738   0.0056336
     1.23405    0.394249    0.362551  0.00490417
     1.23867    0.305388    0.322801  0.00547394
     1.24328    0.278609    0.284415  0.00341814
     1.24789    0.239164    0.247695  0.00387176
     1.25251    0.226761    0.215664  0.00487863
     1.25712    0.184306    0.188464  0.00441885
     1.26173    0.172472    0.163579  0.00362509
     1.26635    0.161077    0.145943  0.00410665
     1.27096    0.147146    0.123941  0.00383328
     1.27557   0.0983407    0.109826  0.00395354
     1.28019   0.0985192   0.0965037  0.00353889
      1.2848   0.0920075   0.0856567  0.00329622
     1.28941   0.0710018   0.0763334  0.00334097
     1.29403   0.0737047   0.0655452  0.00273534
     1.29864   0.0744735   0.0573833  0.00310863
     1.30325    0.060611   0.0518955  0.00268378
     1.30787   0.0509316   0.0490768  0.00189591
     1.31248   0.0520071   0.0474386  0.00154934
     1.31709   0.0629431   0.0483833  0.00219169
     1.32171    0.058681    0.047884  0.00224564
     1.32632   0.0451496   0.0460782  0.00210003
     1.33093   0.0587719   0.0495995  0.00189557
     1.33555   0.0737519    0.051952  0.00275721
     1.34016   0.0788233   0.0567366  0.00254054
     1.34477   0.0806921   0.0603665  0.00258821
     1.34939   0.0947342   0.0622232  0.00276866
       1.354    0.105336    0.074262  0.00301644
     1.35861   0.0975424   0.0809798  0.00243729
     1.36323    0.099696   0.0858433  0.00318941
     1.36784    0.106242     0.10022  0.00338214
     1.37245    0.119713    0.109356  0.00281878
     1.37707    0.140734    0.119727  0.00301707
     1.38168    0.144816    0.136168  0.00331666
     1.38629    0.165235    0.152138  0.00434813
     1.39091    0.175924    0.174449  0.00473219
     1.39552    0.203095    0.191415  0.00448771
     1.40013    0.241014    0.212039  0.00475891
     1.40475    0.242818    0.236111  0.00315532
     1.40936    0.260311    0.251831  0.00377671
     1.41397    0.281419    0.274341  0.00362064
     1.41859    0.335582    0.302323  0.00447703
      1.4232    0.335202    0.329937   0.0046693
     1.42781     0.37036    0.363452  0.00504307
     1.43243    0.380787    0.389647  0.00503411
     1.43704    0.427634    0.431477  0.00612828
     1.44165    0.442856    0.462138  0.00572921
     1.44627    0.502719    0.491314  0.00498742
     1.45088    0.526704    0.535257  0.00527878
     1.45549    0.549005    0.562939  0.00474246
      1.4601     0.59308    0.597994  0.00423216
     1.46472    0.671377    0.633856  0.00544402
     1.46933    0.667639    0.664192  0.00636592
     1.47394    0.682781    0.697896  0.00664272
     1.47856    0.678128    0.737513  0.00699471
     1.48317    0.714378    0.762965   0.0065939
     1.48778    0.774436    0.787598  0.00797638
      1.4924    0.796906    0.810166  0.00615224
     1.49701    0.822065    0.841677  0.00877151
     1.50162    0.843616     0.86342  0.00877756
     1.50624    0.851512    0.886491  0.00961325
     1.51085     0.84721    0.906672  0.00976364
     1.51546    0.864884     0.91574  0.00788183
     1.52008    0.877614     0.92918  0.00758792
     1.52469    0.902292    0.937522  0.00903836
      1.5293    0.898781    0.955888  0.00706947
     1.53392    0.894987    0.954578  0.00780193
     1.53853    0.916373    0.939952  0.00845405
     1.54314    0.885841    0.938978   0.0101833
     1.54776    0.909723    0.937828  0.00849009
     1.55237    0.902576    0.940978  0.00617726
     1.55698    0.918319    0.915171  0.00622849
      1.5616    0.898432    0.888519  0.00528407
     1.56621    0.869116    0.872404  0.00713992
     1.57082    0.871845    0.857213  0.00673868
     1.57544    0.832699    0.823409  0.00751446
     1.58005    0.831333    0.810893  0.00758012
     1.58466    0.804123    0.787667  0.00804825
     1.58928    0.791183     0.75338  0.00795986
     1.59389    0.774779    0.715073    0.009179
      1.5985    0.720308    0.684906  0.00711389
     1.60312    0.648822    0.647882  0.00708183
     1.60773    0.652913    0.612094  0.00584414
     1.61234    0.610308    0.574928  0.00502422
     1.61696    0.532913    0.535562  0.00439196
     1.62157    0.529554     0.50555  0.00523768
     1.62618    0.472416    0.469684  0.00383407
      1.6308    0.435024    0.444613  0.00463795
     1.63541    0.442508     0.41447  0.00541529
     1.64002    0.405958    0.380051  0.00317872
     1.64464    0.356176    0.351127  0.00410799
     1.64925    0.358777    0.323964  0.00406458
     1.65386    0.322061    0.305539  0.00403664
     1.65848    0.306547    0.277117  0.00401982
     1.66309    0.292774    0.261552  0.00467556
      1.6677    0.251166    0.238973  0.00490181
     1.67232    0.233064    0.228104  0.00376414
     1.67693    0.212628    0.216991   0.0041342
     1.68154    0.210025    0.207837  0.00354854
     1.68616    0.215006    0.202215  0.00406156
     1.69077    0.222062     0.20382  0.00413283
     1.69538    0.217269    0.205211  0.00387821
         1.7    0.243172    0.215875  0.00503724
     1.70461    0.233112    0.218538  0.00376787
     1.70922    0.236677    0.230459  0.00412693
     1.71384    0.263137    0.243361  0.00396685
     1.71845    0.290784    0.269273  0.00460935
     1.72306    0.289083    0.295986  0.00550205
     1.72768    0.342461     0.32958  0.00548568
     1.73229    0.391107    0.366633  0.00624254
      1.7369    0.439712    0.408413  0.00626143
     1.74152    0.481766    0.453318  0.00532378
     1.74613    0.523941    0.507059  0.00661072
     1.75074    0.599299    0.564964  0.00705501
     1.75536    0.676309    0.629931  0.00815415
     1.75997    0.748614    0.691057  0.00856168
     1.76458    0.863056    0.776778  0.00935252
      1.7692    0.917985    0.850169  0.00861567
     1.77381    0.983776    0.931869  0.00801393
     1.77842     1.02775     1.01294  0.00763811
     1.78303     1.09698     1.11313  0.00623423
     1.78765     1.24181     1.21471  0.00560256
     1.79226     1.35426     1.31888  0.00771502
     1.79687     1.38738     1.41714  0.00791484
     1.80149     1.47688     1.52077  0.00883595
      1.8061     1.57248     1.61996  0.00967922
     1.81071     1.70867     1.73497  0.00772202
     1.81533     1.82077     1.84384  0.00676956
     1.81994     1.91435     1.94966     0.01097
     1.82455     2.00701     2.03553   0.0106336
     1.82917     2.08786     2.13292  0.00855298
     1.83378     2.19891      2.2202   0.0122202
     1.83839     2.19223      2.2925   0.0101436
     1.84301     2.32255     2.37469  0.00850383
     1.84762     2.47119     2.44016   0.0101383
     1.85223     2.46266     2.50885   0.0093971
     1.85685     2.58474     2.57413   0.0119377
     1.86146     2.66124     2.59736   0.0116153
     1.86607     2.66594     2.63092   0.0121656
     1.87069     2.66144     2.66853   0.0122003
      1.8753     2.61145      2.6653   0.0176652
     1.87991     2.54898     2.66947   0.0223164
     1.88453     2.57351      2.6754   0.0246815
     1.88914     2.54159     2.64143   0.0173024
     1.89375     2.54226     2.60762   0.0169016
     1.89837     2.51691     2.56857   0.0151317
     1.90298     2.52168     2.52801   0.0134025
     1.90759      2.4283     2.46549   0.0138389
     1.91221     2.31994     2.38541     0.01227
     1.91682     2.28073     2.32373   0.0118934
     1.92143     2.24757     2.26264   0.0115104
     1.92605      2.1729     2.15816   0.0131289
     1.93066     2.01065     2.05039   0.0123687
     1.93527     1.91605     1.95669  0.00960827
     1.93989     1.80104     1.85324   0.0088591
      1.9445     1.69811     1.76124  0.00938133
     1.94911      1.6037     1.66742  0.00895227
     1.95373      1.5581     1.58444  0.00882232
     1.95834     1.48326     1.48008  0.00595676
     1.96295     1.36928     1.38463  0.00645211
     1.96757     1.27233     1.30029  0.00901692
     1.97218     1.23271     1.21236  0.00759299
     1.97679     1.16205     1.12232  0.00680863
     1.98141     1.03201     1.03869  0.00557432
     1.98602    0.975864    0.959562  0.00562026
     1.99063    0.895094    0.885199  0.00553862
     1.99525    0.843654    0.824504  0.00732006
     1.99986    0.787234     0.75833  0.00667483
     2.00447    0.713796    0.698032  0.00687882
     2.00909     0.64275     0.64466  0.00759237
      2.0137    0.621332    0.606253  0.00632965
     2.01831    0.569591     0.56899  0.00615889
     2.02293    0.550213     0.53449  0.00582288
     2.02754    0.541037    0.512793   0.0054341
     2.03215    0.528844    0.484929  0.00551438
     2.03677      0.4988      0.4747  0.00606303
     2.04138    0.474458    0.466583  0.00659226
     2.04599    0.500624    0.457187   0.0062115
     2.05061     0.52075    0.455201  0.00620093
     2.05522    0.501089    0.456886   0.0060296
     2.05983     0.48225    0.466025  0.00489067
     2.06445    0.496075    0.483279  0.00512001
     2.06906    0.538297    0.499367  0.00510101
     2.07367    0.549647    0.520615  0.00504088
     2.07829    0.560825    0.550639  0.00627684
      2.0829    0.576114    0.574754  0.00500388
     2.08751    0.623951    0.605901  0.00478498
     2.09213    0.623856    0.632013  0.00464432
     2.09674    0.674618    0.664565   0.0054715
     2.10135    0.739036    0.702756  0.00571281
     2.10596    0.775972    0.734973  0.00512256
     2.11058    0.797617     0.77065  0.00504538
     2.11519    0.827276    0.797932  0.00519797
      2.1198    0.857963    0.822337  0.00476893
     2.12442    0.853018    0.853977  0.00492764
     2.12903    0.887926    0.887429  0.00602202
     2.13364    0.903801    0.913204   0.0060926
     2.13826     0.91191    0.937084  0.00386717
     2.14287    0.948241    0.955048  0.00439282
     2.14748    0.982394     0.96562   0.0053759
      2.1521    0.958154    0.980986  0.00660016
     2.15671    0.984401    0.994012  0.00573576
     2.16132     1.00414     1.00181  0.00523518
     2.16594     1.00742     1.00923  0.00726364
     2.17055     1.03907     1.01438  0.00860868
     2.17516     1.01435     1.01686    0.010374
     2.17978    0.983082    0.999651  0.00721735
     2.18439    0.944488    0.978597   0.0060464
       2.189      1.0023    0.968658  0.00520281
     2.19362     0.96788    0.947405  0.00607234
     2.19823    0.924579    0.927145  0.00612341
     2.20284    0.911704    0.909574  0.00426007
     2.20746    0.872081    0.878767  0.00505022
     2.21207    0.872127    0.856514   0.0055632
     2.21668    0.826451    0.830759  0.00655285
      2.2213    0.809397    0.800146  0.00492863
     2.22591    0.772198    0.786701  0.00583359
     2.23052    0.738655     0.75515  0.00457457
     2.23514    0.712678    0.735159  0.00412899
     2.23975    0.703116    0.711814  0.00588096
     2.24436    0.710289    0.690327  0.00494793
     2.24898    0.703101    0.663361  0.00498457
     2.25359    0.665946    0.646331  0.00460176
      2.2582     0.62812    0.624648  0.00473976
     2.26282    0.619975    0.613257   0.0047807
     2.26743    0.622623     0.60108   0.0051576
     2.27204    0.594811    0.590291  0.00430997
     2.27666    0.590302    0.582358  0.00533255
     2.28127     0.58468    0.582765  0.00634866
     2.28588    0.590937     0.58795  0.00541455
      2.2905    0.578374    0.590142  0.00471637
     2.29511    0.617812    0.595858  0.00554587
     2.29972    0.631067    0.600987  0.00483395
     2.30434    0.635981    0.616232  0.00369472
