   0.0064633           0           0           0
   0.0193899           0           0           0
   0.0323165           0           0           0
   0.0452431           0           0           0
   0.0581697           0           0           0
   0.0710963           0           0           0
    0.084023           0           0           0
   0.0969496           0           0           0
    0.109876           0           0           0
    0.122803           0           0           0
    0.135729           0           0           0
    0.148656           0           0           0
    0.161583           0           0           0
    0.174509           0           0           0
    0.187436           0           0           0
    0.200362           0           0           0
    0.213289           0           0           0
    0.226216           0           0           0
    0.239142           0           0           0
    0.252069           0           0           0
    0.264995           0           0           0
    0.277922           0           0           0
    0.290849           0           0           0
    0.303775           0           0           0
    0.316702           0           0           0
    0.329629           0           0           0
    0.342555           0           0           0
    0.355482           0           0           0
    0.368408           0           0           0
    0.381335           0           0           0
    0.394262           0           0           0
    0.407188           0           0           0
    0.420115           0           0           0
    0.433041           0           0           0
    0.445968           0           0           0
    0.458895           0           0           0
    0.471821           0           0           0
    0.484748           0           0           0
    0.497674           0           0           0
    0.510601           0           0           0
    0.523528           0           0           0
    0.536454           0           0           0
    0.549381           0           0           0
    0.562307           0           0           0
    0.575234           0           0           0
    0.588161           0           0           0
    0.601087           0           0           0
    0.614014           0           0           0
     0.62694           0           0           0
    0.639867           0           0           0
    0.652794           0           0           0
     0.66572           0           0           0
    0.678647           0           0           0
    0.691574           0           0           0
      0.7045           0           0           0
    0.717427           0           0           0
    0.730353           0           0           0
     0.74328           0           0           0
    0.756207           0           0           0
    0.769133           0           0           0
     0.78206           0           0           0
    0.794986           0           0           0
    0.807913           0           0           0
     0.82084           0           0           0
    0.833766           0           0           0
    0.846693           0           0           0
    0.859619           0           0           0
    0.872546           0           0           0
    0.885473           0 0.000726982 0.000218095
    0.898399  0.00423728   0.0033192 0.000438478
    0.911326   0.0109811   0.0139323  0.00105557
    0.924252   0.0293593   0.0428379  0.00190116
    0.937179    0.124604    0.100916  0.00264075
    0.950106    0.178066    0.190442  0.00336575
    0.963032    0.295009    0.342456  0.00524497
    0.975959    0.546964    0.569584  0.00913615
    0.988886    0.761249    0.806423  0.00663153
     1.00181     1.03024     1.04853  0.00783507
     1.01474     1.29866     1.29041   0.0109777
     1.02767     1.59759     1.54696   0.0183811
     1.04059     1.73817     1.74407   0.0195643
     1.05352     1.91558     1.94717   0.0148358
     1.06645     2.04484     2.03953   0.0145796
     1.07937     1.99811     2.12366   0.0171249
      1.0923     2.22533     2.21658   0.0190345
     1.10522     2.17264     2.26541   0.0182315
     1.11815     2.26038     2.30616    0.015044
     1.13108     2.31594     2.28021   0.0136902
       1.144     2.37366     2.22688   0.0205861
     1.15693     2.23233     2.22859   0.0175644
     1.16986     2.16995     2.19148    0.011397
     1.18278     2.14722     2.14025   0.0220124
     1.19571     2.06038     2.10049   0.0176305
     1.20864     1.97987     2.03586   0.0160265
     1.22156     1.96645     1.99285   0.0170651
     1.23449     1.83647     1.90765   0.0164288
     1.24742      1.8748     1.92392  0.00928988
     1.26034     1.79204     1.84271   0.0130678
     1.27327     1.72138     1.79086   0.0128575
      1.2862     1.76758     1.73568   0.0137274
     1.29912     1.69611     1.68405   0.0143575
     1.31205     1.73768     1.66365   0.0114067
     1.32498     1.61433     1.61216   0.0134885
      1.3379      1.6336     1.58026  0.00793293
     1.35083     1.53814     1.54285  0.00953768
     1.36376     1.52015     1.50053   0.0100242
     1.37668     1.42497     1.46593   0.0121044
     1.38961     1.45053     1.45419  0.00766019
     1.40254     1.39262     1.40262  0.00740274
     1.41546     1.36275     1.38881   0.0111692
     1.42839     1.34099     1.37111   0.0102032
     1.44132      1.3379     1.36065   0.0104957
     1.45424     1.29589     1.33754  0.00863946
     1.46717     1.28799     1.32625   0.0100845
      1.4801     1.28744     1.29398  0.00893666
     1.49302      1.2453      1.2743  0.00609018
     1.50595     1.30143     1.26413  0.00853052
     1.51888     1.27641     1.25879  0.00817424
      1.5318     1.18402     1.22986  0.00707713
     1.54473     1.23882     1.21877  0.00802943
     1.55766     1.21458     1.20211  0.00837029
     1.57058     1.27416     1.19083  0.00692948
     1.58351      1.1366     1.19668   0.0069237
     1.59644     1.17418     1.16416   0.0064714
     1.60936     1.18357     1.15724  0.00976146
     1.62229     1.14789      1.1528  0.00801274
     1.63522     1.20911     1.14614  0.00665444
     1.64814     1.17259     1.14779  0.00555345
     1.66107     1.17342     1.14638  0.00546833
       1.674     1.12892     1.13216  0.00726052
     1.68692     1.12411     1.11796  0.00687549
     1.69985     1.14298     1.12542  0.00581629
     1.71278     1.06089     1.10906  0.00547461
      1.7257     1.08143     1.10085  0.00756483
     1.73863     1.06993     1.09116  0.00637765
     1.75156     1.13409     1.09377  0.00694873
     1.76448     1.05419     1.09695   0.0068604
     1.77741     1.10134     1.08528   0.0054345
     1.79034     1.12497     1.08439  0.00638213
     1.80326     1.09207     1.07354  0.00543045
     1.81619     1.08626     1.08608  0.00638884
     1.82912     1.04404     1.07331  0.00451469
     1.84204     1.06606      1.0835  0.00408755
     1.85497     1.07179     1.06368  0.00688565
     1.86789     1.12236     1.07897  0.00649538
     1.88082     1.06445     1.06493  0.00570477
     1.89375     1.08652     1.06586  0.00492435
     1.90667     1.05929      1.0685   0.0040888
      1.9196     1.05838     1.06006  0.00655629
     1.93253     1.04366     1.05552  0.00546334
     1.94545     1.06206     1.07191  0.00467845
     1.95838      1.0582     1.05549  0.00574888
     1.97131      1.0646     1.06194  0.00488676
     1.98423     1.06612     1.06411  0.00474635
     1.99716      1.0598     1.04918  0.00428036
     2.01009     1.06512     1.06416  0.00673549
     2.02301     1.03595     1.05485  0.00646554
     2.03594     1.05804     1.05445  0.00364056
     2.04887     1.01377     1.06549  0.00523834
     2.06179     1.03838     1.05736  0.00614391
     2.07472     1.05196     1.04925  0.00431269
     2.08765     1.05441     1.05323  0.00510371
     2.10057     1.06266     1.05495  0.00527797
      2.1135      1.0645     1.05385  0.00522657
     2.12643     1.04681      1.0493  0.00491746
     2.13935     1.10494     1.05904  0.00509246
     2.15228     1.01861      1.0557  0.00539202
     2.16521     1.03007     1.05762   0.0045458
     2.17813     1.08276     1.05019  0.00510083
     2.19106     1.04794     1.04363  0.00306503
     2.20399      1.0392     1.03776  0.00460539
     2.21691     1.05542     1.05659  0.00543219
     2.22984      1.0705     1.04535  0.00404314
     2.24277     1.04573     1.04998   0.0040704
     2.25569      1.0163     1.04403  0.00438348
     2.26862     1.03333     1.04849   0.0043357
     2.28155     1.03983     1.04544  0.00450207
     2.29447    0.999131     1.04384  0.00514837
      2.3074     1.02908     1.04475  0.00484239
     2.32033     1.04665     1.04911  0.00499086
     2.33325     1.02692     1.03195  0.00506801
     2.34618     1.00052     1.03885  0.00419284
     2.35911     1.00351     1.03746  0.00438392
     2.37203     1.01388       1.029  0.00339411
     2.38496     1.03519     1.03008  0.00312238
     2.39789      1.0302     1.03687  0.00362632
     2.41081     1.02821     1.03407  0.00431405
     2.42374     1.01921     1.02823   0.0038318
     2.43667     1.04491     1.02757  0.00460643
     2.44959      1.0284     1.02944  0.00480438
     2.46252     1.02515     1.02657  0.00385169
     2.47545    0.992332     1.02618  0.00384159
     2.48837     1.01942     1.03459  0.00465776
      2.5013     1.01037     1.02642  0.00327532
     2.51423     1.01317     1.02553   0.0037562
     2.52715     1.00676     1.02352  0.00418394
     2.54008     1.01828     1.01415  0.00458889
     2.55301     1.00956     1.02294  0.00503715
     2.56593     1.01206     1.01966  0.00426355
     2.57886     1.01942     1.01721  0.00339866
     2.59178     1.02947     1.01963  0.00369889
     2.60471     1.05373     1.02239  0.00529398
     2.61764     1.00575     1.01667  0.00303962
     2.63056     1.01384     1.01736  0.00284972
     2.64349     1.00199     1.01085  0.00357181
     2.65642     1.04509     1.02017   0.0038266
     2.66934      1.0278     1.01695  0.00404504
     2.68227      1.0176     1.01021   0.0038333
      2.6952     1.00315     1.00834  0.00339761
     2.70812     1.01987     1.01064  0.00445367
     2.72105    0.997267     1.00978  0.00413721
     2.73398     1.03392     1.01329  0.00344005
      2.7469       1.015      1.0053  0.00357203
     2.75983    0.960457      1.0058  0.00474206
     2.77276     1.00654     1.00736  0.00420535
     2.78568    0.981056     1.00933  0.00396213
     2.79861     1.05644     1.00711  0.00383812
     2.81154     1.02006     1.00152  0.00307168
     2.82446    0.974736     1.00382  0.00411684
     2.83739      1.0034     1.00268  0.00318984
     2.85032     1.01845     1.00882  0.00213075
     2.86324    0.994261     1.00524  0.00431164
     2.87617     1.01856     1.00619  0.00285192
      2.8891    0.983102     1.00452  0.00448164
     2.90202     1.01105     1.00217  0.00427323
     2.91495     1.02303     1.00501  0.00238212
     2.92788     1.01402     1.00255  0.00326139
      2.9408      1.0216     1.00368  0.00387617
     2.95373     1.01568      1.0039  0.00352895
     2.96666     1.00711     1.00098  0.00299792
     2.97958      1.0147     1.00364  0.00313787
     2.99251     1.00302    0.998339  0.00307771
     3.00544     1.01713     1.00365   0.0034491
     3.01836     1.01044     1.00289  0.00325584
     3.03129      1.0068     1.00027  0.00212679
     3.04422    0.998641     1.00259  0.00335344
     3.05714     1.01302    0.998874  0.00350063
     3.07007    0.995318    0.995499  0.00282408
       3.083      1.0099    0.998653  0.00330573
     3.09592    0.978526     1.00042  0.00371642
     3.10885     1.00508    0.996061  0.00370323
     3.12178    0.989408    0.999755  0.00383895
      3.1347     1.01561      1.0046  0.00285768
     3.14763    0.996695     1.00243  0.00275863
     3.16056    0.988673    0.999789  0.00392496
     3.17348     1.00712    0.995243  0.00328027
     3.18641    0.993916    0.998474  0.00344288
     3.19934    0.979775    0.999176  0.00214669
     3.21226     1.01698     0.99741  0.00361565
     3.22519      1.0129    0.998165  0.00283575
     3.23812     1.01886    0.992131  0.00332501
     3.25104    0.987255    0.995658  0.00275531
     3.26397    0.983624    0.999895  0.00258552
      3.2769    0.980338    0.997723  0.00372088
     3.28982    0.962221    0.995765  0.00293193
     3.30275    0.995881    0.991461  0.00306317
     3.31567     1.00669     0.99594  0.00302005
      3.3286    0.986028    0.995206  0.00325495
     3.34153    0.971471    0.996439  0.00349244
     3.35445     1.00402    0.992857  0.00283655
     3.36738     1.01532      1.0011  0.00338765
     3.38031     1.01166    0.995348  0.00283201
     3.39323    0.993476    0.993234  0.00254571
     3.40616    0.985655    0.991045  0.00287814
     3.41909    0.971683    0.989597  0.00296825
     3.43201     1.00358    0.996278  0.00289244
     3.44494    0.997691    0.992028  0.00293978
     3.45787     1.01046    0.996271  0.00320596
     3.47079    0.992536    0.992186    0.002721
     3.48372    0.986781    0.996479  0.00276232
     3.49665      0.9712    0.992473  0.00315805
     3.50957     1.01839    0.990766  0.00421103
      3.5225    0.987132    0.997555  0.00341655
     3.53543     0.98622    0.994529   0.0028156
     3.54835    0.988011    0.991511  0.00252319
     3.56128     1.01069    0.988285  0.00363645
     3.57421    0.996169    0.995361  0.00231037
     3.58713    0.994318    0.988041  0.00235557
     3.60006    0.979889    0.986372  0.00219595
     3.61299    0.992103     0.98885  0.00265785
     3.62591    0.987123    0.993982  0.00199225
     3.63884    0.992262    0.993553  0.00232065
     3.65177    0.996363    0.992644  0.00269488
     3.66469     1.00301    0.990849  0.00268657
     3.67762     1.02573    0.992185  0.00335947
     3.69055    0.982816    0.989173  0.00235541
     3.70347     0.99018    0.990483  0.00292911
      3.7164    0.984789    0.989098  0.00244643
     3.72933    0.987647    0.992991  0.00261012
     3.74225     1.01193    0.993669  0.00230173
     3.75518     0.99382    0.990267    0.002242
     3.76811     0.97505    0.990602  0.00344632
     3.78103    0.990244    0.990339  0.00228772
     3.79396    0.976696    0.984866  0.00260381
     3.80689    0.995168    0.990519  0.00274542
     3.81981     1.00024    0.987979  0.00289999
     3.83274     1.00911    0.989805  0.00280715
     3.84567    0.993699    0.991317  0.00225337
     3.85859    0.963163    0.991689  0.00254282
     3.87152    0.997129    0.991725  0.00299327
     3.88445    0.994205    0.991826  0.00294625
     3.89737    0.997378    0.993693  0.00289423
      3.9103    0.991913     0.99374  0.00300709
     3.92323    0.992054    0.993713  0.00321178
     3.93615    0.996512    0.990872  0.00285563
     3.94908     0.99687    0.988533  0.00206016
     3.96201    0.983549    0.992508  0.00203374
     3.97493    0.988924    0.986932  0.00258285
     3.98786     1.00589    0.991939  0.00278412
     4.00079    0.997408    0.988595  0.00235317
     4.01371    0.986607     0.99178  0.00266927
     4.02664     1.00166     0.99291  0.00290316
     4.03957    0.965915    0.989829  0.00222779
     4.05249    0.961498    0.992906  0.00268686
     4.06542    0.999538    0.996324  0.00291084
     4.07834    0.992047    0.989038  0.00155267
     4.09127    0.970259    0.989472  0.00252578
      4.1042    0.992582    0.989256  0.00210476
     4.11712    0.977549    0.989833  0.00217444
     4.13005     0.97712    0.986293  0.00213855
     4.14298    0.997466    0.984678  0.00237534
      4.1559    0.990347    0.987162  0.00189993
     4.16883    0.989069    0.986373  0.00239561
     4.18176    0.975075     0.98285   0.0027411
     4.19468     1.00704    0.987563  0.00233009
     4.20761    0.988243    0.987351  0.00187248
     4.22054    0.996023    0.989933   0.0025226
     4.23346    0.972839    0.992227  0.00214726
     4.24639    0.982477    0.992833  0.00233198
     4.25932    0.990285    0.987969  0.00191249
     4.27224    0.979492    0.982449  0.00277083
     4.28517    0.988429    0.988584   0.0020161
      4.2981     1.00144    0.989824  0.00213509
     4.31102    0.991638    0.988623  0.00276547
     4.32395     1.00663    0.992273  0.00191895
     4.33688    0.992882     0.98589  0.00216594
      4.3498    0.982049    0.989782  0.00220674
     4.36273     1.00241    0.990442  0.00204596
     4.37566     1.00364    0.989859  0.00246889
     4.38858    0.967197    0.984842  0.00242275
     4.40151      1.0016    0.984209  0.00244295
     4.41444    0.987257    0.989033  0.00181921
     4.42736     1.00773     0.98882  0.00331535
     4.44029    0.984815    0.987781  0.00196464
     4.45322    0.991293    0.987674   0.0018573
     4.46614    0.989449      0.9871  0.00175781
     4.47907    0.992043    0.985971  0.00270507
       4.492     0.99137    0.994706  0.00148245
     4.50492    0.982374    0.987025  0.00163014
     4.51785    0.979386    0.990364  0.00175337
     4.53078     1.00935    0.985501     0.00233
      4.5437    0.962419    0.989377  0.00268584
     4.55663    0.999299    0.989916  0.00186742
     4.56956    0.998021    0.987372  0.00191334
     4.58248    0.984146    0.985713  0.00228759
     4.59541    0.983098    0.987242  0.00238241
     4.60834      0.9996    0.988582  0.00179785
     4.62126    0.985635    0.985968   0.0016302
     4.63419    0.984019    0.986278  0.00212929
     4.64712     0.98003    0.985315  0.00205016
     4.66004    0.981163    0.985717  0.00192094
     4.67297    0.974333    0.985359  0.00188125
      4.6859    0.993989    0.984691  0.00229361
     4.69882    0.996531    0.985419  0.00197755
     4.71175    0.987065    0.988539  0.00179574
     4.72468     0.97968    0.987997  0.00284588
      4.7376    0.984906    0.985815  0.00219789
     4.75053    0.978795    0.991374  0.00228921
     4.76346    0.993135    0.986769  0.00186295
     4.77638    0.991114    0.985398  0.00188065
     4.78931    0.995016     0.98647   0.0019061
     4.80223    0.978346    0.986085  0.00231246
     4.81516    0.992768    0.987993  0.00168953
     4.82809    0.984133    0.987004   0.0013867
     4.84101    0.986327    0.988555  0.00221088
     4.85394     1.00605    0.988431  0.00244853
     4.86687    0.993107    0.986481  0.00181547
     4.87979    0.994554    0.986624  0.00220096
     4.89272    0.985925    0.987687  0.00185851
     4.90565    0.984194    0.983597  0.00201173
     4.91857    0.990007    0.987326  0.00177452
      4.9315    0.984543    0.985133  0.00223096
     4.94443     0.98537    0.987348  0.00153158
     4.95735    0.983996    0.985459  0.00195185
     4.97028    0.992313     0.98495  0.00223759
     4.98321    0.990569    0.986749  0.00206235
     4.99613    0.974991    0.983331  0.00157736
     5.00906    0.978825    0.985697  0.00190098
     5.02199    0.994405    0.983511  0.00200108
     5.03491     0.98962    0.986747  0.00138872
     5.04784    0.982992    0.987815  0.00165947
     5.06077    0.975885    0.987053   0.0021295
     5.07369    0.987482    0.985327  0.00200887
     5.08662    0.989254    0.986708  0.00247899
     5.09955    0.982317    0.987494  0.00206953
     5.11247    0.983593       0.984  0.00239716
      5.1254    0.985277    0.988248  0.00196209
     5.13833    0.992027    0.988493  0.00196383
     5.15125    0.986625    0.986791  0.00154197
     5.16418     0.98182    0.981147  0.00186185
     5.17711     0.97301    0.987002  0.00184243
     5.19003    0.981078    0.987481   0.0020862
     5.20296     0.99756    0.988192  0.00124881
     5.21589    0.972214    0.981567  0.00180181
     5.22881    0.984592    0.987866  0.00139553
     5.24174    0.977792    0.986655  0.00204757
     5.25467    0.997223    0.987035  0.00179557
     5.26759     1.00068    0.983085  0.00174658
     5.28052    0.987891     0.98393  0.00204416
     5.29345    0.973308    0.984702   0.0023166
     5.30637    0.979867    0.985991  0.00175584
      5.3193    0.988326     0.98521  0.00175336
     5.33223    0.984462    0.983247  0.00183605
     5.34515    0.991876    0.989395  0.00182933
     5.35808    0.980981    0.983477   0.0017715
     5.37101    0.993218    0.984479  0.00139703
     5.38393    0.965998    0.988551  0.00196208
     5.39686    0.992884    0.985539  0.00203046
     5.40979    0.968629     0.98302  0.00161432
     5.42271    0.985378    0.987345  0.00206052
     5.43564    0.985365     0.98404  0.00167117
     5.44857    0.996709    0.986609  0.00198452
     5.46149    0.984238    0.985726  0.00220874
     5.47442    0.975829    0.987732  0.00160614
     5.48735    0.974493    0.983723   0.0015573
     5.50027    0.981675    0.986297  0.00201584
      5.5132    0.996055    0.985482  0.00154521
     5.52612    0.989086    0.986874  0.00186503
     5.53905    0.984995    0.984534  0.00165834
     5.55198    0.991657    0.986302  0.00130376
      5.5649    0.985362    0.987048  0.00149827
     5.57783    0.990584    0.982467   0.0013158
     5.59076    0.984586    0.983966  0.00144891
     5.60368     0.99624    0.988856  0.00209538
     5.61661    0.976338    0.983428  0.00165686
     5.62954    0.976176    0.983645  0.00221502
     5.64246    0.987607    0.987284  0.00218315
     5.65539    0.988158    0.984325  0.00179208
     5.66832     0.98135    0.984646  0.00184404
     5.68124     0.98519    0.983565   0.0017964
     5.69417    0.985222    0.988842  0.00142575
      5.7071    0.989165    0.988143  0.00140817
     5.72002     0.99104    0.986873  0.00183253
     5.73295    0.990947    0.986961  0.00168232
     5.74588    0.991465    0.988988  0.00104643
      5.7588      0.9853    0.984455  0.00180247
     5.77173    0.982843    0.987745  0.00221924
     5.78466    0.992525    0.989144  0.00182028
     5.79758    0.997499    0.987392  0.00165569
     5.81051    0.979053    0.985418  0.00184967
     5.82344    0.987015    0.986126  0.00183457
     5.83636    0.984488    0.986346  0.00210041
     5.84929    0.985606    0.986311  0.00121303
     5.86222    0.970649    0.982762  0.00139198
     5.87514    0.980782    0.988067  0.00200066
     5.88807    0.996835    0.986929  0.00143288
       5.901    0.988609    0.986882  0.00142596
     5.91392    0.974383    0.987506  0.00171003
     5.92685     0.98406    0.987943  0.00162769
     5.93978    0.980202    0.985113  0.00163803
      5.9527    0.982898    0.988816   0.0014046
     5.96563    0.980726    0.986982  0.00162346
     5.97856    0.986089    0.983948  0.00116952
     5.99148    0.976282    0.986955  0.00173221
     6.00441    0.990928    0.986037  0.00138984
     6.01734    0.990706    0.986479  0.00204199
     6.03026    0.995648    0.985544  0.00154918
     6.04319    0.985181    0.985715  0.00161054
     6.05612    0.998604    0.985574  0.00187207
     6.06904    0.980241    0.983395  0.00126121
     6.08197    0.988684    0.984061  0.00176923
      6.0949    0.986704    0.985208  0.00163381
     6.10782    0.993045    0.989553  0.00146618
     6.12075    0.996492    0.985017   0.0011424
     6.13368    0.977146    0.985792  0.00139625
      6.1466    0.983812     0.98485  0.00184015
     6.15953    0.972686     0.98767  0.00210126
     6.17246    0.990041    0.985665  0.00145235
     6.18538    0.984894    0.989386  0.00165835
     6.19831    0.994915    0.986315  0.00195071
     6.21124    0.982622    0.984377  0.00131604
     6.22416    0.988874    0.986587  0.00161458
     6.23709    0.990845    0.985707  0.00182688
     6.25002    0.970729     0.98547  0.00168772
     6.26294    0.980095    0.983775  0.00155548
     6.27587    0.980664    0.986043  0.00177119
     6.28879    0.982748    0.984977  0.00170274
     6.30172    0.987734     0.98843  0.00156356
     6.31465    0.993929    0.987505  0.00206476
     6.32757    0.998472    0.985119  0.00136088
      6.3405    0.979205    0.984366  0.00183396
     6.35343    0.985109    0.986595  0.00144881
     6.36635    0.984404    0.987218  0.00171086
     6.37928    0.988934    0.986861  0.00102019
     6.39221    0.975397    0.983337  0.00210563
     6.40513    0.978605    0.983693  0.00118212
     6.41806     0.98142    0.987592  0.00118457
     6.43099    0.984177    0.985514  0.00133043
     6.44391    0.986437    0.987159  0.00158814
     6.45684    0.988808    0.985114  0.00131619
