  0.00256496           0           0           0
  0.00769489           0           0           0
   0.0128248           0           0           0
   0.0179547           0           0           0
   0.0230847           0           0           0
   0.0282146           0           0           0
   0.0333445           0           0           0
   0.0384745           0           0           0
   0.0436044           0           0           0
   0.0487343           0           0           0
   0.0538642           0           0           0
   0.0589942           0           0           0
   0.0641241           0           0           0
    0.069254           0           0           0
    0.074384           0           0           0
   0.0795139           0           0           0
   0.0846438           0           0           0
   0.0897737           0           0           0
   0.0949037           0           0           0
    0.100034           0           0           0
    0.105164           0           0           0
    0.110293           0           0           0
    0.115423           0           0           0
    0.120553           0           0           0
    0.125683           0           0           0
    0.130813           0           0           0
    0.135943           0           0           0
    0.141073           0           0           0
    0.146203           0           0           0
    0.151333           0           0           0
    0.156463           0           0           0
    0.161593           0           0           0
    0.166723           0           0           0
    0.171853           0           0           0
    0.176983           0           0           0
    0.182112           0           0           0
    0.187242           0           0           0
    0.192372           0           0           0
    0.197502           0           0           0
    0.202632           0           0           0
    0.207762           0           0           0
    0.212892           0           0           0
    0.218022           0           0           0
    0.223152           0           0           0
    0.228282           0           0           0
    0.233412           0           0           0
    0.238542           0           0           0
    0.243672           0           0           0
    0.248802           0           0           0
    0.253931           0           0           0
    0.259061           0           0           0
    0.264191           0           0           0
    0.269321           0           0           0
    0.274451           0           0           0
    0.279581           0           0           0
    0.284711           0           0           0
    0.289841           0           0           0
    0.294971           0           0           0
    0.300101           0           0           0
    0.305231           0           0           0
    0.310361           0           0           0
    0.315491           0           0           0
     0.32062           0           0           0
     0.32575           0           0           0
     0.33088           0           0           0
     0.33601           0           0           0
     0.34114           0           0           0
     0.34627           0           0           0
      0.3514           0           0           0
     0.35653           0           0           0
     0.36166           0           0           0
     0.36679           0           0           0
     0.37192           0           0           0
     0.37705           0           0           0
     0.38218           0           0           0
     0.38731           0           0           0
    0.392439           0           0           0
    0.397569           0           0           0
    0.402699           0           0           0
    0.407829           0           0           0
    0.412959           0           0           0
    0.418089           0           0           0
    0.423219           0           0           0
    0.428349           0           0           0
    0.433479           0           0           0
    0.438609           0           0           0
    0.443739           0           0           0
    0.448869           0           0           0
    0.453999           0           0           0
    0.459129           0           0           0
    0.464258           0           0           0
    0.469388           0           0           0
    0.474518           0           0           0
    0.479648           0           0           0
    0.484778           0           0           0
    0.489908           0           0           0
    0.495038           0           0           0
    0.500168           0           0           0
    0.505298           0           0           0
    0.510428           0           0           0
    0.515558           0           0           0
    0.520688           0           0           0
    0.525818           0           0           0
    0.530948           0           0           0
    0.536077           0           0           0
    0.541207           0           0           0
    0.546337           0           0           0
    0.551467           0           0           0
    0.556597           0           0           0
    0.561727           0           0           0
    0.566857           0           0           0
    0.571987           0           0           0
    0.577117           0           0           0
    0.582247           0           0           0
    0.587377           0           0           0
    0.592507           0           0           0
    0.597637           0           0           0
    0.602767           0           0           0
    0.607896           0           0           0
    0.613026           0           0           0
    0.618156           0           0           0
    0.623286           0           0           0
    0.628416           0           0           0
    0.633546           0           0           0
    0.638676           0           0           0
    0.643806           0           0           0
    0.648936           0           0           0
    0.654066           0           0           0
    0.659196           0           0           0
    0.664326           0           0           0
    0.669456           0           0           0
    0.674586           0           0           0
    0.679715           0           0           0
    0.684845           0           0           0
    0.689975           0           0           0
    0.695105           0           0           0
    0.700235           0           0           0
    0.705365           0           0           0
    0.710495           0           0           0
    0.715625           0           0           0
    0.720755           0           0           0
    0.725885           0           0           0
    0.731015           0           0           0
    0.736145           0           0           0
    0.741275           0           0           0
    0.746405           0           0           0
    0.751534           0           0           0
    0.756664           0           0           0
    0.761794           0           0           0
    0.766924           0           0           0
    0.772054           0           0           0
    0.777184           0           0           0
    0.782314           0           0           0
    0.787444           0           0           0
    0.792574           0           0           0
    0.797704           0           0           0
    0.802834           0           0           0
    0.807964           0           0           0
    0.813094           0           0           0
    0.818223           0           0           0
    0.823353           0           0           0
    0.828483           0           0           0
    0.833613           0           0           0
    0.838743           0           0           0
    0.843873           0           0           0
    0.849003           0           0           0
    0.854133           0           0           0
    0.859263           0           0           0
    0.864393           0           0           0
    0.869523           0           0           0
    0.874653           0 8.21411e-05 8.00613e-05
    0.879783           0 0.000266754 0.000193569
    0.884913           0 0.000733691 0.000338758
    0.890042           0  0.00106522 0.000350418
    0.895172           0  0.00234135 0.000443736
    0.900302   0.0031011  0.00523864 0.000995337
    0.905432  0.00350406  0.00888061  0.00121102
    0.910562   0.0132091   0.0179623  0.00219359
    0.915692   0.0169158   0.0301165  0.00239068
    0.920822   0.0249859   0.0456522  0.00370893
    0.925952   0.0504666   0.0734698  0.00474454
    0.931082   0.0911257    0.109713  0.00471894
    0.936212    0.155884    0.160912  0.00547615
    0.941342    0.221052    0.215277  0.00476312
    0.946472    0.294021    0.282477  0.00507504
    0.951602    0.342013    0.363981  0.00659475
    0.956732    0.370131    0.457898   0.0078754
    0.961861     0.54376    0.566426   0.0104517
    0.966991    0.639002    0.677941   0.0110583
    0.972121    0.739618    0.805743  0.00949177
    0.977251    0.861592    0.926225  0.00920072
    0.982381     1.06972     1.06763   0.0102747
    0.987511      1.2144     1.21778   0.0113952
    0.992641     1.35002     1.35195   0.0123242
    0.997771     1.37675     1.49789   0.0121419
      1.0029     1.50104     1.61954   0.0147673
     1.00803      1.7436     1.75218   0.0140482
     1.01316     1.76149      1.8779   0.0204657
     1.01829     1.95105      1.9894   0.0219504
     1.02342     2.15678     2.10102   0.0186921
     1.02855     2.16553     2.21283   0.0175743
     1.03368     2.28423     2.27988   0.0145503
     1.03881     2.36637     2.35393   0.0143535
     1.04394     2.35372     2.42137   0.0165078
     1.04907     2.41901     2.45883   0.0167977
      1.0542     2.62332     2.52211   0.0187987
     1.05933     2.59381     2.55744   0.0204547
     1.06446     2.54811     2.56287   0.0176437
     1.06959     2.54397     2.56711   0.0161013
     1.07472     2.54073     2.59757   0.0201067
     1.07985     2.63028     2.59673   0.0145791
     1.08498     2.58838     2.59111   0.0190369
     1.09011     2.59263     2.58531   0.0122247
     1.09524     2.49476     2.54089   0.0173642
     1.10037      2.3774     2.50454   0.0219541
      1.1055     2.48276     2.47666    0.019976
     1.11063      2.4213     2.43305   0.0170549
     1.11576      2.4438     2.37166   0.0125407
     1.12089     2.41148     2.36178   0.0166258
     1.12602     2.35274     2.32528   0.0204312
     1.13115     2.27083     2.28611   0.0146471
     1.13628     2.26733     2.24166   0.0150789
     1.14141     2.16831     2.22427   0.0165888
     1.14654     2.14649     2.16616   0.0203288
     1.15167     2.08951     2.08765   0.0203595
      1.1568     2.02124      2.0492    0.019432
     1.16193     2.01979     2.02097   0.0215462
     1.16706     1.95897     1.94983   0.0156972
     1.17219     1.87888     1.90794   0.0178333
     1.17732     1.81189     1.86131   0.0147956
     1.18245     1.73059     1.83305   0.0168352
     1.18758     1.78734     1.79531   0.0171435
     1.19271     1.73262     1.75373   0.0150784
     1.19784     1.61996     1.68225   0.0152668
     1.20297     1.58012     1.65547   0.0186355
      1.2081       1.627     1.62566    0.014586
     1.21323     1.53972     1.57269   0.0146295
     1.21836     1.44502     1.53665   0.0134038
     1.22349     1.55707     1.51813   0.0103951
     1.22862     1.48914     1.46522   0.0129725
     1.23375     1.41438     1.43265   0.0150059
     1.23888     1.42317     1.39952    0.013953
     1.24401     1.40797     1.36838   0.0132118
     1.24914     1.29069     1.34245   0.0131581
     1.25427     1.28643     1.31397   0.0106445
      1.2594     1.34909     1.28674   0.0116943
     1.26453     1.28585     1.26528  0.00984036
     1.26966     1.23917     1.24062   0.0142983
     1.27479     1.21275     1.22561   0.0131277
     1.27992     1.19286      1.2184   0.0145502
     1.28505     1.18488     1.20265   0.0123462
     1.29018     1.08293     1.15976    0.012106
     1.29531     1.08539     1.14177   0.0105673
     1.30044     1.09553      1.1041   0.0116928
     1.30557     1.09041     1.08331   0.0121064
      1.3107     1.03946     1.04137  0.00861471
     1.31583     1.03521     1.02921   0.0102769
     1.32096      1.0172     1.01343   0.0106826
     1.32609     1.05652    0.990727   0.0106525
     1.33122    0.993784    0.968679  0.00951776
     1.33635    0.988884    0.971305  0.00913929
     1.34148    0.973254    0.952382  0.00855812
     1.34661    0.914961    0.921114  0.00758975
     1.35174    0.931907    0.919821   0.0120067
     1.35687    0.914829    0.902746   0.0128652
       1.362    0.908918    0.888951    0.012033
     1.36713     0.95552    0.897057   0.0112372
     1.37226    0.884318    0.879589  0.00778487
     1.37739    0.873106    0.870182  0.00763638
     1.38252    0.904212    0.857109   0.0101959
     1.38765    0.870406     0.84373  0.00762827
     1.39278    0.872151    0.829788  0.00758562
     1.39791    0.855288    0.816823  0.00835404
     1.40304    0.856797    0.820757  0.00809627
     1.40817      0.8196    0.807762  0.00915521
      1.4133    0.826065    0.802259   0.0073669
     1.41843    0.791456    0.793495  0.00863532
     1.42355    0.788597    0.774935   0.0080862
     1.42868     0.73219    0.757545   0.0101598
     1.43381     0.78853    0.757038   0.0124455
     1.43894    0.759072    0.746729  0.00988108
     1.44407    0.751794     0.74151  0.00997734
      1.4492    0.723314      0.7373  0.00892665
     1.45433    0.679937    0.725083   0.0080011
     1.45946    0.705763    0.716438  0.00677753
     1.46459    0.737739    0.715751  0.00744213
     1.46972    0.726614     0.70977  0.00803244
     1.47485    0.768699    0.709216  0.00884829
     1.47998    0.766166    0.704869  0.00900177
     1.48511    0.733693    0.697761  0.00757904
     1.49024    0.674081    0.695254  0.00747803
     1.49537    0.675084    0.688521  0.00585397
      1.5005    0.698705    0.687393  0.00722547
     1.50563    0.726503    0.691861   0.0089948
     1.51076    0.679571    0.682391     0.00741
     1.51589    0.731703    0.694411  0.00701392
     1.52102    0.683472    0.693933  0.00841436
     1.52615    0.714652    0.675274  0.00806621
     1.53128     0.74272    0.672487  0.00876519
     1.53641    0.771463     0.67075  0.00944807
     1.54154    0.760141    0.672054  0.00816384
     1.54667    0.760061    0.677634  0.00882831
      1.5518    0.778231    0.678716  0.00818158
     1.55693    0.795035    0.682298  0.00886476
     1.56206    0.799903    0.689196  0.00878075
     1.56719    0.793944    0.677681  0.00938213
     1.57232    0.827843    0.682428   0.0100517
     1.57745    0.845123    0.689512   0.0100958
     1.58258    0.790549    0.683999  0.00797276
     1.58771    0.769352    0.679689  0.00757065
     1.59284    0.735603    0.664958  0.00791949
     1.59797    0.734474    0.678449  0.00776867
      1.6031    0.700648    0.674645  0.00746722
     1.60823    0.745888    0.676085  0.00659339
     1.61336    0.720252    0.676939  0.00612918
     1.61849    0.684371     0.68249  0.00771677
     1.62362    0.712268    0.689091   0.0073724
     1.62875    0.695945    0.689051  0.00716993
     1.63388    0.686739    0.688108  0.00671408
     1.63901     0.67055    0.691707  0.00886196
     1.64414    0.719706    0.700322  0.00850342
     1.64927    0.705401    0.709701  0.00662183
      1.6544    0.719794    0.701286  0.00713677
     1.65953    0.734387    0.704356  0.00741045
     1.66466    0.747879    0.713359  0.00632699
     1.66979    0.727128    0.717862  0.00628353
     1.67492    0.718777    0.729632   0.0076688
     1.68005    0.702945    0.732285  0.00683947
     1.68518     0.69197    0.734901  0.00730976
     1.69031    0.691107    0.735214  0.00865695
     1.69544    0.665507    0.729619  0.00750956
     1.70057    0.710047    0.736265   0.0073601
      1.7057    0.716767    0.737743  0.00843728
     1.71083    0.743023    0.751255  0.00724364
     1.71596    0.739868    0.758712  0.00689117
     1.72109    0.714977    0.764021  0.00676277
     1.72622    0.716277    0.762599  0.00588035
     1.73135     0.73414    0.768742   0.0067499
     1.73648    0.752435    0.778645  0.00731529
     1.74161    0.740373     0.79665  0.00710689
     1.74674    0.766689    0.801175  0.00813432
     1.75187    0.833635    0.815213  0.00811565
       1.757    0.788993    0.814478  0.00824103
     1.76213    0.816612     0.82578  0.00762145
     1.76726    0.824927    0.829509  0.00719292
     1.77239    0.802899    0.840755  0.00863551
     1.77752    0.794918    0.847396   0.0081117
     1.78265    0.837243    0.852337  0.00762679
     1.78778    0.854971    0.858569  0.00850702
     1.79291    0.862988    0.860089  0.00621938
     1.79804    0.866123    0.880601  0.00765942
     1.80317    0.839832     0.88798  0.00933796
      1.8083    0.831889    0.889607   0.0095579
     1.81343    0.843513    0.892721  0.00841672
     1.81856    0.868729    0.899793  0.00799337
     1.82369    0.859583    0.910182  0.00718811
     1.82882     0.92042    0.922259  0.00588896
     1.83395    0.954994    0.934071  0.00790654
     1.83908     0.98301    0.953634  0.00778343
     1.84421     1.00257    0.955425  0.00754368
     1.84934    0.968721    0.952922  0.00676653
     1.85447    0.929644    0.965899  0.00709978
      1.8596    0.935321     0.98137  0.00654342
     1.86473    0.964931    0.982203  0.00703683
     1.86986     0.97849    0.990383  0.00643686
     1.87499    0.976462    0.996934  0.00587855
     1.88012    0.982163     1.00653  0.00617178
     1.88525     1.01704     1.02184  0.00678295
     1.89038    0.989316     1.03088  0.00744241
     1.89551    0.991264     1.02766  0.00501917
     1.90064    0.997849     1.02696  0.00756431
     1.90577    0.986651      1.0441  0.00681538
      1.9109     1.02546     1.05494  0.00621611
     1.91603     1.04126     1.07627  0.00686317
     1.92116     1.05292     1.08517  0.00772366
     1.92629     1.08303     1.08542  0.00546333
     1.93142      1.0807     1.08844  0.00773475
     1.93655     1.16197     1.10544  0.00764982
     1.94168     1.19594      1.1195  0.00937243
     1.94681     1.18784     1.11972  0.00806732
     1.95194     1.18811     1.12471  0.00691979
     1.95707     1.17134     1.12708  0.00792605
      1.9622     1.15492     1.13188  0.00717763
     1.96733     1.10948     1.12948  0.00855127
     1.97246     1.12453     1.13891    0.007849
     1.97759      1.1361     1.16016  0.00785896
     1.98272     1.14137     1.16777  0.00744802
     1.98785     1.09296      1.1714  0.00844291
     1.99298      1.1391     1.18092   0.0072982
     1.99811     1.18996     1.18866  0.00699112
     2.00324     1.21215       1.195  0.00726477
     2.00837     1.16515     1.19068  0.00889684
      2.0135     1.11272     1.19222  0.00895544
     2.01863     1.10284     1.20528  0.00868256
     2.02376     1.16258     1.20077  0.00909422
     2.02889     1.18741     1.21074   0.0111329
     2.03402     1.21606     1.21189  0.00934922
     2.03915     1.19441     1.21313  0.00784244
     2.04428     1.16397     1.21123   0.0091806
     2.04941     1.18769     1.21941   0.0115945
     2.05454     1.19138     1.21305  0.00963986
     2.05967      1.1706     1.21684  0.00997876
      2.0648     1.14352     1.20804   0.0094812
     2.06993     1.15014     1.22254  0.00920688
     2.07506     1.15522     1.21249  0.00811781
     2.08019     1.14986     1.21248  0.00766672
     2.08532     1.14384     1.21368   0.0103709
     2.09045     1.19928     1.20812  0.00828988
     2.09558     1.16701     1.21177  0.00772321
     2.10071      1.1452     1.21336  0.00690873
     2.10584     1.14825     1.21374  0.00813029
     2.11097     1.17411     1.21469  0.00895288
      2.1161     1.17271     1.21513  0.00678924
     2.12123     1.17471     1.21106  0.00778459
     2.12636     1.22428     1.21134   0.0106691
     2.13149     1.16983     1.19676  0.00730542
     2.13661     1.19505     1.19571  0.00664138
     2.14174     1.16808     1.19228  0.00690112
     2.14687     1.19067     1.18814  0.00598489
       2.152     1.15654     1.19313   0.0062012
     2.15713     1.16332     1.19147  0.00683695
     2.16226     1.16314     1.18318  0.00566619
     2.16739     1.15978     1.17408  0.00888532
     2.17252     1.14937     1.16824   0.0068879
     2.17765      1.1638     1.17313  0.00728078
     2.18278     1.17137     1.15922  0.00773748
     2.18791      1.1097     1.15261  0.00935367
     2.19304     1.12221     1.14612  0.00827812
     2.19817     1.10988     1.13214  0.00486039
      2.2033     1.07776     1.12653  0.00661662
     2.20843     1.10817     1.12709  0.00672394
     2.21356     1.14939     1.12392  0.00704874
     2.21869     1.10279     1.12272   0.0085045
     2.22382     1.14153     1.11616  0.00813486
     2.22895     1.14275     1.10647  0.00645839
     2.23408     1.13485     1.09625  0.00574629
     2.23921     1.13478     1.09721  0.00535392
     2.24434     1.09224      1.0833  0.00570697
     2.24947     1.08577     1.07887  0.00588386
      2.2546     1.08119     1.07864  0.00702732
     2.25973     1.08089     1.07374  0.00721482
     2.26486     1.07103     1.05879  0.00576041
     2.26999     1.08317     1.05353  0.00405782
     2.27512     1.05602     1.04265  0.00451999
     2.28025     1.02779     1.03997  0.00558823
     2.28538     1.04532     1.03647  0.00518539
     2.29051     1.03698     1.03596  0.00654149
     2.29564     1.04111     1.02302  0.00546472
     2.30077     1.04369     1.02373  0.00621605
      2.3059     1.04078     1.01113  0.00583132
     2.31103     1.03744       1.004   0.0041562
     2.31616     1.02907      1.0048  0.00545607
     2.32129     1.01509     1.00344  0.00630776
     2.32642    0.999742     1.00008  0.00753318
     2.33155    0.993696    0.997605  0.00635429
     2.33668     1.00335    0.990286  0.00552914
     2.34181    0.978657    0.984176  0.00462008
     2.34694     1.00766    0.986641  0.00550512
     2.35207     1.01187    0.974533  0.00558245
      2.3572    0.984467    0.978767  0.00654372
     2.36233    0.987113    0.967459  0.00652009
     2.36746     1.00875    0.961549  0.00626874
     2.37259    0.997189    0.957295  0.00720017
     2.37772    0.997146    0.960098  0.00774481
     2.38285    0.973569    0.951754  0.00551972
     2.38798    0.970996    0.948997  0.00524522
     2.39311    0.989065    0.950451  0.00590611
     2.39824    0.945256     0.94667  0.00541181
     2.40337    0.973178    0.947089  0.00574563
      2.4085    0.970275    0.939199  0.00593975
     2.41363    0.954845    0.936985   0.0060469
     2.41876    0.931373     0.92872  0.00708917
     2.42389    0.955977     0.92923  0.00618933
     2.42902    0.965028    0.928801  0.00584962
     2.43415    0.950722    0.932276  0.00611463
     2.43928    0.966703    0.929945  0.00621513
     2.44441    0.988041    0.929256  0.00692932
     2.44954    0.963021    0.922425   0.0067572
     2.45467    0.966211    0.921248  0.00606331
      2.4598    0.921147    0.915383   0.0059343
     2.46493    0.908127    0.918101   0.0041927
     2.47006    0.931167    0.915123  0.00465602
     2.47519    0.928747     0.90369  0.00685315
     2.48032    0.909704    0.898584  0.00552453
     2.48545    0.932866    0.899602  0.00607786
     2.49058    0.934787    0.906234  0.00519473
     2.49571    0.936915    0.901558  0.00412948
     2.50084     0.93609    0.900013  0.00727108
     2.50597    0.933633      0.9047  0.00632705
      2.5111     0.94665    0.898881  0.00516699
     2.51623    0.919485    0.893803  0.00478869
     2.52136    0.899197    0.895726  0.00532216
     2.52649    0.907166     0.89423  0.00622418
     2.53162     0.92173    0.894831  0.00704553
     2.53675    0.932263    0.899537   0.0068426
     2.54188    0.913081    0.895695   0.0069661
     2.54701    0.938301    0.899837  0.00629606
     2.55214     0.94079    0.891396   0.0060802
     2.55727    0.936992    0.889593  0.00648717
      2.5624    0.931794     0.88667  0.00624037
