 1   0.0487868   0.0487868           0
 2   0.0493613   0.0490741 0.000203125
 3   0.0489136   0.0490206 0.000142284
 4   0.0489725   0.0490086  0.00010722
 5   0.0488853   0.0489839 8.85621e-05
 6   0.0486751   0.0489324  8.7491e-05
 7   0.0490391   0.0489477 7.63086e-05
 8   0.0486659   0.0489125 7.44583e-05
 9   0.0490158   0.0489239 6.70639e-05
10   0.0487084   0.0489024 6.37253e-05
11   0.0490916   0.0489196 6.02101e-05
12   0.0490196   0.0489279 5.57659e-05
13   0.0489093   0.0489265 5.14946e-05
14   0.0486966   0.0489101 5.03661e-05
15   0.0490903   0.0489221 4.84201e-05
16   0.0491156   0.0489342 4.68806e-05
17   0.0492739   0.0489542 4.81939e-05
18   0.0488418   0.0489479 4.59186e-05
19   0.0491837   0.0489603 4.51477e-05
20   0.0487091   0.0489478 4.46042e-05
