 1     1.82807     1.82807           0
 2     1.84012     1.83409  0.00426271
 3     1.78603     1.81807   0.0133861
 4     1.76847     1.80567    0.014702
 5     1.76955     1.79845   0.0134198
 6      1.7723     1.79409   0.0118697
 7     1.80689     1.79592   0.0103138
 8     1.78678     1.79478  0.00908758
 9     1.80314      1.7957  0.00812519
10     1.77683     1.79382  0.00752863
11     1.77066     1.79171  0.00713242
12     1.81555      1.7937  0.00680896
13     1.80383     1.79448  0.00632961
14     1.79308     1.79438  0.00587829
15     1.76356     1.79232  0.00583439
16      1.7992     1.79275  0.00548557
17     1.83278     1.79511  0.00564552
18     1.75776     1.79303   0.0057004
19     1.74172     1.79033  0.00600615
20     1.71525     1.78658   0.0067784
