 1     1.19944     1.19944           0
 2     1.20111     1.20028 0.000588803
 3     1.19355     1.19803  0.00187192
 4     1.19681     1.19773  0.00142882
 5     1.20918     1.20002  0.00234567
 6     1.20067     1.20013  0.00195722
 7     1.20451     1.20075  0.00177514
 8     1.19562     1.20011  0.00166534
 9     1.20253     1.20038  0.00150185
10     1.20353     1.20069  0.00138428
11     1.19589     1.20026  0.00132555
12     1.19905     1.20016   0.0012189
13     1.20197      1.2003  0.00113307
14     1.20003     1.20028   0.0010523
15     1.19472     1.19991  0.00104526
16     1.20263     1.20008 0.000993641
17     1.19302     1.19966  0.00101812
18     1.20472     1.19994 0.000999641
19     1.21049      1.2005  0.00109029
20      1.1938     1.20016  0.00108597
