 1     1.66354     1.66354           0
 2     1.63648     1.65001  0.00956772
 3     1.62712     1.64238  0.00891493
 4     1.67136     1.64962  0.00916924
 5     1.64853      1.6494  0.00733802
 6     1.66405     1.65184  0.00650818
 7     1.64145     1.65036  0.00574549
 8       1.644     1.64956  0.00508207
 9     1.65559     1.65023  0.00456132
10     1.67213     1.65242  0.00460075
11      1.6483     1.65205  0.00419776
12     1.66881     1.65344  0.00407379
13     1.62302      1.6511  0.00438127
14     1.64352     1.65056  0.00410167
15     1.65891     1.65112   0.0038658
16     1.63207     1.64993  0.00380309
17     1.63382     1.64898  0.00369561
18     1.63911     1.64843  0.00353077
19     1.63374     1.64766  0.00342862
20     1.67019     1.64879  0.00343732
