 1   -0.442428   -0.442428           0
 2    -0.45453   -0.448479  0.00427853
 3   -0.400459   -0.432472    0.013377
 4   -0.382721   -0.420034   0.0147201
 5    -0.38386   -0.412799   0.0134369
 6   -0.386631   -0.408438   0.0118842
 7   -0.421376   -0.410286   0.0103292
 8   -0.401109   -0.409139  0.00910151
 9   -0.417471   -0.410065  0.00813718
10   -0.391127   -0.408171  0.00754061
11   -0.384907   -0.406056  0.00714554
12   -0.429867    -0.40804  0.00682003
13   -0.418163   -0.408819  0.00633971
14   -0.407453   -0.408722  0.00588762
15   -0.377809   -0.406661  0.00584467
16   -0.413526    -0.40709   0.0054951
17   -0.447034   -0.409439  0.00565193
18   -0.372182    -0.40737  0.00570436
19   -0.355986   -0.404665  0.00601111
20   -0.329447   -0.400904  0.00678585
