 1    -5.04231    -5.04231           0
 2    -5.01628     -5.0293  0.00920035
 3    -5.00435    -5.02098   0.0091506
 4    -5.04871    -5.02791  0.00911833
 5    -5.02715    -5.02776  0.00729592
 6    -5.04277    -5.03026  0.00649445
 7    -5.02069    -5.02889  0.00570889
 8    -5.02265    -5.02811  0.00504826
 9    -5.03277    -5.02863  0.00451379
10    -5.05214    -5.03098   0.0046346
11    -5.02663    -5.03059  0.00423015
12    -5.04862    -5.03209  0.00413593
13    -5.00248    -5.02981  0.00440046
14    -5.02305    -5.02933  0.00411255
15    -5.03545    -5.02974  0.00385856
16    -5.01013    -5.02851  0.00380697
17    -5.01407    -5.02766  0.00367653
18     -5.0176     -5.0271   0.0035145
19    -5.01172    -5.02629  0.00342147
20    -5.04927    -5.02744  0.00343785
