 1    -6.65833    -6.65833           0
 2    -6.65884    -6.65859 0.000180937
 3    -6.65111     -6.6561   0.0020382
 4     -6.6546    -6.65572  0.00156241
 5    -6.66672    -6.65792  0.00233111
 6    -6.65794    -6.65793   0.0019426
 7    -6.66226    -6.65854  0.00176091
 8    -6.65382    -6.65795  0.00163689
 9    -6.66154    -6.65835  0.00150265
10     -6.6614    -6.65866  0.00138302
11    -6.65324    -6.65816  0.00134212
12    -6.65565    -6.65795  0.00124653
13    -6.65987     -6.6581  0.00115936
14    -6.65689    -6.65802   0.0010798
15    -6.65191    -6.65761  0.00108176
16      -6.661    -6.65782  0.00103465
17     -6.6507     -6.6574  0.00105512
18     -6.6625    -6.65768  0.00103376
19      -6.669    -6.65828  0.00113814
20    -6.65217    -6.65798  0.00112145
