 1     1.38564     1.38564           0
 2     1.38559     1.38562  1.5819e-05
 3     1.38557      1.3856 1.57251e-05
 4     1.38575     1.38564   3.338e-05
 5     1.38569     1.38565 2.82352e-05
 6     1.38567     1.38565 2.37445e-05
 7     1.38551     1.38563  2.7633e-05
 8     1.38567     1.38564 2.46695e-05
 9     1.38566     1.38564 2.21287e-05
10     1.38571     1.38565    2.09e-05
11     1.38575     1.38566 2.12278e-05
12     1.38568     1.38566 1.95379e-05
13     1.38566     1.38566 1.80394e-05
14     1.38562     1.38566 1.69109e-05
15     1.38575     1.38566 1.69384e-05
16     1.38568     1.38566 1.59114e-05
17     1.38574     1.38567 1.56264e-05
18     1.38558     1.38566 1.55226e-05
19     1.38573     1.38567 1.51469e-05
20      1.3858     1.38567 1.57703e-05
