 1    -5.45889    -5.45889           0
 2    -5.45773    -5.45831 0.000407866
 3    -5.45756    -5.45806 0.000340122
 4     -5.4578    -5.45799 0.000261504
 5    -5.45754     -5.4579 0.000224202
 6    -5.45727     -5.4578 0.000210148
 7    -5.45774    -5.45779 0.000180275
 8     -5.4582    -5.45784   0.0001649
 9    -5.45901    -5.45797 0.000190618
10    -5.45787    -5.45796 0.000171805
11    -5.45735    -5.45791 0.000164978
12     -5.4566     -5.4578 0.000183717
13    -5.45791    -5.45781 0.000169776
14    -5.45686    -5.45774 0.000170658
15    -5.45719     -5.4577  0.00016316
16    -5.45837    -5.45774 0.000158221
17    -5.45768    -5.45774  0.00014896
18    -5.45777    -5.45774 0.000140695
19    -5.45851    -5.45778 0.000139051
20    -5.45837    -5.45781 0.000135185
