 1    -3.37877    -3.37877           0
 2    -3.37981    -3.37929 0.000367379
 3    -3.37722     -3.3786 0.000613421
 4    -3.37735    -3.37829  0.00053389
 5    -3.37863    -3.37836 0.000431438
 6    -3.37872    -3.37842 0.000363759
 7    -3.37924    -3.37853 0.000330326
 8    -3.37866    -3.37855 0.000289404
 9    -3.37718     -3.3784 0.000294598
10    -3.38002    -3.37856 0.000306447
11    -3.37833    -3.37854 0.000279299
12    -3.37981    -3.37864 0.000275285
13    -3.37946    -3.37871 0.000261097
14    -3.37953    -3.37877 0.000248985
15    -3.37654    -3.37862 0.000273164
16    -3.37806    -3.37858 0.000258292
17    -3.38026    -3.37868 0.000261247
18    -3.37849    -3.37867  0.00024694
19    -3.37799    -3.37863 0.000236541
20    -3.37908    -3.37866 0.000225748
