 1   0.0498382   0.0498382           0
 2   0.0471927   0.0485155 0.000935334
 3   0.0491854   0.0487388 0.000649667
 4   0.0472602   0.0483691 0.000582995
 5     0.04874   0.0484433 0.000471091
 6    0.050231   0.0487413 0.000477593
 7   0.0465458   0.0484276 0.000501895
 8   0.0486429   0.0484545 0.000439879
 9   0.0477623   0.0483776 0.000397672
10    0.048792    0.048419 0.000360057
11   0.0498382   0.0485481 0.000349676
12     0.04984   0.0486557 0.000336703
13   0.0499117   0.0487523 0.000324368
14   0.0490779   0.0487756 0.000302031
15   0.0481416   0.0487333 0.000284838
16   0.0488207   0.0487388 0.000267088
17   0.0497937   0.0488008 0.000258485
18    0.048295   0.0487727 0.000245647
19   0.0483436   0.0487502 0.000233754
20   0.0469629   0.0486608 0.000238537
