 1     9.63467     9.63467           0
 2     9.62286     9.62876  0.00417543
 3     9.65752     9.63835  0.00830676
 4     9.64041     9.63886    0.006246
 5     9.59503      9.6301  0.00929727
 6     9.62342     9.62898  0.00781394
 7      9.6009     9.62497  0.00765834
 8     9.64478     9.62745  0.00709003
 9     9.61687     9.62627  0.00639897
10     9.59731     9.62338  0.00638106
11      9.6401      9.6249  0.00597942
12     9.61959     9.62445  0.00549749
13     9.62416     9.62443  0.00507465
14     9.64981     9.62624   0.0050255
15     9.62482     9.62615  0.00469137
16     9.62346     9.62598  0.00440116
17     9.65773     9.62785  0.00452109
18     9.60892      9.6268  0.00439053
19     9.55128     9.62282  0.00568047
20     9.65847      9.6246  0.00566911
