 1    0.799629    0.799629           0
 2    0.800739    0.800184 0.000392535
 3    0.795701     0.79869  0.00124795
 4    0.797872    0.798485 0.000952548
 5    0.806119    0.800012  0.00156378
 6    0.800445    0.800084  0.00130481
 7    0.803009    0.800502  0.00118343
 8    0.797078    0.800074  0.00111022
 9    0.801687    0.800253  0.00100123
10    0.802353    0.800463 0.000922853
11     0.79726    0.800172   0.0008837
12    0.799367    0.800105   0.0008126
13    0.801312    0.800198  0.00075538
14    0.800019    0.800185 0.000701532
15    0.796482    0.799938 0.000696839
16    0.801751    0.800052 0.000662428
17     0.79535    0.799775 0.000678747
18     0.80315    0.799962 0.000666428
19    0.806993    0.800332 0.000726859
20    0.795868    0.800109 0.000723981
