 1     1.21871     1.21871           0
 2     1.22675     1.22273  0.00284181
 3     1.19069     1.21205   0.0089241
 4     1.17898     1.20378  0.00980132
 5      1.1797     1.19896  0.00894652
 6     1.18153     1.19606  0.00791311
 7     1.20459     1.19728  0.00687587
 8     1.19119     1.19652  0.00605839
 9     1.20209     1.19714  0.00541679
10     1.18456     1.19588  0.00501908
11     1.18044     1.19447  0.00475495
12     1.21036      1.1958  0.00453931
13     1.20255     1.19632  0.00421974
14     1.19538     1.19625  0.00391886
15     1.17571     1.19488  0.00388959
16     1.19947     1.19517  0.00365705
17     1.22185     1.19674  0.00376368
18     1.17184     1.19535  0.00380027
19     1.16115     1.19355   0.0040041
20      1.1435     1.19105  0.00451893
