 1     1.10902     1.10902           0
 2     1.09098         1.1  0.00637848
 3     1.08475     1.09492  0.00594329
 4     1.11424     1.09975  0.00611283
 5     1.09902      1.0996  0.00489201
 6     1.10936     1.10123  0.00433878
 7      1.0943     1.10024  0.00383033
 8       1.096     1.09971  0.00338805
 9     1.10373     1.10016  0.00304088
10     1.11475     1.10162  0.00306717
11     1.09887     1.10137  0.00279851
12     1.11254      1.1023  0.00271586
13     1.08202     1.10074  0.00292084
14     1.09568     1.10038  0.00273445
15     1.10594     1.10075   0.0025772
16     1.08805     1.09995  0.00253539
17     1.08921     1.09932  0.00246374
18     1.09274     1.09896  0.00235384
19     1.08916     1.09844  0.00228575
20     1.11346     1.09919  0.00229154
