           1     1.34062     1.34062           0
           2     1.34895     1.34479   0.0041676
           3     1.35086     1.34681  0.00314398
           4     1.35741     1.34946  0.00345825
           5     1.36218       1.352  0.00369397
           6     1.37962     1.35661   0.0055034
           7     1.36224     1.35741  0.00472043
           8     1.37979     1.36021  0.00495343
           9     1.36801     1.36107  0.00445367
          10     1.37729      1.3627  0.00430086
          11     1.36833     1.36321   0.0039238
          12      1.3409     1.36135  0.00403569
          13     1.38164     1.36291  0.00402714
          14     1.36357     1.36296  0.00372871
          15     1.36878     1.36334  0.00349285
          16     1.36689     1.36357  0.00327477
          17     1.36716     1.36378  0.00308337
          18     1.34934     1.36298   0.0030156
          19     1.35433     1.36252  0.00288851
          20     1.36755     1.36277  0.00275179
           1     1.50456     1.50456           0
           2     1.51517     1.50987  0.00530821
           3     1.50382     1.50785  0.00366717
           4     1.49252     1.50402  0.00462735
           5     1.50421     1.50406  0.00358453
           6     1.50277     1.50384  0.00293467
           7     1.51488     1.50542  0.00293929
           8     1.51164      1.5062  0.00266166
           9     1.50239     1.50577  0.00238512
          10     1.51071     1.50627  0.00218976
          11     1.52764     1.50821   0.0027745
          12      1.5172     1.50896   0.0026413
          13     1.51457     1.50939  0.00246769
          14     1.48024     1.50731  0.00309118
          15     1.52326     1.50837  0.00306799
          16     1.52349     1.50932  0.00302141
          17     1.48697       1.508  0.00312791
          18     1.48609     1.50679  0.00319052
          19     1.50673     1.50678  0.00301793
          20     1.53434     1.50816  0.00317726
           1     1.66973     1.66973           0
           2     1.67269     1.67121  0.00147844
           3     1.67273     1.67172 0.000993499
           4       1.729     1.68604   0.0143388
           5     1.67431     1.68369   0.0113519
           6     1.67688     1.68256  0.00933817
           7     1.69263       1.684  0.00802228
           8     1.67089     1.68236  0.00713817
           9     1.70263     1.68461  0.00668618
          10     1.68154      1.6843  0.00598819
          11     1.69226     1.68503  0.00546457
          12     1.68063     1.68466   0.0050019
          13     1.69428      1.6854  0.00466025
          14     1.66867      1.6842  0.00447699
          15      1.6972     1.68507    0.004257
          16     1.67404     1.68438  0.00404132
          17     1.68569     1.68446  0.00379694
          18     1.68599     1.68454   0.0035808
          19     1.69313       1.685   0.0034171
          20     1.68659     1.68508  0.00324273
           1     1.88997     1.88997           0
           2     1.91218     1.90107   0.0111056
           3     1.89255     1.89823  0.00701244
           4     1.93832     1.90826   0.0111826
           5     1.90891     1.90839  0.00866296
           6     1.88181     1.90396  0.00834566
           7     1.92306     1.90669  0.00756287
           8     1.90343     1.90628  0.00656231
           9     1.89302     1.90481   0.0059719
          10     1.91544     1.90587  0.00544618
          11     1.90813     1.90607  0.00493055
          12     1.90551     1.90603   0.0045012
          13     1.88914     1.90473  0.00433938
          14     1.89489     1.90403  0.00407848
          15     1.89983     1.90375  0.00380712
          16     1.86943      1.9016  0.00415734
          17     1.88449      1.9006  0.00403274
          18     1.90315     1.90074  0.00380476
          19     1.87939     1.89961  0.00377025
          20      1.9372     1.90149  0.00404049
           1     2.20724     2.20724           0
           2     2.18046     2.19385    0.013392
           3     2.16567     2.18446   0.0121653
           4     2.19221      2.1864  0.00881773
           5     2.16466     2.18205  0.00809601
           6     2.18175       2.182  0.00661056
           7     2.16965     2.18023  0.00585864
           8     2.17275      2.1793  0.00515935
           9     2.18008     2.17939  0.00455094
          10     2.19753      2.1812  0.00445659
          11     2.20106     2.18301  0.00441698
          12     2.20752     2.18505   0.0045201
          13     2.18783     2.18526   0.0041634
          14     2.16805     2.18403  0.00404585
          15      2.1857     2.18414  0.00376813
          16     2.19391     2.18475  0.00357725
          17     2.18288     2.18464  0.00336206
          18     2.14777      2.1826  0.00377421
          19     2.24462     2.18586  0.00483756
          20     2.16593     2.18486  0.00469629
           1     2.51564     2.51564           0
           2     2.53457      2.5251  0.00946347
           3     2.57124     2.54048   0.0163202
           4      2.5274     2.53721   0.0119949
           5     2.52504     2.53478  0.00960473
           6     2.54016     2.53567  0.00789341
           7     2.53725      2.5359  0.00667493
           8     2.52569     2.53462  0.00591989
           9     2.52515     2.53357  0.00532588
          10     2.50576     2.53079  0.00551569
          11     2.56098     2.53353  0.00569439
          12     2.49609     2.53041  0.00606286
          13     2.57307     2.53369  0.00647073
          14     2.53667     2.53391   0.0059945
          15     2.48034     2.53034  0.00662544
          16     2.53964     2.53092  0.00622474
          17     2.54689     2.53186  0.00592211
          18     2.45943     2.52783  0.00688225
          19     2.51823     2.52733  0.00652954
          20     2.54305     2.52811  0.00624415
           1     2.94689     2.94689           0
           2     2.99919     2.97304   0.0261474
           3     2.95529     2.96712   0.0162142
           4     2.96998     2.96784   0.0114875
           5     2.91347     2.95696   0.0140494
           6      3.0899     2.97912   0.0249492
           7     2.95549     2.97574   0.0213544
           8     2.93989     2.97126   0.0190288
           9     2.97085     2.97122   0.0167819
          10     3.02783     2.97688   0.0160423
          11     3.01919     2.98072    0.015012
          12     3.00749     2.98295   0.0138843
          13     3.03227     2.98675   0.0133232
          14     2.99647     2.98744   0.0123544
          15     2.97081     2.98633   0.0115547
          16     2.98485     2.98624   0.0108088
          17     2.93281      2.9831   0.0106285
          18     2.97709     2.98276   0.0100262
          19     3.00022     2.98368  0.00952823
          20     3.03537     2.98627  0.00940152
           1     3.62236     3.62236           0
           2     3.53341     3.57788   0.0444723
           3     3.54117     3.56565    0.028443
           4     3.53176     3.55718   0.0218234
           5     3.56149     3.55804   0.0169263
           6     3.60579       3.566   0.0159483
           7     3.63536     3.57591   0.0167294
           8      3.5972     3.57857   0.0147305
           9     3.54284      3.5746   0.0135842
          10     3.56676     3.57381   0.0121753
          11     3.57816     3.57421   0.0110201
          12     3.66782     3.58201     0.01273
          13     3.61008     3.58417   0.0119073
          14     3.51575     3.57928   0.0120588
          15     3.55731     3.57782   0.0113213
          16     3.55334     3.57629      0.0107
          17     3.53666     3.57396   0.0103177
          18     3.61149     3.57604  0.00994854
          19     3.61381     3.57803  0.00961803
          20     3.53842     3.57605  0.00933694
           1     4.43008     4.43008           0
           2     4.37874     4.40441   0.0256697
           3     4.44066      4.4165   0.0191218
           4       4.505     4.43862   0.0259313
           5     4.32348     4.41559   0.0305582
           6      4.3909     4.41148   0.0252877
           7     4.36277     4.40452   0.0224764
           8     4.36109     4.39909    0.020208
           9      4.4791     4.40798   0.0199158
          10     4.48656     4.41584   0.0194695
          11     4.43422     4.41751     0.01769
          12     4.32761     4.41002   0.0178016
          13     4.43086     4.41162   0.0164534
          14     4.40891     4.41143   0.0152341
          15     4.45553     4.41437   0.0144837
          16     4.42369     4.41495   0.0135608
          17     4.56605     4.42384   0.0155327
          18     4.37156     4.42093   0.0149296
          19      4.4988     4.42503   0.0147046
          20     4.47075     4.42732   0.0141361
           1     5.54712     5.54712           0
           2     5.54703     5.54707 4.18182e-05
           3     5.59166     5.56194   0.0148637
           4     5.57012     5.56398   0.0107076
           5     5.47858      5.5469   0.0189884
           6     5.67588      5.5684   0.0265041
           7     5.64739     5.57968   0.0250817
           8     5.70844     5.59578   0.0270344
           9     5.71214     5.60871   0.0271223
          10     5.62145     5.60998   0.0242924
          11     5.71693      5.6197   0.0240284
          12     5.46768     5.60704   0.0253303
          13     5.59973     5.60647   0.0233073
          14     5.68696     5.61222    0.022331
          15     5.74745     5.62124   0.0226596
          16     5.53258      5.6157   0.0219085
          17     5.50738     5.60932   0.0215432
          18     5.43596     5.59969    0.022479
          19     5.80408     5.61045   0.0238292
          20     5.62258     5.61106   0.0226145
           1     7.33709     7.33709           0
           2     7.35174     7.34442   0.0073284
           3     7.52519     7.40468   0.0604077
           4     7.16205     7.34402   0.0741873
           5     7.62788     7.40079   0.0807802
           6     7.56588     7.42831   0.0714659
           7     7.29103      7.4087   0.0635036
           8     7.32747     7.39854   0.0559252
           9     7.36761     7.39511    0.049441
          10     7.24002      7.3796   0.0468618
          11     7.33667      7.3757   0.0425674
          12     7.59085     7.39363   0.0427955
          13     7.37811     7.39243   0.0393842
          14     7.37369     7.39109   0.0364872
          15     7.34143     7.38778   0.0341287
          16     7.32681     7.38397   0.0321512
          17     7.21428     7.37399   0.0318075
          18     7.45296     7.37838   0.0303076
          19     7.09421     7.36342   0.0323349
          20     7.48101      7.3693   0.0312339
           1     10.5091     10.5091           0
           2     10.6724     10.5908   0.0816093
           3     10.0126      10.398    0.198409
           4     10.4633     10.4143    0.141243
           5     9.84889     10.3013    0.157352
           6     10.2232     10.2882    0.129134
           7     9.99246      10.246    0.117033
           8     10.2974     10.2524    0.101557
           9     10.1224      10.238   0.0907224
          10     10.2355     10.2377    0.081145
          11     9.94955     10.2115   0.0779334
          12     10.3279     10.2212   0.0718007
          13     10.3193     10.2288   0.0664762
          14      10.456      10.245   0.0636489
          15     10.0233     10.2302   0.0610693
          16     10.0036      10.216   0.0588554
          17     10.0986     10.2091   0.0557149
          18     10.5044     10.2255   0.0550309
          19     10.2049     10.2245   0.0520654
          20     10.4116     10.2338   0.0502723
           1     15.4229     15.4229           0
           2     14.5709     14.9969    0.425984
           3     15.3184     15.1041    0.268271
           4     15.6792     15.2479    0.238032
           5     15.7142     15.3411    0.206628
           6     15.1909     15.3161     0.17056
           7     15.1358     15.2903    0.146433
           8     14.6956      15.216    0.146998
           9     15.7265     15.2727    0.141506
          10     15.7925     15.3247    0.136825
          11     15.9581     15.3823    0.136505
          12     14.5116     15.3097    0.144195
          13     14.6096     15.2559    0.143158
          14     14.8359     15.2259    0.135891
          15     15.0591     15.2147    0.126996
          16     14.9245     15.1966    0.120171
          17     15.2393     15.1991    0.112909
          18     15.3527     15.2076    0.106793
          19     14.6828       15.18    0.104725
          20     15.1607     15.1791   0.0993554
           1     23.5523     23.5523           0
           2     23.9221     23.7372    0.184868
           3     24.3477     23.9407    0.229778
           4      24.553     24.0938    0.223233
           5      24.163     24.1076    0.173469
           6     24.5832     24.1869     0.16231
           7     24.1277     24.1784    0.137438
           8     25.3433      24.324    0.188069
           9     24.2559     24.3165    0.166033
          10     22.8814      24.173    0.206515
          11     23.9896     24.1563    0.187543
          12     25.4283     24.2623    0.201362
          13     23.9972     24.2419    0.186346
          14     25.5889     24.3381    0.197538
          15     25.7548     24.4326    0.206734
          16     25.5267      24.501    0.205116
          17      24.531     24.5027    0.192681
          18     24.5593     24.5059    0.181689
          19     26.6201     24.6171     0.20474
          20     25.2397     24.6483    0.196711
           1     44.3876     44.3876           0
           2     41.5454     42.9665     1.42109
           3     45.2392     43.7241     1.11673
           4     44.0262     43.7996     0.79325
           5      47.258     44.4913    0.925193
           6     43.6671     44.3539    0.767805
           7     46.5378     44.6659    0.720018
           8     44.6791     44.6676    0.623556
           9     44.8159      44.684    0.550171
          10     44.6438       44.68    0.492105
          11     44.9914     44.7083    0.446025
          12     45.6605     44.7877    0.414823
          13     44.3793     44.7563    0.382873
          14     45.5131     44.8103     0.35857
          15     46.1762     44.9014    0.346008
          16     45.3807     44.9313    0.325044
          17     45.1298      44.943    0.305549
          18     50.0383     45.2261    0.403877
          19     41.9547     45.0539    0.419035
          20     44.2229     45.0123    0.399697
           1     76.7428     76.7428           0
           2     80.7907     78.7667     2.02395
           3     78.9474     78.8269     1.17008
           4     76.8362     78.3292    0.965525
           5     80.6487     78.7931    0.880079
           6     79.3315     78.8829    0.724163
           7     78.0293     78.7609    0.624058
           8     79.0104     78.7921    0.541349
           9     78.8188     78.7951    0.477434
          10     74.7887     78.3944     0.58555
          11     76.6668     78.2374    0.552446
          12     79.8504     78.3718    0.521917
          13     78.2496     78.3624    0.480186
          14     82.0675     78.6271    0.517375
          15     81.3965     78.8117    0.515824
          16     77.2281     78.7127    0.492556
          17     83.9402     79.0202    0.555542
          18     77.8794     78.9568     0.52759
          19     79.6753     78.9946    0.500481
          20     76.6819      78.879    0.488677
