           1     1.35481     1.35481           0
           2     1.34762     1.35122    0.003591
           3     1.36943     1.35729  0.00641651
           4     1.36622     1.35952  0.00505656
           5     1.34929     1.35747  0.00441917
           6     1.35475     1.35702  0.00363668
           7     1.37156      1.3591  0.00370952
           8     1.35754      1.3589  0.00321846
           9     1.36463     1.35954  0.00290883
          10     1.35681     1.35927  0.00261595
          11     1.36621      1.3599  0.00244901
          12      1.3392     1.35817   0.0028235
          13     1.34325     1.35702  0.00283961
          14      1.3511      1.3566  0.00266285
          15     1.36685     1.35728  0.00257142
          16     1.36529     1.35778  0.00245685
          17     1.36299     1.35809  0.00232804
          18     1.35957     1.35817  0.00219644
          19      1.3563     1.35807  0.00207997
          20     1.35972     1.35816  0.00197495
           1     1.51341     1.51341           0
           2     1.49444     1.50393  0.00948589
           3     1.51477     1.50754  0.00656258
           4     1.50433     1.50674  0.00470918
           5     1.51027     1.50745  0.00371555
           6     1.50609     1.50722  0.00304209
           7     1.51993     1.50904  0.00314772
           8     1.48583     1.50614  0.00398092
           9     1.50506     1.50602   0.0035129
          10     1.49292     1.50471    0.003404
          11     1.53211      1.5072  0.00396044
          12     1.51926      1.5082  0.00375254
          13     1.49307     1.50704  0.00364286
          14     1.50911     1.50719  0.00337589
          15     1.51319     1.50759  0.00316817
          16     1.49915     1.50706  0.00301011
          17     1.51795      1.5077  0.00289922
          18     1.49492     1.50699  0.00282416
          19     1.52039      1.5077  0.00276295
          20     1.51492     1.50806  0.00264591
           1     1.67853     1.67853           0
           2     1.68091     1.67972  0.00118933
           3     1.68831     1.68258  0.00294574
           4     1.68892     1.68417   0.0026166
           5     1.69225     1.68578  0.00259271
           6     1.68691     1.68597   0.0021253
           7     1.69585     1.68738  0.00228392
           8     1.66114      1.6841  0.00382999
           9     1.68095     1.68375  0.00339586
          10      1.6773     1.68311  0.00310513
          11     1.69514      1.6842  0.00301416
          12     1.69001     1.68468  0.00279373
          13      1.6927      1.6853  0.00264275
          14     1.69689     1.68613  0.00258297
          15       1.691     1.68645  0.00242642
          16     1.70426     1.68757  0.00252787
          17     1.69166     1.68781  0.00238671
          18     1.70079     1.68853  0.00236295
          19      1.6953     1.68888  0.00226333
          20     1.70953     1.68992  0.00238242
           1     1.91129     1.91129           0
           2     1.92642     1.91885  0.00756212
           3     1.90649     1.91473  0.00600491
           4      1.9031     1.91182  0.00514676
           5     1.92148     1.91375  0.00442958
           6     1.87759     1.90773  0.00702894
           7     1.90146     1.90683  0.00600761
           8     1.92406     1.90899   0.0056307
           9      1.9242     1.91068  0.00524583
          10     1.90581     1.91019  0.00471718
          11      1.9055     1.90976  0.00428807
          12     1.90581     1.90943  0.00392827
          13     1.90819     1.90934  0.00361474
          14      1.9014     1.90877  0.00339426
          15     1.89585     1.90791   0.0032753
          16     1.91315     1.90824  0.00308121
          17     1.89153     1.90725  0.00305664
          18     1.90177     1.90695  0.00289788
          19     1.87543     1.90529  0.00320411
          20     1.89711     1.90488  0.00306711
           1     2.19223     2.19223           0
           2     2.17746     2.18484   0.0073875
           3     2.16504     2.17824  0.00785851
           4     2.20128       2.184  0.00800228
           5     2.18368     2.18394  0.00619886
           6     2.21609      2.1893  0.00737075
           7     2.18678     2.18894  0.00623975
           8     2.19854     2.19014   0.0055355
           9     2.18481     2.18954   0.0049176
          10     2.18359     2.18895  0.00443862
          11     2.15822     2.18616  0.00489088
          12     2.18459     2.18603  0.00446666
          13     2.20714     2.18765  0.00441814
          14     2.16109     2.18575  0.00450894
          15     2.16076     2.18409  0.00451629
          16     2.20727     2.18553  0.00446613
          17     2.18643     2.18559  0.00419553
          18     2.17912     2.18523  0.00397188
          19     2.19292     2.18563  0.00377876
          20     2.18343     2.18552  0.00358653
           1     2.51927     2.51927           0
           2     2.55009     2.53468   0.0154147
           3      2.4967     2.52202   0.0154754
           4     2.53588     2.52549   0.0114785
           5     2.52464     2.52532  0.00889281
           6     2.52448     2.52518  0.00726229
           7     2.52006     2.52444  0.00618117
           8     2.51392     2.52313  0.00551233
           9      2.5266     2.52351  0.00487666
          10     2.55185     2.52635  0.00520116
          11     2.52648     2.52636  0.00470464
          12     2.50944     2.52495  0.00452013
          13     2.55395     2.52718  0.00471842
          14      2.5299     2.52737  0.00437273
          15     2.54085     2.52827  0.00416881
          16      2.5368     2.52881  0.00393581
          17     2.54408      2.5297   0.0038046
          18      2.4989     2.52799   0.0039743
          19     2.52688     2.52793  0.00375977
          20     2.55143     2.52911  0.00375532
           1     3.03701     3.03701           0
           2     2.99132     3.01416    0.022846
           3     2.98881     3.00571   0.0156645
           4     3.02265     3.00995   0.0118582
           5     2.98117     3.00419     0.01084
           6     2.95032     2.99521   0.0126072
           7     2.98903     2.99433   0.0106916
           8     2.96228     2.99032   0.0100889
           9     3.00645     2.99212  0.00907623
          10     2.95754     2.98866  0.00882363
          11     2.99939     2.98963  0.00804064
          12     2.98891     2.98957  0.00734031
          13     3.00169      2.9905  0.00681609
          14      2.9357     2.98659  0.00742622
          15     2.95525      2.9845  0.00722234
          16     2.95319     2.98254  0.00703352
          17     2.98579     2.98273   0.0066096
          18     2.94976      2.9809  0.00649522
          19     3.01258     2.98257    0.006366
          20     2.94793     2.98084  0.00628282
           1     3.61402     3.61402           0
           2     3.60897      3.6115  0.00252185
           3     3.54466     3.58922   0.0223249
           4     3.56269     3.58259   0.0171226
           5     3.62302     3.59067   0.0155341
           6     3.54309     3.58274   0.0149586
           7     3.53976      3.5766   0.0140549
           8     3.53138     3.57095   0.0134204
           9     3.55215     3.56886   0.0120186
          10     3.63769     3.57574   0.0127645
          11     3.59761     3.57773   0.0117158
          12     3.66167     3.58473   0.0127791
          13      3.6098     3.58665   0.0119122
          14     3.54744     3.58385   0.0113787
          15     3.55658     3.58204   0.0107479
          16     3.54454     3.57969   0.0103232
          17     3.54559     3.57769  0.00990228
          18     3.61731     3.57989  0.00959192
          19     3.58573     3.58019  0.00907826
          20     3.62124     3.58225  0.00885351
           1     4.49701     4.49701           0
           2     4.30628     4.40165   0.0953667
           3     4.34723     4.38351   0.0579705
           4     4.42235     4.39322   0.0421256
           5     4.39801     4.39418   0.0326445
           6     4.33465     4.38426   0.0284406
           7     4.43144       4.391   0.0249641
           8      4.4141     4.39389   0.0218116
           9     4.34439     4.38839   0.0200067
          10     4.42451       4.392   0.0182555
          11     4.47516     4.39956   0.0181613
          12     4.46208     4.40477   0.0173784
          13     4.44729     4.40804    0.016317
          14     4.37708     4.40583   0.0152676
          15     4.43701     4.40791   0.0143646
          16     4.45751     4.41101   0.0137899
          17     4.52019     4.41743    0.014458
          18     4.41018     4.41703   0.0136371
          19     4.33746     4.41284   0.0135622
          20       4.368      4.4106   0.0130601
           1     5.58915     5.58915           0
           2     5.62109     5.60512   0.0159698
           3     5.50586     5.57203   0.0343466
           4     5.50071      5.5542   0.0301293
           5     5.62653     5.56867    0.027458
           6     5.65276     5.58268   0.0264399
           7     5.52799     5.57487   0.0236727
           8     5.55155     5.57196   0.0207073
           9     5.52439     5.56667   0.0190114
          10     5.58088     5.56809   0.0170636
          11     5.52914     5.56455   0.0158355
          12     5.63692     5.57058   0.0156633
          13     5.58691     5.57184   0.0144627
          14     5.49936     5.56666    0.014356
          15     5.68292     5.57441   0.0154494
          16     5.54815     5.57277   0.0145445
          17     5.72044     5.58146   0.0161899
          18     5.59163     5.58202   0.0152744
          19     5.52774     5.57917   0.0147278
          20     5.39859     5.57014   0.0166355
           1     7.50855     7.50855           0
           2     7.45969     7.48412   0.0244312
           3      7.5031     7.49045   0.0154585
           4     7.18481     7.41404   0.0771861
           5     7.28506     7.38824   0.0651157
           6     7.31063     7.37531   0.0547178
           7     7.44354     7.38505   0.0472611
           8     7.41679     7.38902    0.041121
           9     7.43166     7.39376   0.0365736
          10     7.37519      7.3919   0.0327651
          11     7.48747     7.40059   0.0308844
          12     7.43384     7.40336   0.0283293
          13     7.17763       7.386   0.0313141
          14     7.43932      7.3898   0.0292403
          15     7.25308     7.38069   0.0287069
          16     7.45519     7.38535   0.0272535
          17     7.25625     7.37775   0.0267027
          18     7.54336     7.38695    0.026804
          19     7.25945     7.38024   0.0262271
          20     7.46783     7.38462   0.0252637
           1     10.5922     10.5922           0
           2     9.99696     10.2946    0.297626
           3     10.1569     10.2487    0.177855
           4     10.1347     10.2202    0.128951
           5     10.4283     10.2618    0.108206
           6     10.4778     10.2978   0.0954012
           7       10.37     10.3081   0.0812865
           8     10.1586     10.2894   0.0728343
           9     10.5063     10.3135    0.068603
          10     10.3005     10.3122   0.0613742
          11     10.2048     10.3025   0.0563679
          12     10.3193     10.3039   0.0514758
          13     10.0106     10.2813   0.0524495
          14     10.2304     10.2777    0.048695
          15     10.4097     10.2865   0.0461793
          16     10.2112     10.2818   0.0434519
          17      10.132      10.273   0.0417566
          18     10.0515     10.2607   0.0412462
          19     10.2398     10.2596   0.0390304
          20     10.1878      10.256   0.0372009
           1     15.1481     15.1481           0
           2     15.2356     15.1918   0.0437335
           3     15.5616     15.3151    0.125822
           4     15.2973     15.3107   0.0890804
           5     15.4739     15.3433   0.0763395
           6     15.5668     15.3806   0.0726119
           7     14.7481     15.2902    0.109225
           8     15.0489       15.26   0.0992839
           9     15.1184     15.2443    0.088963
          10     15.3245     15.2523   0.0799745
          11     15.0522     15.2341   0.0745927
          12     15.3041       15.24    0.068343
          13     15.3258     15.2466   0.0632121
          14     15.3077     15.2509   0.0586859
          15     15.2947     15.2539   0.0547113
          16     15.7206      15.283   0.0589087
          17     15.0121     15.2671    0.057585
          18     15.0924     15.2574    0.055152
          19     15.5194     15.2712     0.05396
          20     14.9521     15.2552   0.0536189
           1     24.7095     24.7095           0
           2     24.2506       24.48    0.229458
           3      24.904     24.6213    0.193705
           4     24.2633     24.5318    0.163625
           5     24.9514     24.6157       0.152
           6     24.2503     24.5548    0.138248
           7     24.4196     24.5355    0.118427
           8     23.7036     24.4315    0.146052
           9     24.0197     24.3858    0.136691
          10     24.7399     24.4212    0.127285
          11     25.2832     24.4995    0.139271
          12     23.7258     24.4351    0.142554
          13     25.5071     24.5175    0.154904
          14     24.4651     24.5138    0.143462
          15     24.6256     24.5212    0.133764
          16     25.5693     24.5867    0.141234
          17     25.5485     24.6433    0.144226
          18     25.2187     24.6753    0.139684
          19     24.2274     24.6517    0.134214
          20     24.7111     24.6547    0.127361
           1     43.3408     43.3408           0
           2     43.7816     43.5612    0.220417
           3     43.6758     43.5994    0.132867
           4     42.5168     43.3287    0.286486
           5     44.2668     43.5164    0.290592
           6     42.6366     43.3697    0.278915
           7     42.4451     43.2376    0.270215
           8     45.1653     43.4786    0.335893
           9      44.734     43.6181     0.32743
          10     44.6893     43.7252    0.311837
          11     45.9741     43.9297    0.348365
          12     43.3439     43.8808    0.321736
          13     42.5462     43.7782    0.313255
          14     44.8693     43.8561    0.300307
          15     44.5453     43.9021    0.283321
          16     44.3437     43.9297    0.266456
          17     43.5032     43.9046    0.251546
          18     43.8244     43.9001    0.237202
          19     44.2298     43.9175     0.22504
          20     44.4261     43.9429    0.215001
           1     79.3425     79.3425           0
           2     79.3966     79.3695   0.0270216
           3     83.1622     80.6338     1.26432
           4     77.8244     79.9314      1.1369
           5     78.0353     79.5522    0.958824
           6      79.016     79.4628    0.787961
           7      79.708     79.4978    0.666869
           8     80.4222     79.6134     0.58897
           9     78.9273     79.5372    0.524987
          10     80.3677     79.6202    0.476851
          11     76.9053     79.3734     0.49695
          12     79.6651     79.3977    0.454302
          13     81.0409     79.5241    0.436593
          14     80.4306     79.5889     0.40936
          15     79.7542     79.5999    0.381253
          16     79.3117     79.5819    0.357084
          17     77.3248     79.4491    0.360743
          18     77.8221     79.3587    0.351917
          19     79.8507     79.3846    0.333886
          20     76.9738     79.2641    0.338914
