           1   -0.461785   -0.461785           0
           2   -0.461847   -0.461816    3.12e-05
           3    -0.46232   -0.461984 0.000168963
           4    -0.46219   -0.462036 0.000130141
           5   -0.462151   -0.462059 0.000103424
           6   -0.461722   -0.462003 0.000101356
           7   -0.462226   -0.462035 9.14301e-05
           8   -0.462298   -0.462068 8.57713e-05
           9   -0.462096   -0.462071 7.57089e-05
          10   -0.462146   -0.462078 6.81285e-05
          11   -0.462077   -0.462078 6.16247e-05
          12   -0.461835   -0.462058 5.97865e-05
          13   -0.462792   -0.462114 7.88262e-05
          14   -0.462346   -0.462131 7.48377e-05
          15   -0.461641   -0.462098 7.69515e-05
          16    -0.46242   -0.462118 7.47379e-05
          17   -0.462314    -0.46213 7.11449e-05
          18   -0.462206   -0.462134 6.72078e-05
          19   -0.461614   -0.462107 6.92233e-05
          20   -0.463682   -0.462185 0.000102535
           1   -0.483062   -0.483062           0
           2   -0.482408   -0.482735   0.0003268
           3    -0.48201   -0.482493  0.00030644
           4   -0.483129   -0.482652 0.000268685
           5   -0.482314   -0.482584 0.000218863
           6   -0.481958    -0.48248 0.000206935
           7   -0.483923   -0.482686 0.000270344
           8   -0.482578   -0.482673 0.000234513
           9   -0.482644    -0.48267 0.000206846
          10   -0.483354   -0.482738 0.000197276
          11   -0.482979    -0.48276 0.000179784
          12   -0.481818   -0.482681 0.000181941
          13    -0.48313   -0.482716 0.000170875
          14   -0.482398   -0.482693 0.000159817
          15   -0.483153   -0.482724 0.000151903
          16   -0.482217   -0.482692 0.000145584
          17   -0.482266   -0.482667 0.000139036
          18   -0.481695   -0.482613 0.000141769
          19   -0.483848   -0.482678  0.00014902
          20   -0.481618   -0.482625 0.000150976
           1   -0.504985   -0.504985           0
           2   -0.504169   -0.504577    0.000408
           3   -0.505407   -0.504854 0.000363464
           4   -0.504192   -0.504688 0.000305631
           5   -0.504515   -0.504654 0.000239256
           6   -0.505281   -0.504758 0.000221561
           7   -0.504656   -0.504744 0.000187821
           8   -0.505051   -0.504782 0.000167142
           9   -0.505546   -0.504867 0.000170079
          10    -0.50441   -0.504821 0.000158824
          11   -0.504326   -0.504776 0.000150561
          12    -0.50477   -0.504776 0.000137444
          13   -0.504941   -0.504788 0.000127067
          14   -0.504954     -0.5048 0.000118238
          15   -0.504242   -0.504763 0.000116185
          16    -0.50441   -0.504741 0.000110892
          17   -0.504727    -0.50474 0.000104168
          18   -0.504316   -0.504717 0.000100998
          19   -0.504638   -0.504712 9.56249e-05
          20   -0.504162   -0.504685 9.47946e-05
           1   -0.529561   -0.529561           0
           2   -0.529314   -0.529438   0.0001232
           3    -0.52904   -0.529305 0.000150414
           4   -0.527996   -0.528978 0.000344116
           5   -0.529026   -0.528987 0.000266722
           6   -0.528271   -0.528868 0.000248343
           7   -0.530364   -0.529082 0.000299544
           8   -0.528127   -0.528962 0.000285536
           9   -0.528403     -0.5289 0.000259371
          10   -0.528479   -0.528858 0.000235779
          11   -0.528317   -0.528809 0.000218875
          12   -0.528746   -0.528804 0.000199873
          13   -0.528195   -0.528757 0.000189721
          14    -0.52881   -0.528761 0.000175688
          15     -0.5284   -0.528737 0.000165315
          16   -0.528534   -0.528724 0.000155158
          17   -0.528818   -0.528729 0.000145849
          18   -0.528641   -0.528725 0.000137596
          19   -0.527866   -0.528679 0.000137767
          20   -0.529413   -0.528716 0.000135744
           1    -0.55511    -0.55511           0
           2   -0.554194   -0.554652    0.000458
           3   -0.554752   -0.554686 0.000266502
           4   -0.555882   -0.554985  0.00035343
           5    -0.55497   -0.554982  0.00027378
           6   -0.554481   -0.554898 0.000238624
           7   -0.554863   -0.554893 0.000201737
           8   -0.554914   -0.554896 0.000174729
           9   -0.554537   -0.554856 0.000159178
          10   -0.554592    -0.55483   0.0001448
          11   -0.554442   -0.554794 0.000135624
          12   -0.554373   -0.554759 0.000128696
          13   -0.555172   -0.554791 0.000122567
          14   -0.555188   -0.554819 0.000116964
          15   -0.555134    -0.55484 0.000110884
          16   -0.554884   -0.554843 0.000103759
          17   -0.554723   -0.554836 9.77189e-05
          18   -0.554974   -0.554844 9.24469e-05
          19   -0.555906     -0.5549 0.000103782
          20   -0.553946   -0.554852 0.000109401
           1   -0.581939   -0.581939           0
           2   -0.582529   -0.582234   0.0002948
           3   -0.583525   -0.582664 0.000462708
           4    -0.58179   -0.582446 0.000393417
           5   -0.583661   -0.582689 0.000389763
           6   -0.583478    -0.58282 0.000344326
           7   -0.583598   -0.582931 0.000311517
           8   -0.582933   -0.582932 0.000269782
           9    -0.58342   -0.582986 0.000244035
          10   -0.582952   -0.582982 0.000218298
          11   -0.582882   -0.582973 0.000197668
          12   -0.582416   -0.582927 0.000186327
          13   -0.584141    -0.58302  0.00019518
          14   -0.583397   -0.583047 0.000182692
          15   -0.583606   -0.583084 0.000174115
          16   -0.582798   -0.583067 0.000163854
          17   -0.583052   -0.583066 0.000153916
          18   -0.581635   -0.582986  0.00016545
          19   -0.582794   -0.582976 0.000156828
          20   -0.583144   -0.582984 0.000149017
           1   -0.613118   -0.613118           0
           2    -0.61319   -0.613154     3.6e-05
           3   -0.613654    -0.61332 0.000167958
           4   -0.613864   -0.613456 0.000180507
           5   -0.612618   -0.613289 0.000218234
           6   -0.613526   -0.613328 0.000182511
           7   -0.613604   -0.613368 0.000159205
           8   -0.612366   -0.613242 0.000186267
           9   -0.613375   -0.613257 0.000164935
          10   -0.613511   -0.613282 0.000149695
          11   -0.612958   -0.613253 0.000138588
          12   -0.612895   -0.613223 0.000129978
          13   -0.612865   -0.613196 0.000122698
          14   -0.614172   -0.613265 0.000133299
          15   -0.613528   -0.613283 0.000125324
          16   -0.613289   -0.613283 0.000117231
          17   -0.611799   -0.613196 0.000140522
          18   -0.613718   -0.613225 0.000135628
          19   -0.613566   -0.613243 0.000129538
          20   -0.613786    -0.61327 0.000125851
           1    -0.64787    -0.64787           0
           2    -0.64623    -0.64705   0.0008196
           3   -0.645704   -0.646601 0.000652086
           4   -0.645574   -0.646344 0.000527848
           5   -0.645723    -0.64622 0.000427328
           6   -0.646276   -0.646229 0.000349036
           7   -0.646332   -0.646244 0.000295353
           8   -0.645534   -0.646155 0.000270731
           9   -0.646995   -0.646249 0.000256348
          10   -0.646057    -0.64623 0.000230086
          11   -0.647646   -0.646358 0.000244756
          12   -0.646182   -0.646344 0.000223916
          13   -0.647003   -0.646394  0.00021213
          14    -0.64495   -0.646291 0.000221856
          15   -0.645829    -0.64626 0.000208824
          16   -0.646809   -0.646295 0.000198322
          17   -0.646936   -0.646332 0.000190073
          18   -0.645975   -0.646312 0.000180298
          19   -0.646628   -0.646329 0.000171351
          20   -0.646278   -0.646327 0.000162578
           1   -0.682122   -0.682122           0
           2   -0.681444   -0.681783   0.0003392
           3   -0.683043   -0.682203 0.000463414
           4   -0.682025   -0.682159 0.000330704
           5   -0.681212   -0.681969  0.00031853
           6   -0.682594   -0.682073 0.000280121
           7   -0.684054   -0.682356 0.000368975
           8   -0.681832   -0.682291 0.000326195
           9   -0.683226   -0.682395 0.000305853
          10   -0.683125   -0.682468 0.000283139
          11   -0.681462   -0.682376 0.000271926
          12   -0.681513   -0.682304 0.000258453
          13   -0.681853    -0.68227 0.000240266
          14   -0.682602   -0.682293 0.000223703
          15   -0.682284   -0.682293 0.000208257
          16   -0.681986   -0.682273  0.00019575
          17   -0.683042   -0.682319 0.000189345
          18   -0.681623    -0.68228  0.00018265
          19   -0.683124   -0.682324 0.000178388
          20   -0.683009   -0.682359 0.000172658
           1   -0.719869   -0.719869           0
           2   -0.720603   -0.720236   0.0003672
           3   -0.722209   -0.720894 0.000690929
           4   -0.720796   -0.720869  0.00048917
           5    -0.72131   -0.720957 0.000389048
           6   -0.721902   -0.721115 0.000354556
           7   -0.720034   -0.720961 0.000337076
           8   -0.721107   -0.720979 0.000292491
           9   -0.721134   -0.720996 0.000258531
          10    -0.72075   -0.720972 0.000232548
          11   -0.722454   -0.721106 0.000249838
          12   -0.720567   -0.721061 0.000232453
          13   -0.719762   -0.720961 0.000236021
          14   -0.720879   -0.720956 0.000218592
          15    -0.72109   -0.720965 0.000203694
          16   -0.720574    -0.72094 0.000192092
          17   -0.718244   -0.720782 0.000240232
          18   -0.720236   -0.720751 0.000228512
          19   -0.721775   -0.720805 0.000222768
          20   -0.720304    -0.72078 0.000212816
           1    -0.76264    -0.76264           0
           2   -0.760915   -0.761778   0.0008624
           3   -0.762048   -0.761868 0.000505999
           4   -0.760647   -0.761563 0.000470238
           5    -0.76213   -0.761676 0.000381489
           6   -0.761226   -0.761601 0.000320371
           7   -0.760156   -0.761395 0.000340484
           8    -0.76284   -0.761575 0.000345817
           9   -0.761838   -0.761605 0.000306379
          10   -0.761258    -0.76157 0.000276211
          11   -0.760735   -0.761494 0.000261112
          12   -0.761943   -0.761531 0.000241283
          13   -0.762246   -0.761586  0.00022866
          14   -0.762942   -0.761683 0.000232778
          15   -0.763077   -0.761776 0.000235779
          16   -0.761705   -0.761772 0.000220596
          17   -0.760479   -0.761696 0.000220722
          18   -0.761325   -0.761675 0.000209116
          19   -0.760645   -0.761621 0.000205102
          20   -0.761755   -0.761628 0.000194692
           1    -0.80607    -0.80607           0
           2    -0.80504   -0.805555   0.0005152
           3   -0.803688   -0.804933 0.000689825
           4   -0.804023   -0.804705 0.000538182
           5   -0.803528    -0.80447 0.000478785
           6   -0.804882   -0.804539 0.000396902
           7   -0.803968   -0.804457 0.000345203
           8    -0.80447   -0.804459 0.000298959
           9    -0.80335   -0.804335 0.000291036
          10   -0.804854   -0.804387 0.000265432
          11   -0.803188   -0.804278  0.00026369
          12   -0.803686   -0.804229 0.000245717
          13   -0.805035   -0.804291  0.00023438
          14   -0.804526   -0.804308  0.00021764
          15    -0.80413   -0.804296 0.000202957
          16   -0.802904   -0.804209 0.000208832
          17   -0.803621   -0.804174 0.000199191
          18   -0.805517   -0.804249 0.000202066
          19   -0.803676   -0.804219   0.0001935
          20   -0.804878   -0.804252 0.000186502
           1   -0.849051   -0.849051           0
           2   -0.846912   -0.847982   0.0010696
           3   -0.847614   -0.847859 0.000629599
           4   -0.849527   -0.848276 0.000610035
           5   -0.848587   -0.848338 0.000476612
           6   -0.847817   -0.848251 0.000398738
           7    -0.84711   -0.848088 0.000374342
           8   -0.847583   -0.848025 0.000330281
           9   -0.850208   -0.848268 0.000379034
          10    -0.84805   -0.848246  0.00033972
          11    -0.85097   -0.848494 0.000394679
          12   -0.848082   -0.848459 0.000361923
          13   -0.846169   -0.848283 0.000376668
          14   -0.848881   -0.848326 0.000351331
          15   -0.848659   -0.848348 0.000327826
          16    -0.84826   -0.848342 0.000306702
          17   -0.846982   -0.848262 0.000299012
          18   -0.849834    -0.84835 0.000295115
          19   -0.849762   -0.848424 0.000288883
          20   -0.848269   -0.848416 0.000274168
           1   -0.890369   -0.890369           0
           2   -0.891267   -0.890818   0.0004492
           3   -0.890897   -0.890844 0.000260672
           4    -0.89346   -0.891498 0.000679414
           5    -0.89031   -0.891261 0.000577405
           6   -0.891387   -0.891282 0.000471921
           7   -0.889218   -0.890987 0.000495946
           8   -0.893321   -0.891279 0.000519209
           9   -0.890178   -0.891156 0.000473939
          10   -0.889466   -0.890987 0.000456352
          11     -0.8905   -0.890943 0.000415157
          12   -0.893467   -0.891153 0.000433442
          13   -0.890921   -0.891136 0.000399111
          14   -0.893666   -0.891316  0.00041133
          15   -0.892539   -0.891398  0.00039151
          16   -0.892451   -0.891464 0.000372095
          17   -0.892658   -0.891534 0.000356518
          18   -0.891872   -0.891553 0.000336652
          19   -0.894183   -0.891691 0.000347235
          20   -0.893998   -0.891807 0.000349032
           1   -0.935786   -0.935786           0
           2   -0.933054    -0.93442    0.001366
           3   -0.935486   -0.934776 0.000865013
           4   -0.935368   -0.934924 0.000629323
           5   -0.939376   -0.935814  0.00101514
           6   -0.933771   -0.935474 0.000896076
           7   -0.936631   -0.935639 0.000775164
           8   -0.935521   -0.935624 0.000671474
           9   -0.935863   -0.935651 0.000592779
          10    -0.93577   -0.935663 0.000530333
          11    -0.93581   -0.935676 0.000479892
          12    -0.93703   -0.935789 0.000452381
          13   -0.934563   -0.935695  0.00042668
          14   -0.937167     -0.9358  0.00040879
          15   -0.937295     -0.9359 0.000393402
          16   -0.936943   -0.935965 0.000373729
          17   -0.935457   -0.935935 0.000352327
          18   -0.941232   -0.936229 0.000443782
          19   -0.932903   -0.936054 0.000454814
          20   -0.935235   -0.936013 0.000433413
           1   -0.971943   -0.971943           0
           2   -0.976078   -0.974011   0.0020676
           3   -0.973995   -0.974006  0.00119374
           4   -0.972298   -0.973579 0.000945958
           5   -0.976062   -0.974075 0.000885253
           6    -0.97444   -0.974136 0.000725357
           7   -0.972978   -0.973971 0.000634986
           8   -0.974562   -0.974044 0.000554854
           9   -0.973853   -0.974023 0.000489798
          10   -0.970043   -0.973625 0.000591883
          11   -0.970749   -0.973364 0.000595825
          12   -0.974998     -0.9735 0.000560695
          13   -0.973116    -0.97347 0.000516609
          14    -0.97721   -0.973737  0.00054781
          15   -0.976352   -0.973912 0.000538948
          16   -0.972786   -0.973841 0.000509029
          17   -0.978471   -0.974114 0.000550271
          18   -0.973936   -0.974104 0.000518894
          19   -0.974685   -0.974134 0.000491777
          20   -0.971525   -0.974004 0.000484443
