           1   -0.461893   -0.461893           0
           2   -0.462591   -0.462242   0.0003492
           3    -0.46244   -0.462308 0.000212139
           4   -0.462614   -0.462385 0.000168431
           5   -0.462075   -0.462323 0.000144397
           6    -0.46145   -0.462177 0.000187183
           7   -0.462387   -0.462207 0.000161015
           8   -0.462216   -0.462208 0.000139447
           9   -0.462511   -0.462242   0.0001275
          10   -0.461683   -0.462186 0.000126996
          11   -0.462837   -0.462245 0.000129206
          12    -0.46129   -0.462166 0.000142319
          13   -0.461311     -0.4621 0.000146489
          14   -0.462659    -0.46214 0.000141383
          15   -0.462297    -0.46215 0.000132035
          16   -0.462983   -0.462202 0.000134029
          17   -0.462377   -0.462213 0.000126315
          18   -0.462081   -0.462205 0.000119316
          19   -0.462329   -0.462212 0.000113049
          20   -0.461714   -0.462187 0.000110094
           1   -0.481906   -0.481906           0
           2    -0.48286   -0.482383   0.0004772
           3   -0.482226    -0.48233  0.00028045
           4   -0.482614   -0.482401 0.000210635
           5   -0.482876   -0.482496 0.000188759
           6   -0.482269   -0.482458 0.000158718
           7   -0.482703   -0.482493 0.000138625
           8   -0.481236   -0.482336 0.000197776
           9   -0.483022   -0.482412 0.000190323
          10   -0.482833   -0.482454 0.000175345
          11   -0.482766   -0.482483 0.000161109
          12   -0.482555   -0.482489 0.000147196
          13   -0.481978   -0.482449 0.000140977
          14   -0.482554   -0.482457 0.000130734
          15   -0.482432   -0.482455 0.000121718
          16   -0.481796   -0.482414 0.000121084
          17    -0.48287   -0.482441 0.000116852
          18   -0.482262   -0.482431 0.000110619
          19   -0.482636   -0.482442  0.00010519
          20   -0.482105   -0.482425 0.000101204
           1   -0.504458   -0.504458           0
           2   -0.504782    -0.50462   0.0001616
           3   -0.504674   -0.504638 9.50456e-05
           4   -0.505203   -0.504779 0.000156439
           5   -0.503989   -0.504621 0.000199213
           6   -0.504422   -0.504588    0.000166
           7   -0.503954   -0.504497 0.000167032
           8   -0.504261   -0.504468 0.000147649
           9   -0.504683   -0.504492 0.000132393
          10   -0.504215   -0.504464 0.000121604
          11   -0.504976   -0.504511 0.000119432
          12   -0.505301   -0.504577 0.000127365
          13   -0.505507   -0.504648   0.0001373
          14   -0.504509   -0.504638 0.000127504
          15   -0.504622   -0.504637 0.000118705
          16   -0.505114   -0.504667 0.000114963
          17   -0.503317   -0.504587 0.000134046
          18   -0.505266   -0.504625 0.000131889
          19   -0.504862   -0.504638 0.000125374
          20   -0.504294    -0.50462 0.000120177
           1   -0.528527   -0.528527           0
           2    -0.52972   -0.529124   0.0005964
           3    -0.52865   -0.528966 0.000378851
           4   -0.528341   -0.528809 0.000310101
           5   -0.528254   -0.528698  0.00026461
           6   -0.527862   -0.528559 0.000257085
           7   -0.528506   -0.528552 0.000217407
           8   -0.528749   -0.528576 0.000189888
           9   -0.529275   -0.528654 0.000184599
          10   -0.528365   -0.528625 0.000167621
          11   -0.528999   -0.528659 0.000155389
          12   -0.529687   -0.528745 0.000165721
          13   -0.528293    -0.52871 0.000156354
          14   -0.529208   -0.528745 0.000149064
          15   -0.529047   -0.528766 0.000140221
          16   -0.528824   -0.528769 0.000131215
          17   -0.529088   -0.528788 0.000124673
          18   -0.528173   -0.528754 0.000122411
          19   -0.529066    -0.52877 0.000116952
          20   -0.528477   -0.528756 0.000111917
           1     -0.5549     -0.5549           0
           2   -0.555437   -0.555168   0.0002684
           3   -0.554066   -0.554801 0.000398927
           4   -0.555953   -0.555089 0.000403132
           5   -0.555305   -0.555132 0.000315239
           6   -0.554918   -0.555096  0.00025986
           7   -0.554369   -0.554992 0.000242969
           8   -0.554663   -0.554951 0.000214402
           9   -0.554078   -0.554854 0.000212503
          10   -0.554362   -0.554805 0.000196349
          11    -0.55516   -0.554837 0.000180513
          12    -0.55515   -0.554863 0.000166829
          13   -0.554802   -0.554859 0.000153533
          14   -0.555202   -0.554883 0.000144251
          15   -0.555006   -0.554891 0.000134542
          16   -0.554714    -0.55488 0.000126341
          17   -0.553535   -0.554801 0.000142632
          18   -0.554302   -0.554773 0.000137299
          19   -0.554303   -0.554749 0.000132208
          20   -0.554371    -0.55473 0.000126836
           1   -0.582531   -0.582531           0
           2   -0.582346   -0.582439    9.24e-05
           3   -0.582539   -0.582472 6.29757e-05
           4    -0.58307   -0.582622 0.000156023
           5   -0.582801   -0.582658 0.000126046
           6   -0.582084   -0.582562 0.000140467
           7   -0.582326   -0.582528 0.000123395
           8   -0.581932   -0.582454 0.000130294
           9   -0.583849   -0.582609 0.000192948
          10   -0.583116    -0.58266 0.000179877
          11   -0.582689   -0.582662 0.000162726
          12   -0.582171   -0.582621  0.00015408
          13   -0.582601    -0.58262 0.000141742
          14   -0.583526   -0.582684 0.000146339
          15   -0.582614    -0.58268 0.000136316
          16   -0.583538   -0.582733 0.000138345
          17   -0.583221   -0.582762 0.000133078
          18   -0.582466   -0.582746 0.000126538
          19   -0.583871   -0.582805  0.00013355
          20   -0.583038   -0.582817  0.00012723
           1   -0.613815   -0.613815           0
           2   -0.612851   -0.613333    0.000482
           3   -0.613726   -0.613464 0.000307603
           4   -0.614588   -0.613745 0.000355293
           5   -0.613271    -0.61365 0.000291079
           6   -0.613747   -0.613667 0.000238212
           7   -0.613269    -0.61361  0.00020919
           8   -0.612148   -0.613427 0.000257303
           9   -0.613634    -0.61345 0.000228087
          10   -0.614098   -0.613515 0.000214038
          11   -0.613348     -0.6135 0.000194198
          12   -0.613996   -0.613541 0.000182039
          13   -0.613994   -0.613576 0.000171033
          14   -0.613074    -0.61354 0.000162345
          15   -0.613328   -0.613526 0.000151795
          16   -0.613473   -0.613523  0.00014203
          17   -0.612908   -0.613486 0.000138225
          18    -0.61433   -0.613533 0.000138498
          19   -0.613901   -0.613553 0.000132426
          20   -0.612574   -0.613504 0.000134816
           1   -0.646854   -0.646854           0
           2   -0.647157   -0.647006   0.0001512
           3   -0.646574   -0.646862 0.000168394
           4   -0.646352   -0.646734 0.000174382
           5   -0.646402   -0.646668 0.000150496
           6   -0.646629   -0.646661 0.000123052
           7   -0.646448   -0.646631 0.000108371
           8   -0.646434   -0.646606 9.70371e-05
           9   -0.646204   -0.646562 9.65443e-05
          10   -0.646949     -0.6466 9.46392e-05
          11   -0.646909   -0.646628 9.00831e-05
          12   -0.646617   -0.646627 8.22398e-05
          13   -0.646516   -0.646619 7.61328e-05
          14   -0.646465   -0.646608 7.13381e-05
          15   -0.646981   -0.646633 7.09156e-05
          16   -0.645054   -0.646534 0.000118912
          17   -0.646958   -0.646559 0.000114445
          18   -0.647962   -0.646637 0.000133125
          19   -0.646565   -0.646633 0.000125981
          20   -0.646518   -0.646627 0.000119653
           1   -0.682896   -0.682896           0
           2   -0.681821   -0.682358   0.0005376
           3   -0.681812   -0.682176 0.000359876
           4   -0.682702   -0.682308 0.000286363
           5   -0.681932   -0.682232 0.000234191
           6   -0.681606   -0.682128 0.000217834
           7   -0.682766   -0.682219 0.000205395
           8    -0.68259   -0.682265 0.000183805
           9    -0.68143   -0.682173 0.000186823
          10   -0.682927   -0.682248 0.000183347
          11   -0.681905   -0.682217 0.000168754
          12   -0.683012   -0.682283 0.000167697
          13   -0.683197   -0.682353 0.000169515
          14   -0.681218   -0.682272  0.00017667
          15   -0.681983   -0.682253 0.000165596
          16   -0.682139   -0.682246 0.000155064
          17   -0.682598   -0.682267 0.000147126
          18    -0.68219   -0.682262 0.000138778
          19   -0.681774   -0.682237 0.000133767
          20   -0.683216   -0.682286 0.000136023
           1   -0.721079   -0.721079           0
           2   -0.721179   -0.721129       5e-05
           3   -0.720158   -0.720806 0.000324885
           4   -0.719839   -0.720564 0.000333385
           5   -0.721846    -0.72082 0.000363851
           6    -0.72024   -0.720724 0.000312431
           7   -0.720726   -0.720724 0.000264053
           8    -0.72001   -0.720635 0.000245458
           9   -0.721125   -0.720689 0.000223215
          10   -0.720835   -0.720704 0.000200182
          11   -0.720329    -0.72067 0.000184254
          12   -0.720117   -0.720624 0.000174397
          13   -0.721625   -0.720701 0.000177949
          14   -0.720294   -0.720672 0.000167285
          15   -0.719769   -0.720611 0.000166961
          16   -0.720187   -0.720585 0.000158413
          17   -0.720888   -0.720603 0.000149867
          18   -0.720737    -0.72061 0.000141492
          19   -0.720586   -0.720609 0.000133844
          20   -0.720956   -0.720626 0.000128155
           1   -0.763014   -0.763014           0
           2   -0.761834   -0.762424     0.00059
           3    -0.76203   -0.762293 0.000365078
           4   -0.760406   -0.761821  0.00053769
           5   -0.760974   -0.761652 0.000449625
           6   -0.760762   -0.761504 0.000395977
           7   -0.760938   -0.761423 0.000344264
           8   -0.762205   -0.761521 0.000313755
           9   -0.762047   -0.761579 0.000282824
          10    -0.76273   -0.761694 0.000277899
          11   -0.759646   -0.761508 0.000312797
          12   -0.762307   -0.761575 0.000293207
          13   -0.759951    -0.76145 0.000297218
          14   -0.762322   -0.761512 0.000282142
          15   -0.761862   -0.761535 0.000263697
          16   -0.762052   -0.761568  0.00024877
          17   -0.762291    -0.76161 0.000237522
          18   -0.761936   -0.761628 0.000224668
          19   -0.759698   -0.761527 0.000235543
          20   -0.761999    -0.76155   0.0002247
           1   -0.805997   -0.805997           0
           2   -0.803094   -0.804545   0.0014516
           3   -0.804191   -0.804427 0.000846348
           4    -0.80261   -0.803973 0.000751299
           5   -0.804418   -0.804062 0.000588732
           6   -0.804666   -0.804163 0.000491136
           7    -0.80507   -0.804292 0.000434865
           8   -0.804198   -0.804281 0.000376787
           9    -0.80439   -0.804293 0.000332515
          10   -0.804472   -0.804311  0.00029795
          11   -0.803678   -0.804253 0.000275568
          12   -0.804585   -0.804281 0.000253071
          13   -0.803322   -0.804207 0.000244207
          14   -0.804514   -0.804229 0.000227155
          15   -0.803905   -0.804207 0.000212571
          16    -0.80337   -0.804155 0.000205609
          17   -0.803742   -0.804131 0.000194661
          18   -0.805816   -0.804224 0.000206029
          19   -0.804945   -0.804262 0.000198538
          20   -0.804304   -0.804264 0.000188361
           1   -0.848143   -0.848143           0
           2   -0.847967   -0.848055     8.8e-05
           3   -0.848569   -0.848226  0.00017858
           4   -0.849334   -0.848503 0.000304243
           5    -0.84879    -0.84856 0.000242527
           6   -0.848285   -0.848515 0.000203283
           7   -0.847676   -0.848395 0.000209444
           8   -0.847783   -0.848318 0.000196834
           9   -0.848622   -0.848352 0.000176849
          10   -0.847522   -0.848269 0.000178655
          11    -0.84949    -0.84838 0.000196068
          12   -0.848736    -0.84841 0.000181426
          13   -0.846892   -0.848293 0.000203671
          14   -0.848903   -0.848337 0.000193534
          15   -0.848634   -0.848356 0.000181261
          16   -0.849662   -0.848438 0.000188157
          17   -0.848227   -0.848426 0.000177177
          18   -0.847186   -0.848357 0.000180674
          19   -0.849255   -0.848404 0.000177322
          20   -0.847834   -0.848376 0.000170617
           1   -0.892587   -0.892587           0
           2   -0.890774    -0.89168   0.0009068
           3     -0.8936    -0.89232 0.000826756
           4   -0.890818   -0.891945 0.000694901
           5   -0.893177   -0.892191 0.000592001
           6   -0.891739   -0.892116 0.000489198
           7   -0.891274   -0.891996 0.000430563
           8    -0.89053   -0.891812 0.000415471
           9   -0.891237   -0.891748 0.000371949
          10   -0.891899   -0.891763 0.000333023
          11   -0.892191   -0.891802 0.000303731
          12   -0.890343   -0.891681 0.000302757
          13   -0.894498   -0.891897 0.000352862
          14   -0.891206   -0.891848 0.000330402
          15   -0.891605   -0.891832 0.000308015
          16   -0.893447   -0.891933 0.000305299
          17   -0.894102    -0.89206 0.000313877
          18    -0.89259    -0.89209 0.000297387
          19   -0.892702   -0.892122 0.000283142
          20   -0.893143   -0.892173 0.000273422
           1   -0.934563   -0.934563           0
           2   -0.934508   -0.934536    2.76e-05
           3   -0.934177   -0.934416 0.000120657
           4   -0.932456   -0.933926 0.000497372
           5   -0.935401   -0.934221  0.00048521
           6   -0.933298   -0.934067 0.000424964
           7   -0.933169   -0.933939 0.000381403
           8   -0.936314   -0.934236 0.000444158
           9   -0.935897    -0.93442  0.00043301
          10   -0.935582   -0.934536  0.00040433
          11   -0.937411   -0.934798 0.000449507
          12   -0.934978   -0.934813 0.000410618
          13   -0.932694    -0.93465 0.000411367
          14   -0.936018   -0.934748 0.000393182
          15   -0.936218   -0.934846 0.000378938
          16   -0.935111   -0.934862 0.000354853
          17   -0.934071   -0.934816 0.000336558
          18   -0.933913   -0.934766 0.000321251
          19   -0.935196   -0.934788 0.000304716
          20   -0.935261   -0.934812 0.000290043
           1   -0.974237   -0.974237           0
           2   -0.973859   -0.974048   0.0001888
           3   -0.978606   -0.975567  0.00152337
           4   -0.972997   -0.974925  0.00125433
           5   -0.972875   -0.974515  0.00105454
           6   -0.973959   -0.974422 0.000865991
           7   -0.974622   -0.974451 0.000732454
           8    -0.97611   -0.974658 0.000667383
           9   -0.973931   -0.974578 0.000594095
          10    -0.97476   -0.974596 0.000531688
          11   -0.972034   -0.974363 0.000534334
          12   -0.974885   -0.974406 0.000489713
          13   -0.975802   -0.974514 0.000463093
          14    -0.97536   -0.974574 0.000432981
          15    -0.97484   -0.974592 0.000403472
          16   -0.974557    -0.97459  0.00037742
          17   -0.972228   -0.974451 0.000380773
          18   -0.972761   -0.974357 0.000371071
          19   -0.974905   -0.974386  0.00035218
          20   -0.972178   -0.974275 0.000351865
