           1    0.198407    0.198407           0
           2    0.197282    0.197845 0.000562573
           3    0.195765    0.197151   0.0007656
           4    0.196708    0.197041 0.000552583
           5    0.197145    0.197062 0.000428542
           6    0.196408    0.196953 0.000366479
           7    0.197001    0.196959 0.000309808
           8    0.195912    0.196829 0.000298532
           9    0.195894    0.196725 0.000283034
          10    0.196765    0.196729 0.000253185
          11    0.196489    0.196707 0.000230048
          12    0.196349    0.196677 0.000212113
          13    0.197141    0.196713 0.000198358
          14    0.196512    0.196698 0.000184205
          15    0.196516    0.196686 0.000171915
          16    0.195723    0.196626 0.000171716
          17    0.196311    0.196607 0.000162358
          18    0.196316    0.196591 0.000153927
          19    0.196829    0.196604 0.000146139
          20    0.196924     0.19662 0.000139563
           1    0.213405    0.213405           0
           2     0.21128    0.212342  0.00106241
           3    0.212505    0.212397 0.000615785
           4    0.211717    0.212227 0.000467411
           5    0.212188    0.212219 0.000362137
           6    0.212058    0.212192 0.000296904
           7    0.213013    0.212309 0.000277007
           8    0.211498    0.212208  0.00026046
           9    0.211701    0.212152 0.000236509
          10    0.211334     0.21207 0.000226812
          11    0.212638    0.212122 0.000211565
          12    0.213911    0.212271 0.000243985
          13     0.21016    0.212108 0.000276999
          14    0.210909    0.212023 0.000270374
          15    0.210973    0.211953 0.000261256
          16    0.213426    0.212045 0.000261163
          17    0.212754    0.212086 0.000248844
          18    0.213599    0.212171 0.000249201
          19    0.211068    0.212113 0.000242754
          20    0.213333    0.212174 0.000238251
           1    0.228599    0.228599           0
           2    0.231208    0.229904  0.00130436
           3    0.229903    0.229904 0.000753075
           4    0.231715    0.230356 0.000698946
           5     0.22965    0.230215 0.000559541
           6    0.230491    0.230261 0.000459177
           7    0.229328    0.230128 0.000410322
           8    0.229915    0.230101  0.00035634
           9    0.229462     0.23003 0.000322188
          10    0.229989    0.230026 0.000288203
          11    0.230701    0.230087  0.00026782
          12    0.230864    0.230152 0.000252907
          13    0.230258     0.23016 0.000232782
          14    0.228891     0.23007 0.000233804
          15     0.23121    0.230146 0.000230545
          16    0.231308    0.230218 0.000227564
          17    0.229716    0.230189 0.000215794
          18     0.22758    0.230044 0.000249784
          19     0.22959     0.23002 0.000237475
          20    0.228368    0.229937 0.000239955
           1    0.251893    0.251893           0
           2    0.249584    0.250739  0.00115437
           3    0.248691    0.250056  0.00095398
           4    0.248104    0.249568 0.000832575
           5    0.246021    0.248859  0.00095879
           6    0.247789     0.24868 0.000802902
           7    0.250863    0.248992 0.000746775
           8    0.249128    0.249009  0.00064695
           9    0.248756    0.248981 0.000571249
          10    0.248899    0.248973 0.000511007
          11    0.249259    0.248999 0.000462952
          12    0.249103    0.249007 0.000422704
          13    0.248525     0.24897 0.000390595
          14    0.246175    0.248771 0.000413065
          15    0.248925    0.248781  0.00038468
          16    0.249192    0.248807  0.00036075
          17    0.247989    0.248759 0.000342258
          18    0.249722    0.248812 0.000327094
          19    0.249193    0.248832  0.00031005
          20    0.248795     0.24883 0.000294145
           1    0.269602    0.269602           0
           2    0.268331    0.268966 0.000635594
           3    0.270377    0.269437  0.00059649
           4    0.271633    0.269986 0.000692301
           5    0.270137    0.270016 0.000537107
           6    0.273465    0.270591 0.000723098
           7    0.270941    0.270641 0.000613169
           8    0.270016    0.270563 0.000536729
           9    0.272383    0.270765 0.000514733
          10    0.271769    0.270865 0.000471214
          11    0.270787    0.270858 0.000426288
          12    0.270048    0.270791  0.00039496
          13    0.272997     0.27096 0.000401001
          14    0.270818     0.27095 0.000371394
          15     0.26828    0.270772 0.000388874
          16    0.271369     0.27081 0.000365666
          17    0.270391    0.270785 0.000344364
          18    0.269041    0.270688 0.000338819
          19    0.268156    0.270555 0.000347092
          20    0.270709    0.270563  0.00032937
           1    0.292466    0.292466           0
           2    0.293227    0.292846  0.00038086
           3    0.293595    0.293096  0.00033267
           4    0.292013    0.292825 0.000358671
           5     0.29348    0.292956 0.000307107
           6    0.293065    0.292974 0.000251412
           7    0.290494     0.29262 0.000413199
           8    0.295589    0.292991 0.000515558
           9    0.292348     0.29292 0.000460266
          10    0.293699    0.292998 0.000418976
          11    0.292151    0.292921 0.000386718
          12    0.291398    0.292794 0.000375129
          13    0.295607     0.29301  0.00040732
          14    0.292164     0.29295  0.00038192
          15     0.29211    0.292894 0.000359929
          16    0.293571    0.292936 0.000339331
          17    0.291759    0.292867 0.000326181
          18    0.294027    0.292931 0.000314204
          19    0.295686    0.293076 0.000330691
          20    0.292109    0.293028 0.000317425
           1    0.319133    0.319133           0
           2    0.319552    0.319342 0.000209521
           3    0.316007     0.31823  0.00111846
           4    0.317303    0.317998 0.000824182
           5    0.316962    0.317791 0.000671236
           6    0.316913    0.317645 0.000567273
           7    0.318434    0.317758 0.000492525
           8    0.318683    0.317873 0.000441939
           9    0.318528    0.317946 0.000396486
          10    0.319511    0.318102 0.000387639
          11    0.320479    0.318318 0.000411828
          12    0.314342    0.317987 0.000501162
          13    0.317199    0.317926 0.000464972
          14    0.317264    0.317879 0.000433075
          15    0.319782    0.318006 0.000422657
          16     0.31813    0.318014 0.000395436
          17    0.315892    0.317889 0.000391862
          18    0.316409    0.317807 0.000378494
          19     0.32135    0.317993 0.000403674
          20    0.317002    0.317944 0.000386155
           1    0.345448    0.345448           0
           2    0.341847    0.343647   0.0018009
           3    0.342837    0.343377  0.00107427
           4    0.340714    0.342711  0.00101013
           5    0.344137    0.342997 0.000832788
           6    0.347477    0.343743  0.00100996
           7    0.341969     0.34349 0.000890418
           8    0.345693    0.343765 0.000818835
           9     0.34339    0.343724  0.00072335
          10      0.3468    0.344031 0.000716385
          11    0.346869    0.344289 0.000697462
          12     0.34691    0.344508 0.000673113
          13    0.345291    0.344568 0.000622097
          14    0.344841    0.344587 0.000576279
          15    0.345086    0.344621 0.000537516
          16    0.343159    0.344529 0.000511029
          17    0.343592    0.344474 0.000483182
          18    0.346447    0.344584  0.00046855
          19    0.344897      0.3446  0.00044351
          20    0.342582    0.344499 0.000432682
           1    0.373767    0.373767           0
           2    0.369049    0.371408  0.00235862
           3    0.372524     0.37178  0.00141163
           4    0.372442    0.371945  0.00101181
           5     0.37521    0.372598  0.00102012
           6    0.370257    0.372208 0.000919808
           7    0.365928    0.371311  0.00118714
           8    0.370254    0.371179  0.00103655
           9    0.367242    0.370741   0.0010134
          10     0.36678    0.370345  0.00098919
          11    0.374556    0.370728 0.000973206
          12    0.374683    0.371058 0.000947565
          13    0.373827    0.371271 0.000897293
          14     0.36898    0.371107 0.000846698
          15    0.369363    0.370991 0.000796759
          16    0.373619    0.371155 0.000763184
          17    0.370401    0.371111 0.000718257
          18    0.371262    0.371119 0.000677232
          19    0.372751    0.371205 0.000646327
          20    0.373339    0.371312 0.000622371
           1    0.391473    0.391473           0
           2    0.395521    0.393497  0.00202376
           3    0.395704    0.394233  0.00138075
           4    0.397725    0.395106   0.0013097
           5    0.395506    0.395186  0.00101765
           6    0.394692    0.395104 0.000834963
           7    0.395657    0.395183 0.000710086
           8    0.401619    0.395987  0.00101261
           9    0.398927    0.396314 0.000950899
          10    0.398131    0.396495 0.000869698
          11    0.396632    0.396508 0.000786768
          12    0.395869    0.396455 0.000720191
          13    0.398357    0.396601 0.000678451
          14    0.400081    0.396849 0.000675525
          15    0.400077    0.397065 0.000664674
          16    0.393821    0.396862 0.000653967
          17    0.395937    0.396807   0.0006167
          18    0.398729    0.396914 0.000591152
          19    0.394363     0.39678 0.000575066
          20    0.397006    0.396791 0.000545672
           1    0.418906    0.418906           0
           2    0.424033     0.42147  0.00256384
           3    0.418047    0.420329  0.00186892
           4    0.426584    0.421892  0.00204741
           5    0.423844    0.422283  0.00163323
           6    0.417283    0.421449  0.00157246
           7    0.420369    0.421295  0.00133791
           8    0.422055     0.42139  0.00116255
           9    0.418258    0.421042  0.00108273
          10    0.421829    0.421121 0.000971617
          11    0.425363    0.421506 0.000959772
          12     0.41862    0.421266 0.000908558
          13    0.426166    0.421643 0.000916831
          14    0.417884    0.421374 0.000890272
          15    0.417107     0.42109 0.000876273
          16    0.419249    0.420975 0.000827716
          17    0.420378     0.42094 0.000778297
          18    0.420222      0.4209 0.000734867
          19     0.41916    0.420808 0.000701117
          20    0.419221    0.420729 0.000669856
           1    0.436472    0.436472           0
           2    0.437493    0.436983 0.000510347
           3    0.435135    0.436367 0.000682816
           4       0.437    0.436525 0.000508077
           5    0.433876    0.435995 0.000659924
           6    0.434022    0.435666 0.000631289
           7    0.431543    0.435077 0.000794774
           8    0.434965    0.435063 0.000688437
           9    0.436334    0.435204 0.000623333
          10    0.443321    0.436016 0.000984656
          11    0.443609    0.436706  0.00112684
          12    0.430299    0.436172  0.00115896
          13    0.433381    0.435958   0.0010875
          14    0.431192    0.435617  0.00106281
          15    0.434006     0.43551 0.000995235
          16    0.438521    0.435698 0.000949782
          17    0.440412    0.435975 0.000934261
          18    0.432227    0.435767  0.00090511
          19    0.432126    0.435576 0.000877332
          20    0.434602    0.435527 0.000833733
           1    0.446874    0.446874           0
           2    0.435856    0.441365  0.00550924
           3    0.447999    0.443576  0.00387384
           4    0.437529    0.442065  0.00312872
           5    0.441509    0.441953  0.00242604
           6    0.441238    0.441834  0.00198444
           7    0.436252    0.441037  0.00185711
           8    0.443272    0.441316   0.0016324
           9    0.436352    0.440765   0.0015417
          10      0.4421    0.440898  0.00138539
          11    0.437418    0.440582  0.00129244
          12    0.433838     0.44002  0.00130685
          13    0.441344    0.440122  0.00120644
          14    0.441012    0.440185  0.00111875
          15    0.439161    0.440117  0.00104374
          16    0.438202    0.439997 0.000983635
          17    0.436582    0.439796 0.000945553
          18     0.43633    0.439604 0.000912036
          19    0.441783    0.439719  0.00087029
          20     0.43479    0.439472 0.000861622
           1    0.433452    0.433452           0
           2    0.436274    0.434863  0.00141057
           3    0.423615    0.431114  0.00383688
           4    0.437744    0.432771  0.00317938
           5    0.428859    0.431989  0.00258404
           6    0.426193    0.431023   0.0023205
           7    0.432744    0.431269  0.00197653
           8    0.422489    0.430171  0.00203333
           9    0.429408    0.430086  0.00179523
          10    0.426603    0.429738  0.00164304
          11     0.42855     0.42963  0.00149011
          12    0.429286    0.429601  0.00136058
          13    0.425952    0.429321  0.00128264
          14    0.429218    0.429313  0.00118752
          15    0.434193    0.429639  0.00115238
          16    0.447103     0.43073  0.00153406
          17     0.42827    0.430585  0.00144825
          18    0.444403    0.431353   0.0015664
          19    0.428819     0.43122  0.00148766
          20    0.427382    0.431028   0.0014243
           1    0.421797    0.421797           0
           2    0.423433    0.422615 0.000818106
           3    0.422708    0.422646 0.000473354
           4    0.430042    0.424495  0.00187911
           5    0.427653    0.425127  0.00158669
           6    0.424158    0.424965  0.00130555
           7     0.41747    0.423894  0.00153754
           8    0.429264    0.424566  0.00149118
           9    0.420057    0.424065  0.00140727
          10    0.417702    0.423428  0.00141039
          11    0.428705    0.423908  0.00136294
          12     0.42252    0.423792  0.00124955
          13    0.413849    0.423028  0.00138064
          14    0.427602    0.423354  0.00131932
          15     0.41464    0.422773  0.00135867
          16    0.428969    0.423161  0.00132861
          17    0.415602    0.422716  0.00132484
          18    0.423738    0.422773  0.00125036
          19    0.432701    0.423295  0.00129302
          20    0.423565    0.423309  0.00122674
           1    0.328308    0.328308           0
           2    0.342026    0.335167   0.0068593
           3    0.290876    0.320403   0.0152857
           4     0.33542    0.324157    0.011442
           5    0.340427    0.327411  0.00944137
           6    0.328695    0.327625  0.00771182
           7    0.331944    0.328242  0.00654682
           8    0.310331    0.326003  0.00609576
           9     0.33625    0.327142  0.00549519
          10    0.328908    0.327318  0.00491822
          11    0.340443    0.328512  0.00460591
          12    0.320412    0.327837  0.00425844
          13    0.318927    0.327151  0.00397669
          14    0.327137     0.32715   0.0036817
          15    0.322368    0.326831  0.00344228
          16    0.326209    0.326793  0.00322019
          17    0.351663    0.328255  0.00336006
          18    0.339733    0.328893  0.00323143
          19    0.326283    0.328756  0.00305971
          20    0.343918    0.329514  0.00300007
