           1    0.197249    0.197249           0
           2    0.198465    0.197857 0.000607784
           3     0.19591    0.197208 0.000737745
           4     0.19772    0.197336 0.000537127
           5    0.196578    0.197184 0.000442844
           6    0.195775    0.196949 0.000431235
           7     0.19504    0.196677 0.000455235
           8    0.195733    0.196559 0.000411524
           9    0.196859    0.196592 0.000364457
          10    0.196382    0.196571 0.000326659
          11    0.196661    0.196579 0.000295588
          12    0.195055    0.196452 0.000298245
          13    0.196993    0.196494 0.000277481
          14    0.196405    0.196487 0.000256976
          15     0.19603    0.196457 0.000241168
          16    0.194778    0.196352 0.000248792
          17    0.194706    0.196255 0.000252958
          18    0.195895    0.196235 0.000239331
          19     0.19748    0.196301 0.000235672
          20    0.196886     0.19633 0.000225483
           1    0.212113    0.212113           0
           2    0.209822    0.210967  0.00114533
           3    0.211706    0.211214 0.000705615
           4    0.210889    0.211132 0.000505503
           5    0.213195    0.211545 0.000568736
           6    0.212868    0.211765 0.000514096
           7    0.213178    0.211967  0.00047907
           8    0.212055    0.211978  0.00041503
           9     0.21269    0.212057 0.000374467
          10    0.211996    0.212051  0.00033499
          11    0.213896    0.212219 0.000346324
          12    0.212291    0.212225 0.000316206
          13     0.21066    0.212104 0.000314786
          14    0.209925    0.211949 0.000330394
          15    0.210027    0.211821 0.000333198
          16    0.213548    0.211929 0.000329852
          17    0.211648    0.211912  0.00031028
          18    0.212211    0.211929 0.000293007
          19    0.211626    0.211913 0.000277615
          20    0.213151    0.211975 0.000270548
           1    0.230442    0.230442           0
           2    0.230452    0.230447  5.2881e-06
           3    0.228703    0.229866 0.000581388
           4    0.232116    0.230428 0.000696784
           5    0.230384    0.230419   0.0005398
           6    0.229159    0.230209 0.000488219
           7    0.231197     0.23035 0.000436094
           8    0.227902    0.230044 0.000486145
           9    0.229485    0.229982 0.000433222
          10    0.229287    0.229913 0.000393663
          11    0.231615    0.230067 0.000388255
          12    0.228663     0.22995 0.000373244
          13    0.232076    0.230114 0.000380267
          14    0.229493     0.23007 0.000354839
          15    0.231363    0.230156  0.00034141
          16     0.22687     0.22995 0.000379701
          17     0.22818    0.229846 0.000371559
          18    0.231057    0.229914  0.00035671
          19    0.230461    0.229942 0.000338641
          20    0.230884    0.229989 0.000324692
           1    0.247964    0.247964           0
           2    0.250707    0.249335  0.00137117
           3    0.249805    0.249492 0.000806965
           4    0.249919    0.249599 0.000580508
           5    0.249032    0.249485 0.000463715
           6    0.250468    0.249649 0.000412533
           7    0.247275     0.24931 0.000486361
           8    0.251634    0.249601 0.000511658
           9    0.248547    0.249483 0.000466188
          10     0.24985     0.24952 0.000418578
          11    0.250662    0.249624 0.000392594
          12    0.251183    0.249754 0.000381213
          13    0.249147    0.249707 0.000353761
          14    0.248051    0.249589  0.00034822
          15    0.249276    0.249568 0.000324845
          16    0.247079    0.249412 0.000341373
          17    0.250051     0.24945 0.000322855
          18    0.250781    0.249524  0.00031324
          19    0.249704    0.249533 0.000296448
          20    0.247316    0.249423 0.000302293
           1    0.269896    0.269896           0
           2    0.269899    0.269897 1.82809e-06
           3    0.272012    0.270602 0.000704904
           4    0.270384    0.270548 0.000501428
           5    0.271648    0.270768  0.00044646
           6    0.270978    0.270803 0.000366206
           7    0.271965    0.270969 0.000351199
           8    0.269267    0.270756 0.000371127
           9     0.27098    0.270781 0.000328244
          10    0.271469     0.27085 0.000301541
          11    0.270447    0.270813 0.000275203
          12    0.269779    0.270727 0.000265592
          13    0.269455    0.270629 0.000263178
          14    0.267465    0.270403 0.000332321
          15    0.271222    0.270458  0.00031416
          16    0.271074    0.270496 0.000296382
          17    0.271909    0.270579 0.000290536
          18    0.266484    0.270352 0.000356081
          19    0.270978    0.270385 0.000338426
          20    0.272064    0.270469 0.000331858
           1    0.292604    0.292604           0
           2     0.29552    0.294062  0.00145802
           3    0.292709    0.293611 0.000955038
           4    0.290103    0.292734  0.00110681
           5    0.292049    0.292597 0.000868226
           6    0.292092    0.292513 0.000713872
           7    0.294395    0.292782 0.000660548
           8    0.292916    0.292799 0.000572297
           9    0.295828    0.293135 0.000606637
          10    0.291989    0.293021 0.000554563
          11    0.292552    0.292978 0.000503426
          12    0.295306    0.293172 0.000498823
          13    0.293365    0.293187 0.000459091
          14    0.295032    0.293319 0.000445013
          15    0.289853    0.293088 0.000474358
          16    0.294777    0.293193 0.000456115
          17    0.294069    0.293245 0.000431529
          18    0.297387    0.293475 0.000467425
          19    0.292369    0.293417 0.000445952
          20    0.293499    0.293421 0.000423088
           1    0.321888    0.321888           0
           2    0.320387    0.321137  0.00075069
           3    0.318763    0.320346  0.00090241
           4    0.319567    0.320151  0.00066715
           5     0.31832    0.319785  0.00063335
           6     0.32068    0.319934  0.00053822
           7     0.31768    0.319612  0.00055728
           8    0.321064    0.319794 0.000515621
           9    0.322181    0.320059 0.000526438
          10    0.322545    0.320307 0.000532449
          11    0.315607     0.31988 0.000643831
          12    0.318258    0.319745 0.000603088
          13    0.320475    0.319801 0.000557596
          14    0.317059    0.319605 0.000552136
          15    0.317428     0.31946 0.000534116
          16    0.317946    0.319365 0.000508507
          17    0.316646    0.319206 0.000503734
          18    0.321527    0.319334  0.00049213
          19    0.318971    0.319315 0.000465902
          20    0.319678    0.319333 0.000442364
           1    0.343987    0.343987           0
           2    0.343955    0.343971 1.59657e-05
           3    0.345732    0.344558 0.000586883
           4    0.341193    0.343717 0.000938066
           5    0.343332     0.34364  0.00073069
           6    0.346714    0.344152 0.000786452
           7    0.344168    0.344155 0.000664677
           8    0.342073    0.343894 0.000631691
           9    0.344588    0.343971 0.000562401
          10    0.342621    0.343836 0.000520834
          11    0.347036    0.344127 0.000553678
          12    0.349586    0.344582 0.000679978
          13     0.34318    0.344474 0.000634726
          14     0.34419    0.344454 0.000587994
          15    0.343368    0.344382  0.00055216
          16    0.342706    0.344277 0.000527007
          17    0.344233    0.344274 0.000495044
          18    0.342078    0.344152 0.000482411
          19    0.342577    0.344069 0.000463784
          20    0.342866    0.344009  0.00044408
           1    0.377086    0.377086           0
           2     0.37313    0.375108    0.001978
           3    0.375203     0.37514  0.00114244
           4    0.372513    0.374483    0.001041
           5    0.374862    0.374559 0.000809914
           6    0.372411    0.374201 0.000751973
           7    0.371549    0.373822 0.000739858
           8    0.375461    0.374027 0.000672702
           9    0.373021    0.373915 0.000603705
          10    0.372168     0.37374 0.000567544
          11    0.373739     0.37374 0.000513363
          12    0.371101     0.37352 0.000517695
          13    0.371419    0.373359 0.000502905
          14    0.370316    0.373141 0.000513822
          15    0.369408    0.372892 0.000539225
          16    0.371441    0.372802 0.000512492
          17    0.371679    0.372736 0.000485913
          18    0.372733    0.372735 0.000458123
          19    0.370557    0.372621 0.000448257
          20    0.374257    0.372703  0.00043305
           1    0.398793    0.398793           0
           2    0.392056    0.395425  0.00336848
           3    0.396429     0.39576   0.0019734
           4    0.391559    0.394709  0.00174648
           5    0.398051    0.395378  0.00150893
           6    0.396428    0.395553  0.00124441
           7    0.392272    0.395084  0.00115141
           8     0.39969     0.39566  0.00115143
           9    0.400354    0.396182  0.00114158
          10    0.401093    0.396673  0.00113304
          11    0.399465    0.396927  0.00105585
          12    0.399024    0.397101 0.000979576
          13    0.393862    0.396852 0.000934895
          14    0.400174    0.397089 0.000897484
          15    0.396328    0.397039 0.000837054
          16    0.395744    0.396958  0.00078716
          17     0.40064    0.397174 0.000770472
          18    0.395639    0.397089 0.000731397
          19    0.398235    0.397149 0.000694458
          20     0.40235    0.397409 0.000708278
           1    0.422167    0.422167           0
           2    0.421718    0.421942   0.0002243
           3    0.426472    0.423452  0.00151537
           4    0.418862    0.422305     0.00157
           5    0.422935    0.422431  0.00122263
           6    0.427685    0.423306  0.00132791
           7    0.413826    0.421952  0.00175892
           8    0.414099     0.42097  0.00181216
           9    0.418301    0.420674  0.00162546
          10    0.412615    0.419868  0.00166226
          11    0.422101    0.420071  0.00151721
          12     0.42505    0.420486  0.00144582
          13    0.420311    0.420472  0.00133003
          14    0.413913    0.420004   0.0013175
          15    0.411955    0.419467  0.00133875
          16    0.417407    0.419339  0.00125889
          17    0.418782    0.419306  0.00118298
          18    0.423298    0.419528  0.00113716
          19    0.415314    0.419306  0.00109827
          20    0.420832    0.419382   0.0010447
           1    0.434624    0.434624           0
           2    0.435441    0.435033 0.000408647
           3    0.437126     0.43573 0.000736514
           4    0.439858    0.436762   0.0011559
           5    0.430813    0.435572  0.00148913
           6    0.437324    0.435864  0.00125042
           7    0.441711      0.4367  0.00134697
           8    0.429573    0.435809  0.00146773
           9    0.441216     0.43641  0.00142703
          10    0.440667    0.436835  0.00134551
          11    0.444038     0.43749  0.00138203
          12    0.445289     0.43814  0.00141916
          13    0.433635    0.437793  0.00135065
          14    0.436338    0.437689  0.00125477
          15    0.438943    0.437773  0.00117112
          16    0.440945    0.437971  0.00111327
          17    0.438318    0.437992  0.00104594
          18    0.436758    0.437923 0.000988496
          19    0.428969    0.437452  0.00104707
          20    0.433961    0.437277  0.00100856
           1      0.4387      0.4387           0
           2    0.439238    0.438969 0.000268925
           3    0.452226    0.443388  0.00442197
           4    0.447574    0.444434  0.00329728
           5    0.449289    0.445405  0.00273239
           6    0.442881    0.444985   0.0022703
           7     0.44746    0.445338  0.00195107
           8    0.441042    0.444801  0.00177295
           9    0.445819    0.444914  0.00156768
          10    0.445428    0.444966  0.00140312
          11    0.443533    0.444835  0.00127584
          12    0.427587    0.443398  0.00184997
          13    0.429992    0.442367   0.0019898
          14    0.434873    0.441832  0.00191838
          15    0.429232    0.440992  0.00197359
          16    0.435885    0.440672  0.00187351
          17    0.437317    0.440475  0.00177089
          18    0.434525    0.440145  0.00170202
          19    0.431869    0.439709  0.00166782
          20    0.442048    0.439826  0.00158655
           1    0.427847    0.427847           0
           2    0.424101    0.425974  0.00187336
           3    0.436027    0.429325  0.00352133
           4    0.419012    0.426747  0.00358435
           5    0.423948    0.426187   0.0028323
           6    0.434285    0.427537  0.00267763
           7    0.455159    0.431483  0.00454888
           8    0.426093    0.430809  0.00399665
           9    0.455518    0.433554  0.00446781
          10    0.418271    0.432026  0.00427841
          11    0.425844    0.431464  0.00391056
          12    0.441066    0.432264  0.00365841
          13    0.425081    0.431712  0.00341031
          14    0.438596    0.432203   0.0031954
          15    0.443567    0.432961  0.00306971
          16    0.450558    0.434061  0.00307486
          17    0.431898    0.433934  0.00289113
          18    0.424514     0.43341  0.00277556
          19    0.449259    0.434244  0.00275475
          20    0.432093    0.434137  0.00261559
           1    0.414605    0.414605           0
           2    0.406944    0.410775  0.00383048
           3    0.447419     0.42299   0.0124135
           4    0.413207    0.420544    0.009112
           5    0.424746    0.421384  0.00710798
           6    0.433856    0.423463  0.00616464
           7    0.450339    0.427302  0.00647198
           8    0.433556    0.428084  0.00565914
           9    0.416312    0.426776  0.00515945
          10    0.417022    0.425801  0.00471671
          11    0.419282    0.425208  0.00430738
          12    0.407895    0.423765  0.00418841
          13    0.418508    0.423361  0.00387394
          14    0.411699    0.422528  0.00368204
          15    0.432864    0.423217  0.00349637
          16    0.417916    0.422886  0.00328729
          17    0.434649    0.423578  0.00316445
          18    0.428536    0.423853  0.00299616
          19    0.413116    0.423288  0.00288988
          20    0.411158    0.422681  0.00280786
           1    0.342723    0.342723           0
           2    0.325052    0.333888  0.00883549
           3    0.336097    0.334624  0.00515407
           4    0.337626    0.335375  0.00372093
           5     0.31064    0.330428  0.00572534
           6    0.329804    0.330324  0.00467587
           7    0.331475    0.330488  0.00395525
           8    0.325259    0.329835  0.00348716
           9    0.329594    0.329808   0.0030755
          10    0.362137    0.333041  0.00424486
          11    0.357462    0.335261  0.00443527
          12    0.312723    0.333383  0.00446323
          13    0.330241    0.333141  0.00411269
          14    0.307742    0.331327  0.00421774
          15     0.31273    0.330087  0.00411757
          16    0.332003    0.330207   0.0038535
          17    0.292006     0.32796  0.00426051
          18    0.315743    0.327281  0.00407378
          19     0.32354    0.327084  0.00385844
          20    0.353724    0.328416  0.00389525
