           1   0.0275256   0.0275256           0
           2   0.0294068   0.0284662   0.0009406
           3   0.0262064   0.0277129 0.000928612
           4    0.028986   0.0280312 0.000729694
           5   0.0260904    0.027643 0.000685668
           6    0.027216   0.0275719 0.000564351
           7   0.0272388   0.0275243 0.000479331
           8    0.028034    0.027588 0.000419974
           9   0.0275028   0.0275785 0.000370504
          10   0.0269252   0.0275132 0.000337767
          11      0.0251   0.0272938 0.000376128
          12   0.0276888   0.0273267  0.00034493
          13   0.0274968   0.0273398 0.000317559
          14   0.0264704   0.0272777  0.00030049
          15   0.0300904   0.0274652 0.000336773
          16   0.0291264   0.0275691  0.00033169
          17   0.0254452   0.0274441 0.000335683
          18   0.0282916   0.0274912 0.000319968
          19   0.0281332    0.027525 0.000304539
          20   0.0259776   0.0274476 0.000299092
           1     0.02554     0.02554           0
           2   0.0272176   0.0263788   0.0008388
           3   0.0321204   0.0282927  0.00197419
           4    0.027598    0.028119  0.00140672
           5   0.0295276   0.0284007  0.00112547
           6   0.0301344   0.0286897   0.0009633
           7   0.0325508   0.0292413 0.000983398
           8   0.0315636   0.0295316 0.000899763
           9   0.0290464   0.0294776 0.000795345
          10   0.0301204   0.0295419 0.000714276
          11   0.0319272   0.0297588 0.000681506
          12   0.0267712   0.0295098 0.000670093
          13   0.0276728   0.0293685 0.000632386
          14    0.029034   0.0293446 0.000585963
          15   0.0313924   0.0294811 0.000562325
          16    0.031586   0.0296127 0.000542209
          17    0.031004   0.0296945  0.00051585
          18   0.0297788   0.0296992 0.000486371
          19   0.0316096   0.0297997  0.00047092
          20   0.0315464   0.0298871  0.00045521
           1    0.035176    0.035176           0
           2   0.0343388   0.0347574   0.0004186
           3   0.0338424   0.0344524 0.000389145
           4   0.0333716   0.0341822 0.000385649
           5   0.0314376   0.0336333 0.000624938
           6   0.0315692   0.0332893 0.000615395
           7   0.0346248   0.0334801 0.000553993
           8   0.0343808   0.0335926 0.000492807
           9   0.0344148    0.033684 0.000444111
          10   0.0333844    0.033654 0.000398353
          11   0.0349292     0.03377 0.000378513
          12   0.0344488   0.0338265 0.000350133
          13   0.0343764   0.0338688 0.000324841
          14   0.0347128   0.0339291 0.000306727
          15   0.0328684   0.0338584 0.000294173
          16   0.0349048   0.0339238 0.000282839
          17   0.0318608   0.0338024 0.000292083
          18    0.032592   0.0337352 0.000283471
          19   0.0343612   0.0337681 0.000270153
          20    0.030788   0.0336191 0.000296459
           1   0.0362904   0.0362904           0
           2   0.0367432   0.0365168   0.0002264
           3    0.040348   0.0377939  0.00128374
           4   0.0369972   0.0375947 0.000929333
           5   0.0419104   0.0384578  0.00112392
           6   0.0378304   0.0383533  0.00092362
           7     0.03985   0.0385671 0.000809356
           8   0.0379464   0.0384895 0.000705204
           9   0.0415632    0.038831 0.000709532
          10   0.0395048   0.0388984 0.000638191
          11   0.0373828   0.0387606 0.000593481
          12   0.0388844   0.0387709  0.00054187
          13   0.0350644   0.0384858 0.000574232
          14   0.0350204   0.0382383 0.000586436
          15   0.0371676   0.0381669 0.000550589
          16   0.0391248   0.0382268 0.000518497
          17   0.0375332    0.038186 0.000488748
          18   0.0353228   0.0380269 0.000487478
          19   0.0409172    0.038179 0.000485553
          20   0.0379784    0.038169 0.000460745
           1   0.0439056   0.0439056           0
           2   0.0443724    0.044139   0.0002334
           3   0.0434428   0.0439069 0.000268353
           4   0.0445732   0.0440735  0.00025249
           5   0.0484752   0.0449538 0.000901803
           6   0.0412024   0.0443286 0.000965966
           7   0.0449668   0.0444198 0.000821466
           8    0.038286    0.043653  0.00104593
           9     0.04516   0.0438205 0.000937496
          10   0.0427368   0.0437121 0.000845495
          11   0.0397628   0.0433531 0.000844861
          12   0.0425984   0.0432902 0.000773809
          13   0.0411676   0.0431269 0.000730287
          14   0.0454944    0.043296 0.000696941
          15   0.0444968   0.0433761 0.000653737
          16   0.0416616   0.0432689 0.000620832
          17   0.0390532   0.0430209 0.000633706
          18   0.0442188   0.0430875 0.000601159
          19    0.046392   0.0432614 0.000594642
          20    0.042602   0.0432284  0.00056509
           1   0.0465444   0.0465444           0
           2   0.0503084   0.0484264    0.001882
           3    0.046478   0.0477769  0.00126588
           4   0.0506472   0.0484945  0.00114723
           5   0.0519556   0.0491867  0.00112643
           6   0.0496548   0.0492647 0.000923029
           7   0.0562796   0.0502669  0.00126996
           8    0.052226   0.0505118  0.00112676
           9   0.0532056   0.0508111  0.00103781
          10   0.0497896   0.0507089 0.000933846
          11   0.0509628    0.050732  0.00084501
          12   0.0511488   0.0507667 0.000772167
          13   0.0472948   0.0504997 0.000758841
          14   0.0509596   0.0505325 0.000703318
          15    0.053182   0.0507091  0.00067816
          16   0.0476472   0.0505178 0.000662598
          17   0.0530624   0.0506675 0.000640149
          18   0.0527616   0.0507838 0.000614649
          19   0.0457156   0.0505171 0.000639672
          20   0.0474484   0.0503636 0.000625942
           1   0.0580004   0.0580004           0
           2   0.0611872   0.0595938   0.0015934
           3   0.0558196   0.0583357  0.00155854
           4   0.0614224   0.0591074  0.00134536
           5   0.0628804    0.059862  0.00128663
           6   0.0629272   0.0603729  0.00116816
           7   0.0562792   0.0597881  0.00114748
           8   0.0598592    0.059797 0.000993787
           9   0.0626436   0.0601132 0.000931765
          10   0.0596572   0.0600676 0.000834643
          11   0.0620924   0.0602517 0.000777078
          12   0.0606604   0.0602858 0.000710189
          13   0.0558008   0.0599408  0.00073878
          14   0.0624976   0.0601234  0.00070794
          15   0.0605948   0.0601548 0.000659806
          16   0.0604624    0.060174 0.000617491
          17   0.0558816   0.0599216 0.000632607
          18    0.060856   0.0599735 0.000598683
          19   0.0600176   0.0599758 0.000566302
          20    0.056264   0.0597902 0.000568394
           1   0.0722308   0.0722308           0
           2   0.0706356   0.0714332   0.0007976
           3   0.0688956   0.0705873 0.000963092
           4   0.0718744   0.0709091 0.000753198
           5   0.0702168   0.0707706 0.000599629
           6   0.0709568   0.0708017 0.000490577
           7   0.0712304   0.0708629 0.000419113
           8   0.0736284   0.0712086 0.000501239
           9   0.0732812   0.0714389  0.00049844
          10   0.0735556   0.0716506 0.000493516
          11   0.0768032    0.072119 0.000647066
          12   0.0727288   0.0721698 0.000592869
          13    0.077638   0.0725904  0.00068873
          14   0.0651504    0.072059 0.000830062
          15   0.0686704   0.0718331  0.00080509
          16     0.06823   0.0716079 0.000786041
          17   0.0726452   0.0716689 0.000740874
          18   0.0726592   0.0717239 0.000700666
          19   0.0701324   0.0716402 0.000668036
          20   0.0726976    0.071693 0.000635956
           1   0.0872272   0.0872272           0
           2    0.093282   0.0902546   0.0030274
           3   0.0819664   0.0874919  0.00326921
           4     0.08596   0.0871089  0.00234319
           5   0.0879884   0.0872848  0.00182353
           6    0.089716     0.08769  0.00154306
           7   0.0984348    0.089225  0.00201417
           8    0.088462   0.0891296  0.00174693
           9    0.084038   0.0885639  0.00164123
          10   0.0939348    0.089101  0.00156313
          11   0.0874844    0.088954  0.00142152
          12   0.0871104   0.0888004  0.00130673
          13   0.0912016   0.0889851  0.00121613
          14   0.0917844    0.089185  0.00114353
          15   0.0888396    0.089162  0.00106482
          16   0.0942664    0.089481  0.00104589
          17   0.0993772   0.0900632  0.00114196
          18   0.0888404   0.0899952  0.00107879
          19   0.0876716   0.0898729  0.00102773
          20   0.0928384   0.0900212 0.000986204
           1    0.114702    0.114702           0
           2    0.109531    0.112116   0.0025856
           3    0.106748    0.110327  0.00233047
           4    0.109404    0.110096  0.00166396
           5    0.110742    0.110225  0.00129536
           6    0.111297    0.110404  0.00107263
           7    0.102946    0.109338  0.00139894
           8    0.109243    0.109326  0.00121157
           9     0.10542    0.108892  0.00115329
          10    0.107474    0.108751  0.00104124
          11    0.119045    0.109686  0.00132772
          12    0.106777    0.109444  0.00123605
          13    0.120092    0.110263   0.0014013
          14    0.115494    0.110637  0.00135008
          15    0.107798    0.110447  0.00127102
          16    0.106808     0.11022   0.0012105
          17     0.10558    0.109947  0.00116937
          18    0.109998     0.10995   0.0011025
          19    0.116502    0.110295   0.0010984
          20    0.110707    0.110315  0.00104223
           1    0.146956    0.146956           0
           2    0.149415    0.148186   0.0012294
           3    0.144211    0.146861  0.00150314
           4    0.148779     0.14734  0.00116603
           5    0.148068    0.147486 0.000914845
           6    0.151398    0.148138 0.000991566
           7    0.153227    0.148865  0.00110945
           8     0.15123    0.149161  0.00100525
           9    0.151423    0.149412 0.000921497
          10    0.151992     0.14967 0.000863665
          11    0.149063    0.149615 0.000783159
          12    0.153159     0.14991 0.000773536
          13    0.153273    0.150169 0.000757108
          14    0.141302    0.149535 0.000944675
          15    0.133002    0.148433  0.00141011
          16    0.140135    0.147915  0.00141733
          17    0.154799     0.14832  0.00139157
          18      0.1438    0.148068  0.00133579
          19    0.139499    0.147617  0.00134162
          20    0.147673     0.14762  0.00127278
           1    0.224752    0.224752           0
           2    0.189106    0.206929   0.0178226
           3     0.18614    0.199999   0.0124057
           4    0.200397    0.200099  0.00877273
           5     0.19342    0.198763  0.00692536
           6    0.211502    0.200886  0.00603999
           7    0.193913     0.19989  0.00520101
           8    0.209792    0.201128  0.00467117
           9     0.20115     0.20113  0.00411959
          10    0.199261    0.200943  0.00368941
          11    0.202748    0.201107  0.00334123
          12    0.205324    0.201459  0.00307028
          13     0.20686    0.201874  0.00285464
          14      0.2118    0.202583  0.00273633
          15    0.190336    0.201767  0.00267503
          16    0.198416    0.201557  0.00251101
          17    0.199449    0.201433  0.00236194
          18    0.206155    0.201696  0.00224226
          19    0.199468    0.201578   0.0021242
          20    0.194702    0.201234  0.00204432
           1    0.278923    0.278923           0
           2    0.303651    0.291287    0.012364
           3    0.284556    0.289043  0.00748268
           4    0.271234    0.284591  0.00691518
           5    0.309535     0.28958  0.00731981
           6    0.303643    0.291924  0.00641978
           7     0.29416    0.292243  0.00543511
           8    0.285697    0.291425  0.00477754
           9    0.274398    0.289533  0.00461867
          10    0.300017    0.290581  0.00426201
          11    0.328693    0.294046  0.00518325
          12    0.301405    0.294659  0.00477121
          13    0.299111    0.295002  0.00440221
          14    0.300909    0.295424  0.00409744
          15    0.284933    0.294724   0.0038781
          16    0.295108    0.294748  0.00362771
          17    0.298286    0.294956  0.00341399
          18    0.284092    0.294353  0.00327484
          19    0.290408    0.294145  0.00310463
          20    0.300714    0.294474  0.00296357
           1    0.446702    0.446702           0
           2    0.414282    0.430492   0.0162096
           3     0.44363    0.434871   0.0103326
           4    0.393773    0.424597   0.0126075
           5    0.462317    0.432141   0.0123403
           6    0.400126    0.426805   0.0114014
           7    0.455085    0.430845   0.0104486
           8    0.450372    0.433286  0.00937216
           9    0.444224    0.434501  0.00835435
          10    0.429642    0.434015  0.00748815
          11     0.46954    0.437245  0.00750379
          12    0.447011    0.438059  0.00689817
          13    0.468531    0.440403   0.0067645
          14    0.460092    0.441809  0.00641868
          15    0.438396    0.441582   0.0059798
          16    0.432048    0.440986  0.00562523
          17    0.474378     0.44295  0.00563728
          18    0.445734    0.443105  0.00531713
          19    0.434646     0.44266  0.00504916
          20    0.433284    0.442191  0.00481294
           1    0.680333    0.680333           0
           2    0.691014    0.685674   0.0053404
           3    0.620642    0.663996   0.0218954
           4    0.663792    0.663945   0.0154825
           5     0.68959    0.669074   0.0130434
           6    0.635116    0.663415   0.0120603
           7    0.679471    0.665708   0.0104477
           8    0.660156    0.665014  0.00907456
           9    0.687161    0.667475  0.00837279
          10    0.648278    0.665555  0.00773097
          11    0.662315    0.665261  0.00699913
          12    0.731284    0.670763  0.00843175
          13    0.661882     0.67008  0.00778611
          14    0.688594    0.671402  0.00732883
          15    0.703278    0.673527  0.00714606
          16    0.644108    0.671688   0.0069328
          17    0.690068     0.67277  0.00660137
          18     0.66257    0.672203  0.00624957
          19    0.680461    0.672638  0.00592746
          20    0.606666    0.669339  0.00651934
           1    0.899828    0.899828           0
           2    0.879995    0.889912   0.0099166
           3    0.912334    0.897386  0.00941506
           4    0.916486    0.902161  0.00819276
           5    0.889916    0.899712   0.0068022
           6    0.926565    0.904187  0.00713277
           7    0.863228    0.898336  0.00840107
           8    0.914769     0.90039  0.00755994
           9    0.938333    0.904606  0.00788833
          10      0.9073    0.904876  0.00706068
          11     0.89821     0.90427  0.00641531
          12    0.884665    0.902636  0.00607996
          13    0.899146    0.902367  0.00559919
          14     0.86812    0.899921  0.00573205
          15     0.87269    0.898106  0.00563661
          16    0.876729     0.89677   0.0054392
          17    0.891691    0.896471  0.00511797
          18    0.899502    0.896639   0.0048282
          19    0.892316    0.896412  0.00457269
          20     0.86495    0.894839  0.00461445
