           1   0.0277768   0.0277768           0
           2   0.0285028   0.0281398    0.000363
           3    0.026034   0.0274379 0.000732553
           4   0.0278232   0.0275342 0.000526875
           5   0.0247172   0.0269708 0.000695685
           6   0.0265072   0.0268935 0.000573256
           7   0.0247872   0.0265926 0.000570328
           8   0.0278172   0.0267457 0.000517094
           9   0.0286288   0.0269549 0.000501742
          10   0.0287456    0.027134 0.000483178
          11   0.0244272   0.0268879 0.000501563
          12   0.0258024   0.0267975 0.000466713
          13   0.0262492   0.0267553  0.00043138
          14   0.0227212   0.0264671 0.000492478
          15     0.02715   0.0265127 0.000460727
          16   0.0278616    0.026597  0.00043914
          17   0.0212172   0.0262805 0.000519905
          18   0.0273856   0.0263419 0.000494001
          19   0.0288256   0.0264726 0.000485218
          20   0.0268396    0.026491 0.000460684
           1   0.0307584   0.0307584           0
           2   0.0288256    0.029792   0.0009664
           3   0.0304804   0.0300215 0.000603295
           4   0.0306032   0.0301669 0.000450703
           5    0.029788   0.0300911 0.000357243
           6   0.0307104   0.0301943  0.00030941
           7   0.0321024   0.0304669 0.000377733
           8    0.030628   0.0304871 0.000327746
           9    0.028708   0.0302894 0.000350173
          10   0.0324328   0.0305037 0.000379525
          11   0.0281248   0.0302875 0.000405735
          12   0.0295812   0.0302286 0.000375031
          13   0.0311104   0.0302964 0.000351584
          14   0.0293104    0.030226 0.000333036
          15   0.0282216   0.0300924  0.00033761
          16   0.0309188    0.030144 0.000320001
          17   0.0309328   0.0301904 0.000304149
          18    0.034074   0.0304062 0.000358856
          19   0.0324872   0.0305157 0.000356677
          20   0.0319312   0.0305865 0.000345696
           1    0.033304    0.033304           0
           2   0.0314408   0.0323724   0.0009316
           3   0.0353616   0.0333688   0.0011323
           4   0.0347464   0.0337132 0.000871587
           5   0.0352288   0.0340163 0.000740054
           6   0.0345488   0.0341051 0.000610734
           7    0.037938   0.0346526 0.000752496
           8   0.0359568   0.0348156 0.000671761
           9     0.03442   0.0347717 0.000594067
          10   0.0329164   0.0345862 0.000562808
          11   0.0329232    0.034435 0.000531052
          12   0.0302948     0.03409  0.00059502
          13   0.0341832   0.0340971 0.000547386
          14   0.0359808   0.0342317 0.000524338
          15    0.036504   0.0343832 0.000511098
          16   0.0380428   0.0346119 0.000529985
          17   0.0345784   0.0346099 0.000497838
          18   0.0335728   0.0345523  0.00047289
          19   0.0370148   0.0346819 0.000465707
          20   0.0368684   0.0347912 0.000455133
           1   0.0377688   0.0377688           0
           2   0.0368632    0.037316   0.0004528
           3   0.0362296   0.0369539 0.000446635
           4   0.0403428   0.0378011 0.000904182
           5    0.035518   0.0373445  0.00083608
           6    0.040376   0.0378497 0.000849294
           7   0.0355992   0.0375282 0.000786499
           8   0.0375084   0.0375257 0.000681132
           9    0.039282   0.0377209 0.000631603
          10   0.0381864   0.0377674 0.000566838
          11   0.0297836   0.0370416 0.000888638
          12   0.0368756   0.0370278 0.000811329
          13   0.0417452   0.0373907 0.000829858
          14   0.0394704   0.0375392 0.000782529
          15   0.0339128   0.0372975 0.000767564
          16     0.03924   0.0374189 0.000728182
          17    0.040266   0.0375864 0.000704213
          18   0.0324072   0.0372986 0.000723604
          19   0.0372176   0.0372944 0.000684474
          20   0.0411876    0.037489   0.0006779
           1   0.0381452   0.0381452           0
           2   0.0401096   0.0391274   0.0009822
           3   0.0439616   0.0407388  0.00170827
           4   0.0409072   0.0407809  0.00120866
           5   0.0377976   0.0401842  0.00111019
           6   0.0435276   0.0407415  0.00106404
           7   0.0478772   0.0417609  0.00135936
           8   0.0402288   0.0415693  0.00119271
           9   0.0436236   0.0417976  0.00107636
          10   0.0404112    0.041659 0.000972653
          11   0.0424972   0.0417352 0.000883092
          12     0.04026   0.0416122 0.000815468
          13   0.0407664   0.0415472 0.000752938
          14   0.0415788   0.0415494 0.000697088
          15   0.0411848   0.0415251 0.000649409
          16   0.0474388   0.0418947 0.000711072
          17   0.0438084   0.0420073 0.000677355
          18   0.0445764     0.04215 0.000654372
          19   0.0435608   0.0422243 0.000623412
          20    0.042924   0.0422593 0.000592454
           1    0.048798    0.048798           0
           2   0.0513356   0.0500668   0.0012688
           3   0.0505724   0.0502353 0.000751679
           4   0.0534072   0.0510283 0.000954624
           5   0.0533156   0.0514858 0.000869513
           6   0.0534884   0.0518195   0.0007845
           7   0.0509612   0.0516969 0.000674267
           8   0.0518144   0.0517116 0.000584117
           9   0.0473888   0.0512313 0.000704323
          10   0.0481964   0.0509278 0.000699258
          11   0.0482124   0.0506809 0.000678968
          12   0.0506492   0.0506783 0.000619815
          13    0.051444   0.0507372 0.000573182
          14   0.0472044   0.0504849 0.000587605
          15    0.052558   0.0506231  0.00056422
          16    0.049358    0.050544  0.00053367
          17    0.049466   0.0504806  0.00050529
          18   0.0484084   0.0503655 0.000490104
          19   0.0511972   0.0504092 0.000465654
          20     0.04574   0.0501758 0.000499655
           1    0.060766    0.060766           0
           2   0.0615216   0.0611438   0.0003778
           3   0.0550984   0.0591287   0.0020269
           4   0.0549472   0.0580833  0.00177397
           5   0.0586056   0.0581878  0.00137807
           6   0.0571628   0.0580169  0.00113809
           7   0.0618996   0.0585716  0.00111033
           8   0.0590988   0.0586375 0.000963827
           9   0.0634152   0.0591684  0.00100216
          10    0.061962   0.0594477 0.000938889
          11   0.0565576    0.059185 0.000888971
          12   0.0673904   0.0598688  0.00106119
          13    0.056246   0.0595901  0.00101515
          14   0.0652148   0.0599919  0.00102212
          15   0.0531592   0.0595363  0.00105495
          16   0.0559364   0.0593113  0.00101214
          17   0.0648764   0.0596387  0.00100552
          18   0.0549496   0.0593782 0.000983153
          19   0.0552472   0.0591608 0.000955048
          20    0.063022   0.0593538 0.000926379
           1   0.0697396   0.0697396           0
           2   0.0673412   0.0685404   0.0011992
           3   0.0707592     0.06928   0.0010131
           4    0.067828    0.068917  0.00080309
           5    0.065774   0.0682884  0.00088437
           6   0.0712004   0.0687737 0.000870032
           7    0.074756   0.0696283   0.0011274
           8   0.0644648   0.0689829  0.00117042
           9    0.062192   0.0682284  0.00127859
          10   0.0756092   0.0689664   0.0013611
          11   0.0727432   0.0693098  0.00127814
          12   0.0748128   0.0697684  0.00125367
          13    0.073138   0.0700276  0.00118198
          14   0.0715076   0.0701333  0.00109939
          15   0.0646436   0.0697673  0.00108694
          16   0.0718988   0.0699005  0.00102543
          17   0.0694844    0.069876 0.000963538
          18    0.059638   0.0693073   0.0010718
          19   0.0777648   0.0697524  0.00110724
          20   0.0701152   0.0697705  0.00105058
           1    0.085362    0.085362           0
           2   0.0848612   0.0851116   0.0002504
           3   0.0839168   0.0847133 0.000423694
           4   0.0908412   0.0862453  0.00156099
           5   0.0879032   0.0865769  0.00125378
           6   0.0937112   0.0877659  0.00156902
           7   0.0849812   0.0873681  0.00138445
           8   0.0850016   0.0870723  0.00123492
           9   0.0956748   0.0880281  0.00144905
          10   0.0860404   0.0878294  0.00131123
          11    0.090832   0.0881023  0.00121705
          12   0.0815116   0.0875531  0.00123936
          13   0.0876912   0.0875637  0.00114009
          14     0.08336   0.0872635   0.0010974
          15   0.0859864   0.0871783  0.00102516
          16   0.0818684   0.0868465  0.00101475
          17   0.0879164   0.0869094 0.000955271
          18   0.0852516   0.0868173 0.000905335
          19   0.0903036   0.0870008 0.000875798
          20   0.0887708   0.0870893 0.000835556
           1    0.109506    0.109506           0
           2    0.116976    0.113241    0.003735
           3    0.115462    0.113981  0.00228004
           4    0.131574    0.118379  0.00468438
           5    0.116972    0.118098   0.0036394
           6    0.107389    0.116313   0.0034664
           7     0.11408    0.115994  0.00294696
           8    0.118476    0.116304  0.00257092
           9    0.117467    0.116433  0.00227102
          10    0.115998     0.11639  0.00203173
          11    0.109304    0.115746  0.00194738
          12    0.106445    0.114971  0.00193933
          13    0.113758    0.114877  0.00178636
          14   0.0884804    0.112992  0.00250805
          15    0.115211     0.11314  0.00233955
          16    0.112954    0.113128  0.00218848
          17    0.126461    0.113913  0.00220025
          18   0.0958568    0.112909  0.00230422
          19      0.1159    0.113067  0.00218525
          20     0.10551    0.112689  0.00210726
           1    0.151209    0.151209           0
           2    0.153332    0.152271   0.0010616
           3    0.160067    0.154869  0.00266997
           4    0.141184    0.151448  0.00390761
           5    0.135828    0.148324  0.00434986
           6    0.166923    0.151424  0.00471415
           7    0.145189    0.150533  0.00408254
           8    0.146234    0.149996  0.00357619
           9    0.134099     0.14823  0.00361484
          10    0.151865    0.148593  0.00325359
          11    0.163048    0.149907  0.00322305
          12    0.158344     0.15061  0.00302505
          13    0.161553    0.151452  0.00290718
          14    0.149794    0.151334  0.00269413
          15    0.139028    0.150513  0.00263886
          16    0.146168    0.150242  0.00248331
          17    0.153698    0.150445  0.00234151
          18    0.147574    0.150285  0.00221336
          19    0.148441    0.150188  0.00209588
          20    0.139187    0.149638  0.00206301
           1    0.208098    0.208098           0
           2    0.191914    0.200006   0.0080918
           3    0.197787    0.199266  0.00472997
           4    0.180549    0.194587  0.00575168
           5    0.223736    0.200417  0.00733728
           6    0.188404    0.198415  0.00631657
           7    0.206512    0.199571  0.00546235
           8    0.191626    0.198578  0.00483366
           9    0.203588    0.199135  0.00429908
          10    0.214074    0.200629   0.0041252
          11    0.220244    0.202412   0.0041356
          12    0.203994    0.202544  0.00377757
          13    0.195038    0.201967   0.0035225
          14    0.190871    0.201174  0.00335612
          15    0.207411     0.20159  0.00315192
          16    0.171128    0.199686  0.00350961
          17    0.183122    0.198712  0.00343768
          18    0.213536    0.199535  0.00334408
          19    0.197017    0.199403  0.00316596
          20    0.202214    0.199543  0.00300678
           1    0.300474    0.300474           0
           2    0.311011    0.305743   0.0052682
           3    0.322622    0.311369  0.00639597
           4    0.311894      0.3115  0.00452453
           5    0.272244    0.303649  0.00859803
           6     0.28592    0.300694  0.00761676
           7    0.323334    0.303928  0.00720413
           8    0.272496    0.299999  0.00737305
           9     0.26973    0.296636   0.0073207
          10    0.305094    0.297482  0.00660224
          11    0.249452    0.293115  0.00739794
          12    0.273482    0.291479  0.00694872
          13    0.296016    0.291828  0.00640141
          14     0.30083    0.292471  0.00596134
          15     0.28501    0.291974  0.00557195
          16    0.265042    0.290291  0.00547715
          17    0.262462    0.288654  0.00539903
          18    0.307822    0.289719  0.00520045
          19    0.268238    0.288588  0.00504737
          20    0.291547    0.288736  0.00479064
           1    0.426282    0.426282           0
           2    0.427384    0.426833   0.0005512
           3    0.479053     0.44424   0.0174094
           4    0.478867    0.452897   0.0150494
           5    0.421886    0.446694   0.0132044
           6     0.41928    0.442125   0.0117095
           7    0.441164    0.441988  0.00989732
           8    0.432433    0.440794  0.00865415
           9    0.423821    0.438908  0.00786178
          10    0.443998    0.439417  0.00705019
          11    0.480567    0.443158  0.00739339
          12    0.466265    0.445083  0.00701853
          13    0.428773    0.443829   0.0065769
          14    0.443685    0.443818  0.00608903
          15    0.422178    0.442376  0.00584929
          16    0.448159    0.442737  0.00548344
          17    0.408195    0.440705  0.00553708
          18    0.436314    0.440461  0.00522611
          19    0.445358    0.440719  0.00495012
          20     0.39393     0.43838  0.00524655
           1    0.682392    0.682392           0
           2    0.694084    0.688238   0.0058458
           3    0.688956    0.688477  0.00338354
           4    0.704381    0.692453  0.00464028
           5    0.648619    0.683686  0.00947514
           6    0.636732    0.675861   0.0110042
           7    0.719328     0.68207   0.0111827
           8    0.638953    0.676681   0.0110833
           9    0.592142    0.667288   0.0135563
          10    0.660889    0.666648    0.012142
          11    0.707425    0.670355   0.0115916
          12    0.674866    0.670731   0.0105883
          13     0.70799    0.673597   0.0101527
          14    0.644704    0.671533  0.00962352
          15    0.674299    0.671717   0.0089609
          16    0.702154     0.67362  0.00859531
          17    0.671354    0.673486  0.00807499
          18    0.585506    0.668599  0.00904715
          19    0.675788    0.668977  0.00856611
          20     0.56528    0.663792  0.00963967
           1    0.855657    0.855657           0
           2    0.901197    0.878427   0.0227698
           3    0.907547    0.888134   0.0163414
           4    0.920683    0.896271   0.0141329
           5    0.873074    0.891632   0.0118898
           6    0.881086    0.889874  0.00986582
           7    0.912552    0.893114  0.00894539
           8    0.906563    0.894795  0.00792725
           9    0.893109    0.894607  0.00699369
          10    0.912245    0.896371  0.00649924
          11    0.826293        0.89  0.00866869
          12    0.804769    0.882898   0.0106334
          13    0.916787    0.885505   0.0101227
          14    0.812004    0.880255   0.0107422
          15    0.896693    0.881351   0.0100603
          16    0.900736    0.882562   0.0094882
          17    0.912125    0.884301  0.00908068
          18     0.88362    0.884263  0.00856143
          19    0.819016    0.880829  0.00879633
          20    0.808449     0.87721  0.00909588
