 1    -7.52124    -7.52124           0
 2    -7.52175     -7.5215 0.000180937
 3    -7.51402      -7.519   0.0020382
 4    -7.51751    -7.51863  0.00156241
 5    -7.52963    -7.52083  0.00233111
 6    -7.52085    -7.52083   0.0019426
 7    -7.52517    -7.52145  0.00176091
 8    -7.51673    -7.52086  0.00163689
 9    -7.52444    -7.52126  0.00150265
10    -7.52431    -7.52156  0.00138302
11    -7.51615    -7.52107  0.00134212
12    -7.51856    -7.52086  0.00124653
13    -7.52278    -7.52101  0.00115936
14    -7.51979    -7.52092   0.0010798
15    -7.51482    -7.52052  0.00108176
16     -7.5239    -7.52073  0.00103465
17    -7.51361    -7.52031  0.00105512
18     -7.5254    -7.52059  0.00103376
19    -7.53191    -7.52119  0.00113814
20    -7.51508    -7.52088  0.00112145
