 1    -7.55192    -7.55192           0
 2    -7.56325    -7.55758  0.00400834
 3    -7.54445    -7.55321  0.00446256
 4    -7.55098    -7.55265  0.00338156
 5    -7.53317    -7.54875  0.00441112
 6    -7.54697    -7.54846  0.00368601
 7    -7.55172    -7.54892  0.00318876
 8    -7.56327    -7.55072  0.00325584
 9    -7.56741    -7.55257   0.0033813
10    -7.53098    -7.55041  0.00366807
11    -7.55527    -7.55085  0.00336114
12    -7.56082    -7.55168  0.00318194
13    -7.53764     -7.5506   0.0031151
14    -7.54371    -7.55011  0.00293125
15    -7.55444     -7.5504  0.00275002
16    -7.54538    -7.55009  0.00259595
17    -7.55575    -7.55042  0.00246449
18    -7.53287    -7.54945    0.002513
19    -7.54142    -7.54902    0.002416
20    -7.54633    -7.54889  0.00229896
