 1    -5.47065    -5.47065           0
 2    -5.44463    -5.45764  0.00920035
 3    -5.43269    -5.44933   0.0091506
 4    -5.47705    -5.45626  0.00911833
 5     -5.4555    -5.45611  0.00729592
 6    -5.47111    -5.45861  0.00649445
 7    -5.44903    -5.45724  0.00570889
 8      -5.451    -5.45646  0.00504826
 9    -5.46112    -5.45698  0.00451379
10    -5.48049    -5.45933   0.0046346
11    -5.45497    -5.45893  0.00423015
12    -5.47696    -5.46044  0.00413593
13    -5.43083    -5.45816  0.00440046
14     -5.4514    -5.45767  0.00411255
15    -5.46379    -5.45808  0.00385856
16    -5.43848    -5.45686  0.00380697
17    -5.44242    -5.45601  0.00367653
18    -5.44595    -5.45545   0.0035145
19    -5.44007    -5.45464  0.00342147
20    -5.47762    -5.45579  0.00343785
