   0.0064633           0           0           0
   0.0193899           0           0           0
   0.0323165           0           0           0
   0.0452431           0           0           0
   0.0581697           0           0           0
   0.0710963           0           0           0
    0.084023           0           0           0
   0.0969496           0           0           0
    0.109876           0           0           0
    0.122803           0           0           0
    0.135729           0           0           0
    0.148656           0           0           0
    0.161583           0           0           0
    0.174509           0           0           0
    0.187436           0           0           0
    0.200362           0           0           0
    0.213289           0           0           0
    0.226216           0           0           0
    0.239142           0           0           0
    0.252069           0           0           0
    0.264995           0           0           0
    0.277922           0           0           0
    0.290849           0           0           0
    0.303775           0           0           0
    0.316702           0           0           0
    0.329629           0           0           0
    0.342555           0           0           0
    0.355482           0           0           0
    0.368408           0           0           0
    0.381335           0           0           0
    0.394262           0           0           0
    0.407188           0           0           0
    0.420115           0           0           0
    0.433041           0           0           0
    0.445968           0           0           0
    0.458895           0           0           0
    0.471821           0           0           0
    0.484748           0           0           0
    0.497674           0           0           0
    0.510601           0           0           0
    0.523528           0           0           0
    0.536454           0           0           0
    0.549381           0           0           0
    0.562307           0           0           0
    0.575234           0           0           0
    0.588161           0           0           0
    0.601087           0           0           0
    0.614014           0           0           0
     0.62694           0           0           0
    0.639867           0           0           0
    0.652794           0           0           0
     0.66572           0           0           0
    0.678647           0           0           0
    0.691574           0           0           0
      0.7045           0           0           0
    0.717427           0           0           0
    0.730353           0           0           0
     0.74328           0           0           0
    0.756207           0           0           0
    0.769133           0           0           0
     0.78206           0           0           0
    0.794986           0           0           0
    0.807913           0           0           0
     0.82084           0           0           0
    0.833766           0           0           0
    0.846693           0           0           0
    0.859619           0           0           0
    0.872546           0           0           0
    0.885473           0  0.00079968 0.000779432
    0.898399           0  0.00409603  0.00274952
    0.911326    0.038434  0.00809858  0.00388351
    0.924252   0.0320284   0.0389678  0.00830975
    0.937179   0.0181714   0.0696353  0.00961682
    0.950106   0.0568295    0.153629   0.0195083
    0.963032    0.259362     0.31443   0.0269509
    0.975959    0.305199    0.526258   0.0415817
    0.988886    0.518768    0.714676   0.0537075
     1.00181     0.82465    0.995884   0.0561065
     1.01474     1.00527      1.3099   0.0586911
     1.02767     1.00281     1.42563    0.054389
     1.04059     1.61078     1.71364   0.0580658
     1.05352     2.05116     1.89632   0.0660225
     1.06645     2.15711     2.03126   0.0518084
     1.07937      2.0627     2.06725   0.0854739
      1.0923     2.20431     2.21697   0.0762157
     1.10522     2.23237     2.33135   0.0816333
     1.11815     1.91298     2.40308   0.0692201
     1.13108     2.01297     2.34642   0.0929737
       1.144     2.21077     2.35711   0.0861319
     1.15693     1.90698     2.24911    0.071056
     1.16986     1.77511     2.20314   0.0697206
     1.18278     1.61918      2.1524   0.0848562
     1.19571     1.87858     2.10551   0.0654108
     1.20864     1.87841     2.11242   0.0756212
     1.22156     1.87172     2.04854   0.0836537
     1.23449     1.77962      1.8806   0.0714516
     1.24742     2.05649     1.80263   0.0548663
     1.26034     2.01739     1.78156    0.046686
     1.27327     1.89999     1.76002   0.0388179
      1.2862     1.68351     1.71215   0.0522542
     1.29912     1.89335     1.69932   0.0539834
     1.31205     1.51849     1.67093   0.0581281
     1.32498     1.35199     1.63891   0.0673198
      1.3379     1.45145     1.53574   0.0484589
     1.35083      1.4994     1.41953   0.0353674
     1.36376     1.50973     1.43807   0.0398675
     1.37668     1.98196     1.44325   0.0491958
     1.38961     1.52256       1.353   0.0357753
     1.40254     1.18341     1.35148   0.0494369
     1.41546      0.8865     1.32187   0.0479676
     1.42839    0.847619     1.29992    0.056309
     1.44132    0.833032      1.2912   0.0560548
     1.45424    0.806968     1.25983   0.0525087
     1.46717    0.863248     1.25121   0.0541398
      1.4801    0.842511     1.21113   0.0496984
     1.49302    0.941009     1.27883   0.0587468
     1.50595    0.980721     1.21281   0.0376786
     1.51888    0.847478     1.16777   0.0437098
      1.5318    0.855098     1.12173   0.0378329
     1.54473     1.15951     1.15662   0.0412634
     1.55766     1.04825     1.16445   0.0387949
     1.57058    0.974223     1.13175   0.0416176
     1.58351    0.874274      1.1258   0.0391132
     1.59644    0.814995     1.10514   0.0303825
     1.60936    0.793592     1.08108   0.0299552
     1.62229     1.09114     1.11497   0.0327454
     1.63522     1.04241     1.09741   0.0377406
     1.64814     1.12181     1.08137   0.0327424
     1.66107     1.19903     1.16065   0.0329187
       1.674     1.19727     1.15856   0.0341861
     1.68692     1.13372     1.15828   0.0368333
     1.69985     1.13272     1.13329   0.0306821
     1.71278     1.13589     1.14295    0.037392
      1.7257     1.29848     1.10302   0.0272398
     1.73863     1.25774      1.1278   0.0355632
     1.75156     1.18722     1.09505   0.0234018
     1.76448     1.27645     1.14494   0.0348418
     1.77741     1.13057     1.12102   0.0248901
     1.79034     1.34833     1.11348   0.0346793
     1.80326     1.32977     1.09908   0.0411058
     1.81619     1.21068     1.07385   0.0319437
     1.82912    0.989861     1.08718   0.0335584
     1.84204      1.0328      1.0498   0.0298375
     1.85497    0.933968     1.06764   0.0293729
     1.86789    0.943631     1.09243   0.0354961
     1.88082    0.918137     1.09853   0.0423194
     1.89375    0.902149     1.08105    0.030858
     1.90667    0.948598        1.06   0.0215796
      1.9196    0.818921     1.06331    0.028663
     1.93253    0.855622     1.10169   0.0321404
     1.94545       0.847     1.08976    0.035957
     1.95838    0.862607     1.10914   0.0400294
     1.97131    0.969849     1.12036   0.0308967
     1.98423    0.969126        1.13   0.0312536
     1.99716     1.04522     1.11162   0.0328831
     2.01009     1.02026      1.0914   0.0289361
     2.02301     1.08247     1.11138   0.0321883
     2.03594    0.979107     1.10667   0.0408241
     2.04887     1.14358     1.11929   0.0403584
     2.06179    0.990642     1.07658   0.0382466
     2.07472    0.974363     1.09377   0.0346642
     2.08765    0.958411     1.07802   0.0320551
     2.10057     1.34066     1.05677   0.0275199
      2.1135     1.06042     1.10308    0.032128
     2.12643    0.983273     1.10601   0.0316967
     2.13935    0.920364     1.12302   0.0394399
     2.15228    0.936167     1.09975   0.0376471
     2.16521     1.09962     1.10992   0.0303887
     2.17813     1.02197     1.08894    0.032216
     2.19106     1.18234     1.08752   0.0274596
     2.20399     1.10914      1.0779   0.0335326
     2.21691     1.09184     1.08921   0.0334557
     2.22984    0.980165     1.07901   0.0264292
     2.24277    0.921077     1.06904   0.0294585
     2.25569    0.927355     1.06424   0.0283607
     2.26862    0.935645     1.06157   0.0337406
     2.28155    0.955295     1.05938   0.0315377
     2.29447     1.11087     1.08811   0.0357019
      2.3074      1.0021     1.07007   0.0256572
     2.32033    0.925324     1.07475   0.0209736
     2.33325      1.0219     1.07387   0.0266923
     2.34618    0.948122     1.05254   0.0270943
     2.35911     1.09938     1.05505   0.0229856
     2.37203    0.950867     1.06835   0.0206975
     2.38496    0.981274     1.08237   0.0199195
     2.39789     0.89776     1.07088   0.0270276
     2.41081    0.834217     1.06624   0.0248803
     2.42374    0.798951     1.05859   0.0241571
     2.43667     0.77648     1.02635   0.0253191
     2.44959    0.847341     1.04744   0.0205933
     2.46252    0.899567      1.0361     0.02347
     2.47545    0.831408      1.0256   0.0190992
     2.48837    0.832735     1.03865   0.0273663
      2.5013    0.864055     1.06041   0.0233548
     2.51423    0.924625     1.04095   0.0250357
     2.52715    0.742398     1.02936   0.0288935
     2.54008    0.737689     1.02632   0.0300992
     2.55301    0.903395     1.03282   0.0276581
     2.56593    0.909553     1.01614   0.0205913
     2.57886    0.960283      1.0206   0.0185013
     2.59178    0.938848     1.02899   0.0192306
     2.60471    0.845536      1.0462   0.0202102
     2.61764    0.827556    0.998965   0.0230772
     2.63056    0.896544     1.01057    0.021403
     2.64349    0.989432     1.03769   0.0190172
     2.65642     1.08936     1.02839   0.0174129
     2.66934     1.04876     1.02552   0.0226928
     2.68227    0.977983     1.02231   0.0223377
      2.6952    0.893608     1.02934   0.0214339
     2.70812    0.843283     1.02249   0.0201594
     2.72105    0.870857     1.01498   0.0184577
     2.73398     1.07678     1.01999   0.0179037
      2.7469    0.851973     1.02248   0.0197832
     2.75983    0.874395      1.0228   0.0186994
     2.77276    0.804279     1.01342   0.0259814
     2.78568    0.851482     1.02187   0.0214847
     2.79861    0.831845     0.99761   0.0215331
     2.81154    0.978528    0.997601   0.0197301
     2.82446    0.954587     1.01044   0.0235661
     2.83739    0.973097     1.01301   0.0220158
     2.85032    0.890622     1.01255   0.0227212
     2.86324     1.01665    0.994226   0.0231887
     2.87617     1.06707     0.98059   0.0196659
      2.8891     1.03063    0.974429   0.0166688
     2.90202    0.959338    0.996509   0.0209564
     2.91495      1.0716    0.999156   0.0212268
     2.92788     1.23291     1.03593   0.0298924
      2.9408     1.18255      1.0145   0.0246289
     2.95373     1.23377     1.02356   0.0251723
     2.96666     1.09765     1.00074   0.0176798
     2.97958      1.0685    0.996901   0.0163657
     2.99251      1.0789     1.00037   0.0182523
     3.00544      1.1282    0.989012    0.017037
     3.01836     1.17286     1.00901   0.0190331
     3.03129     1.07504    0.994757   0.0160793
     3.04422     1.08623     0.98883    0.015571
     3.05714        1.11     1.01611    0.013487
     3.07007     1.09353      1.0152   0.0155887
       3.083     1.13236      1.0204   0.0152812
     3.09592     1.11721     1.03773    0.020255
     3.10885     1.11089     1.04141    0.019881
     3.12178     1.07983     1.01277    0.018115
      3.1347     1.00598     1.00925   0.0215287
     3.14763     1.07011     1.00799   0.0166062
     3.16056    0.990955     1.01036   0.0155377
     3.17348     1.02376     1.02691    0.019301
     3.18641    0.978421    0.995112   0.0166166
     3.19934    0.918295     1.00827   0.0216518
     3.21226    0.903296    0.981821   0.0192795
     3.22519    0.907468    0.991973   0.0191914
     3.23812    0.930571     1.00289   0.0196738
     3.25104     1.01767     1.01274   0.0192039
     3.26397     1.00096     1.03564   0.0202989
      3.2769     1.06644     1.03926   0.0194896
     3.28982    0.958851     1.01096   0.0193208
     3.30275    0.938087     1.02357   0.0187831
     3.31567    0.930061    0.993949   0.0196119
      3.3286    0.890543    0.985241   0.0181404
     3.34153    0.893263    0.974998   0.0202013
     3.35445     0.95569     1.00568   0.0171368
     3.36738     1.02478     1.02869   0.0260618
     3.38031     1.01107     1.02992   0.0256801
     3.39323    0.942189     1.01924   0.0249429
     3.40616     0.95716    0.979519   0.0180384
     3.41909    0.987286    0.989977   0.0172493
     3.43201    0.925178     1.00242   0.0157148
     3.44494     1.01056     1.01325    0.019275
     3.45787     1.05165     1.00733   0.0201045
     3.47079     1.01752     1.01471   0.0173234
     3.48372     1.04521     1.03296   0.0196256
     3.49665     1.07479     1.01283   0.0119364
     3.50957     1.07513     1.00694    0.014349
      3.5225     1.02113    0.997316   0.0146116
     3.53543     1.03191     1.01421   0.0170607
     3.54835     1.06171     1.02839   0.0139373
     3.56128     1.00467     1.00204   0.0146645
     3.57421     1.09683     1.02155   0.0202211
     3.58713     1.07379     1.03746   0.0212525
     3.60006     1.08386     1.01637   0.0205404
     3.61299     1.00835     1.00809    0.020522
     3.62591    0.995621     1.00808   0.0220104
     3.63884    0.967724    0.995258   0.0210361
     3.65177     1.03252     1.00231   0.0179674
     3.66469     1.01014     1.02238   0.0226102
     3.67762     1.02135    0.989842   0.0199118
     3.69055     1.16386    0.994157   0.0192547
     3.70347     1.06474    0.986527   0.0181483
      3.7164     1.07748    0.996877   0.0176068
     3.72933     1.04093    0.986597   0.0213344
     3.74225     1.00754    0.981645   0.0204505
     3.75518    0.975954    0.989907   0.0189929
     3.76811    0.983561    0.984769   0.0176766
     3.78103    0.982907     1.01063   0.0225862
     3.79396    0.973053     1.00749    0.020164
     3.80689     1.05306     1.00762   0.0175537
     3.81981     1.07587    0.999117   0.0183691
     3.83274     1.04271     1.00589   0.0153889
     3.84567     1.03941     1.00445   0.0163148
     3.85859     1.03108    0.994839   0.0160589
     3.87152    0.989219    0.971915   0.0136638
     3.88445     1.06364    0.997148   0.0131211
     3.89737     1.08609     1.00004   0.0154944
      3.9103     1.10852     0.99787   0.0169534
     3.92323     1.09501    0.998949   0.0182171
     3.93615     1.06722    0.987888   0.0170956
     3.94908     1.07984    0.987228    0.011617
     3.96201    0.944405    0.997569   0.0148256
     3.97493    0.904144    0.979998   0.0139007
     3.98786    0.907611    0.984774   0.0139984
     4.00079     1.00738    0.981305   0.0139152
     4.01371     1.12814     0.99772   0.0136239
     4.02664    0.996876    0.973332      0.0132
     4.03957    0.986803     0.96967   0.0154666
     4.05249    0.995026     0.98864   0.0131768
     4.06542    0.977879    0.979931   0.0112314
     4.07834    0.938517    0.982831    0.015834
     4.09127    0.907464    0.974693   0.0125076
      4.1042     0.92761     0.98018    0.012041
     4.11712     1.01313    0.998495   0.0156439
     4.13005     1.01842    0.992031   0.0190364
     4.14298    0.972161    0.988889   0.0160574
      4.1559    0.993317     0.99832   0.0152014
     4.16883    0.983034    0.985448   0.0123998
     4.18176    0.971555    0.984564   0.0140052
     4.19468    0.918409    0.979843   0.0146634
     4.20761    0.883475    0.988233   0.0165748
     4.22054    0.898488    0.970913   0.0125273
     4.23346     0.87698    0.976785   0.0101868
     4.24639    0.835991    0.978889   0.0137999
     4.25932    0.840979    0.972932   0.0117949
     4.27224    0.965751    0.966803  0.00998303
     4.28517    0.989423    0.970478   0.0130974
      4.2981     1.01316     0.98543   0.0111465
     4.31102    0.986792    0.985774   0.0128621
     4.32395    0.943036    0.972023   0.0119571
     4.33688    0.931604    0.987133   0.0118502
      4.3498    0.891008     1.00845   0.0152772
     4.36273    0.869025     1.00769   0.0155121
     4.37566    0.859968    0.990907   0.0151858
     4.38858    0.842598    0.981145   0.0126949
     4.40151    0.816883    0.992247   0.0156191
     4.41444    0.829949     1.00129   0.0163963
     4.42736    0.906882    0.998542   0.0144666
     4.44029    0.947057    0.988958   0.0162987
     4.45322    0.907363    0.997699   0.0164688
     4.46614     0.91132    0.990858   0.0117979
     4.47907    0.836002    0.983414   0.0158527
       4.492    0.847243     0.96968   0.0130336
     4.50492    0.862498    0.989727   0.0146893
     4.51785     0.96034     0.98296  0.00982953
     4.53078    0.889836    0.972453    0.013618
      4.5437    0.901788    0.981773   0.0129607
     4.55663     0.90744    0.995077   0.0128707
     4.56956     0.95014    0.988054   0.0126068
     4.58248    0.966774    0.977873   0.0120149
     4.59541    0.905362     0.98482   0.0122751
     4.60834    0.953541    0.992238   0.0132789
     4.62126    0.955474    0.980956   0.0131452
     4.63419     0.92621    0.982968   0.0140908
     4.64712    0.986154    0.989548   0.0102908
     4.66004    0.933338    0.993788     0.01019
     4.67297    0.935908    0.985249   0.0120589
      4.6859    0.957438    0.980083   0.0117318
     4.69882    0.922798    0.988203   0.0120998
     4.71175    0.955793    0.978187  0.00924711
     4.72468     1.03913    0.990093   0.0125179
      4.7376     1.00375     0.98153   0.0121171
     4.75053     1.00244    0.972064   0.0127327
     4.76346      1.0066    0.962422   0.0113227
     4.77638     1.00985    0.982692    0.013408
     4.78931     1.03597    0.995493   0.0125537
     4.80223    0.967223     1.00623    0.014092
     4.81516    0.928357     0.99133   0.0140714
     4.82809    0.946818    0.981593   0.0121431
     4.84101    0.980782    0.977021   0.0129778
     4.85394    0.986307    0.976424   0.0121889
     4.86687    0.998593    0.982951   0.0116067
     4.87979    0.993788    0.990085   0.0105541
     4.89272     1.01912    0.990906   0.0126197
     4.90565    0.998216    0.991906   0.0109281
     4.91857    0.984494    0.991054   0.0109522
      4.9315     1.01928    0.982192   0.0123088
     4.94443    0.963034    0.983188   0.0124242
     4.95735    0.926149    0.982059   0.0138848
     4.97028    0.870806    0.970088    0.013294
     4.98321    0.941768    0.989446  0.00886916
     4.99613    0.982846    0.998882   0.0102909
     5.00906    0.939478    0.992333  0.00831965
     5.02199    0.953497    0.993126   0.0124426
     5.03491     1.01058    0.984642   0.0108493
     5.04784    0.928991    0.984317  0.00859008
     5.06077    0.982784    0.995593  0.00966915
     5.07369    0.995984    0.989547   0.0105609
     5.08662     1.01635    0.992733   0.0111704
     5.09955     1.03023    0.995939   0.0108103
     5.11247     1.01565     1.00587  0.00904453
      5.1254     1.03028     1.00782  0.00679741
     5.13833    0.993193    0.998558  0.00757017
     5.15125    0.986754    0.984095  0.00673563
     5.16418     1.05175    0.974966  0.00761795
     5.17711     1.00113     0.98525    0.008584
     5.19003    0.986834    0.988467   0.0115804
     5.20296    0.973977    0.982484    0.010213
     5.21589    0.972382    0.977454  0.00819895
     5.22881     1.03209    0.984301  0.00959621
     5.24174     1.01617    0.971463   0.0109293
     5.25467     0.95288    0.965894   0.0111589
     5.26759     0.94217    0.955216   0.0100615
     5.28052    0.966836    0.961803  0.00755222
     5.29345    0.964927    0.965799  0.00882273
     5.30637    0.995091    0.968812  0.00911175
      5.3193     1.04066    0.967675    0.012874
     5.33223     1.07283    0.972859   0.0130556
     5.34515     1.05057    0.969988   0.0108952
     5.35808     1.01688    0.972799   0.0119064
     5.37101     1.04202    0.971262   0.0136894
     5.38393     1.03376    0.969473   0.0115403
     5.39686     1.05927    0.965879   0.0124167
     5.40979     1.01389     0.97485   0.0104635
     5.42271     0.97743    0.971776   0.0108682
     5.43564     1.01133    0.968236   0.0113966
     5.44857    0.983768    0.969317   0.0138719
     5.46149     1.02483     0.96516   0.0120505
     5.47442     1.00508    0.977822   0.0127947
     5.48735     1.03034    0.978347    0.011415
     5.50027     1.02701    0.984648    0.013652
      5.5132    0.991142     0.98531   0.0123805
     5.52612     1.01432    0.978839   0.0124997
     5.53905    0.993578    0.986049    0.012801
     5.55198    0.978787    0.982818   0.0123806
      5.5649    0.996774    0.968412   0.0121521
     5.57783      1.0247    0.972222   0.0125512
     5.59076     1.09393    0.977882   0.0130144
     5.60368     1.09314    0.972956   0.0114336
     5.61661      1.0008    0.965321  0.00786655
     5.62954     0.96855    0.976956   0.0106976
     5.64246      1.0222    0.996481    0.010666
     5.65539     1.04915    0.999073   0.0116346
     5.66832     1.03425     1.00396   0.0108085
     5.68124       1.047    0.996042   0.0107496
     5.69417      1.0149    0.998741  0.00964077
      5.7071    0.982409    0.988829  0.00845643
     5.72002     1.03344    0.991533   0.0079508
     5.73295      1.0034     0.97822    0.010628
     5.74588     1.04122    0.985913   0.0118573
      5.7588     1.07347    0.989431   0.0129927
     5.77173     1.06251    0.996865   0.0133638
     5.78466       1.019    0.969982   0.0103157
     5.79758     1.00445    0.971454   0.0105058
     5.81051     1.00678    0.990333   0.0109844
     5.82344     1.00056    0.988097  0.00907296
     5.83636     1.00721    0.985524  0.00886206
     5.84929    0.988872    0.987304  0.00607319
     5.86222     1.03268    0.975983  0.00656217
     5.87514     1.05764     0.98767  0.00861011
     5.88807     1.04445    0.991947   0.0100021
       5.901     1.05677    0.998876   0.0103882
     5.91392     1.01884     1.00194  0.00864179
     5.92685    0.984514    0.987588  0.00886721
     5.93978    0.960006    0.981329   0.0094794
      5.9527     0.93538    0.987702   0.0104361
     5.96563    0.974031     0.99318   0.0102687
     5.97856     1.11313     1.00001   0.0115391
     5.99148     1.04599    0.996395   0.0110294
     6.00441     1.02072    0.992177   0.0114189
     6.01734    0.987116    0.998926   0.0110614
     6.03026    0.991824    0.999783  0.00983374
     6.04319    0.973819    0.986876  0.00823139
     6.05612      1.0259    0.994316  0.00822649
     6.06904     1.07415    0.996785   0.0123659
     6.08197     1.03494     1.00476    0.011496
      6.0949    0.994223    0.994542  0.00891125
     6.10782     1.00958    0.994777  0.00962816
     6.12075     1.02717    0.999783  0.00937265
     6.13368      1.0309    0.991309   0.0108913
      6.1466    0.974458      0.9843   0.0106005
     6.15953    0.978215    0.985873  0.00974292
     6.17246     1.01138    0.990903   0.0114533
     6.18538    0.976163     0.99011   0.0102215
     6.19831     0.97806    0.993437   0.0108143
     6.21124    0.968793     0.99964   0.0128839
     6.22416    0.996437     1.00073   0.0115424
     6.23709    0.980383    0.991663   0.0129182
     6.25002     1.01722     1.00647    0.012999
     6.26294    0.984368     1.00073   0.0135691
     6.27587     1.03392     1.00983   0.0108302
     6.28879     1.02976     1.00543   0.0126108
     6.30172     1.04785     1.00754   0.0123069
     6.31465     1.02729     1.01531   0.0121312
     6.32757    0.994941     1.01461    0.012687
      6.3405      1.0252    0.998111   0.0110515
     6.35343     1.02038     1.00553   0.0105167
     6.36635     1.05472     1.00741  0.00955196
     6.37928     1.05222     1.01441   0.0115302
     6.39221     1.02746     1.01474   0.0106751
     6.40513     1.02123     1.00195  0.00969051
     6.41806     1.03295     1.01246  0.00854755
     6.43099     1.01257     1.01027   0.0082997
     6.44391     1.03953     1.00252  0.00839775
     6.45684     1.01993     1.00611   0.0112603
