  0.00256496           0           0           0
  0.00769489           0           0           0
   0.0128248           0           0           0
   0.0179547           0           0           0
   0.0230847           0           0           0
   0.0282146           0           0           0
   0.0333445           0           0           0
   0.0384745           0           0           0
   0.0436044           0           0           0
   0.0487343           0           0           0
   0.0538642           0           0           0
   0.0589942           0           0           0
   0.0641241           0           0           0
    0.069254           0           0           0
    0.074384           0           0           0
   0.0795139           0           0           0
   0.0846438           0           0           0
   0.0897737           0           0           0
   0.0949037           0           0           0
    0.100034           0           0           0
    0.105164           0           0           0
    0.110293           0           0           0
    0.115423           0           0           0
    0.120553           0           0           0
    0.125683           0           0           0
    0.130813           0           0           0
    0.135943           0           0           0
    0.141073           0           0           0
    0.146203           0           0           0
    0.151333           0           0           0
    0.156463           0           0           0
    0.161593           0           0           0
    0.166723           0           0           0
    0.171853           0           0           0
    0.176983           0           0           0
    0.182112           0           0           0
    0.187242           0           0           0
    0.192372           0           0           0
    0.197502           0           0           0
    0.202632           0           0           0
    0.207762           0           0           0
    0.212892           0           0           0
    0.218022           0           0           0
    0.223152           0           0           0
    0.228282           0           0           0
    0.233412           0           0           0
    0.238542           0           0           0
    0.243672           0           0           0
    0.248802           0           0           0
    0.253931           0           0           0
    0.259061           0           0           0
    0.264191           0           0           0
    0.269321           0           0           0
    0.274451           0           0           0
    0.279581           0           0           0
    0.284711           0           0           0
    0.289841           0           0           0
    0.294971           0           0           0
    0.300101           0           0           0
    0.305231           0           0           0
    0.310361           0           0           0
    0.315491           0           0           0
     0.32062           0           0           0
     0.32575           0           0           0
     0.33088           0           0           0
     0.33601           0           0           0
     0.34114           0           0           0
     0.34627           0           0           0
      0.3514           0           0           0
     0.35653           0           0           0
     0.36166           0           0           0
     0.36679           0           0           0
     0.37192           0           0           0
     0.37705           0           0           0
     0.38218           0           0           0
     0.38731           0           0           0
    0.392439           0           0           0
    0.397569           0           0           0
    0.402699           0           0           0
    0.407829           0           0           0
    0.412959           0           0           0
    0.418089           0           0           0
    0.423219           0           0           0
    0.428349           0           0           0
    0.433479           0           0           0
    0.438609           0           0           0
    0.443739           0           0           0
    0.448869           0           0           0
    0.453999           0           0           0
    0.459129           0           0           0
    0.464258           0           0           0
    0.469388           0           0           0
    0.474518           0           0           0
    0.479648           0           0           0
    0.484778           0           0           0
    0.489908           0           0           0
    0.495038           0           0           0
    0.500168           0           0           0
    0.505298           0           0           0
    0.510428           0           0           0
    0.515558           0           0           0
    0.520688           0           0           0
    0.525818           0           0           0
    0.530948           0           0           0
    0.536077           0           0           0
    0.541207           0           0           0
    0.546337           0           0           0
    0.551467           0           0           0
    0.556597           0           0           0
    0.561727           0           0           0
    0.566857           0           0           0
    0.571987           0           0           0
    0.577117           0           0           0
    0.582247           0           0           0
    0.587377           0           0           0
    0.592507           0           0           0
    0.597637           0           0           0
    0.602767           0           0           0
    0.607896           0           0           0
    0.613026           0           0           0
    0.618156           0           0           0
    0.623286           0           0           0
    0.628416           0           0           0
    0.633546           0           0           0
    0.638676           0           0           0
    0.643806           0           0           0
    0.648936           0           0           0
    0.654066           0           0           0
    0.659196           0           0           0
    0.664326           0           0           0
    0.669456           0           0           0
    0.674586           0           0           0
    0.679715           0           0           0
    0.684845           0           0           0
    0.689975           0           0           0
    0.695105           0           0           0
    0.700235           0           0           0
    0.705365           0           0           0
    0.710495           0           0           0
    0.715625           0           0           0
    0.720755           0           0           0
    0.725885           0           0           0
    0.731015           0           0           0
    0.736145           0           0           0
    0.741275           0           0           0
    0.746405           0           0           0
    0.751534           0           0           0
    0.756664           0           0           0
    0.761794           0           0           0
    0.766924           0           0           0
    0.772054           0           0           0
    0.777184           0           0           0
    0.782314           0           0           0
    0.787444           0           0           0
    0.792574           0           0           0
    0.797704           0           0           0
    0.802834           0           0           0
    0.807964           0           0           0
    0.813094           0           0           0
    0.818223           0           0           0
    0.823353           0           0           0
    0.828483           0           0           0
    0.833613           0           0           0
    0.838743           0           0           0
    0.843873           0           0           0
    0.849003           0           0           0
    0.854133           0           0           0
    0.859263           0           0           0
    0.864393           0 2.40293e-05 1.61194e-05
    0.869523           0           0           0
    0.874653 0.000469378 7.04067e-05 2.92185e-05
    0.879783           0 0.000382734 9.46144e-05
    0.884913           0  0.00105468 0.000121755
    0.890042  0.00294636  0.00171116 0.000191962
    0.895172  0.00313674  0.00306952 0.000220154
    0.900302   0.0095248  0.00683349 0.000599968
    0.905432   0.0113882   0.0114758 0.000557364
    0.910562   0.0184062   0.0203226 0.000832675
    0.915692   0.0319045   0.0328573 0.000821867
    0.920822   0.0537832   0.0509458 0.000900525
    0.925952   0.0977921   0.0773647  0.00158855
    0.931082    0.117014    0.111236  0.00153473
    0.936212    0.148919    0.156252  0.00241297
    0.941342    0.204843    0.210759  0.00211422
    0.946472    0.295424    0.275953  0.00255335
    0.951602    0.353909    0.358777  0.00323945
    0.956732    0.456829    0.453847  0.00349641
    0.961861    0.564136    0.547913  0.00403977
    0.966991    0.703325    0.672104  0.00534183
    0.972121    0.777426    0.796025  0.00544922
    0.977251    0.937543    0.928237  0.00644777
    0.982381     1.08275      1.0605  0.00612299
    0.987511     1.21385     1.21261  0.00655564
    0.992641      1.3451      1.3559  0.00612288
    0.997771     1.47792     1.48638  0.00740703
      1.0029     1.63135     1.61944  0.00662794
     1.00803     1.72328     1.76222  0.00729096
     1.01316     1.88025     1.88058  0.00629036
     1.01829     1.96542     1.99864  0.00960991
     1.02342     2.12112     2.09579  0.00791872
     1.02855     2.17282     2.19073  0.00653248
     1.03368     2.26524      2.2975  0.00735745
     1.03881     2.34374     2.34924  0.00651459
     1.04394     2.40232     2.41525  0.00602028
     1.04907     2.48949     2.46538  0.00550025
      1.0542     2.49472     2.50241   0.0084341
     1.05933     2.51845     2.53875  0.00745724
     1.06446     2.57236     2.57538  0.00666522
     1.06959     2.61538     2.58217  0.00693904
     1.07472     2.60306     2.58365  0.00636527
     1.07985      2.5941      2.5848  0.00843436
     1.08498     2.53836     2.57587  0.00573226
     1.09011     2.64204     2.56462  0.00699867
     1.09524     2.51198     2.53009  0.00508189
     1.10037     2.52701     2.52618  0.00605359
      1.1055     2.47424     2.47537  0.00756235
     1.11063     2.43207     2.44656  0.00557427
     1.11576     2.43803     2.41962   0.0063408
     1.12089     2.35088     2.37692   0.0068323
     1.12602     2.35528     2.33458  0.00620394
     1.13115     2.22101     2.28898  0.00576225
     1.13628     2.22589     2.24072  0.00497933
     1.14141     2.21875     2.20392  0.00641609
     1.14654     2.18241     2.15067  0.00721839
     1.15167     2.09262     2.10326  0.00468055
      1.1568     2.08604     2.05403  0.00450938
     1.16193     1.99346     2.01053  0.00426882
     1.16706     1.98718     1.96713  0.00466276
     1.17219     1.95898     1.93341  0.00513176
     1.17732     1.89298     1.88323  0.00562701
     1.18245     1.85553     1.82389  0.00559229
     1.18758     1.77614     1.78781  0.00606901
     1.19271     1.76127     1.74787  0.00553997
     1.19784     1.73208     1.70951  0.00655819
     1.20297     1.68322     1.67415  0.00543034
      1.2081     1.65419     1.61702  0.00716822
     1.21323     1.60047     1.58721  0.00626214
     1.21836     1.54275     1.55584  0.00712859
     1.22349     1.51509     1.51753  0.00581532
     1.22862     1.47296     1.48286  0.00564461
     1.23375     1.44717     1.44485  0.00596674
     1.23888     1.39954     1.40929  0.00432188
     1.24401     1.38187     1.38332  0.00453954
     1.24914     1.34902     1.35028  0.00588284
     1.25427       1.329     1.31668  0.00592518
      1.2594     1.28491     1.29332  0.00488421
     1.26453     1.23094     1.26371  0.00605462
     1.26966     1.22525     1.23931  0.00552319
     1.27479     1.24535      1.2181  0.00437599
     1.27992     1.18289     1.19237  0.00442151
     1.28505       1.159     1.16266  0.00492831
     1.29018      1.1443     1.13873  0.00564988
     1.29531     1.11043     1.11955  0.00427901
     1.30044     1.08162     1.09472  0.00347612
     1.30557     1.06176     1.07173  0.00366039
      1.3107      1.0427     1.05523  0.00373947
     1.31583     1.03687     1.03495  0.00323641
     1.32096     1.01947     1.02373  0.00453104
     1.32609     1.00945     1.00047  0.00383835
     1.33122    0.968456    0.978542  0.00320512
     1.33635    0.951484    0.964337  0.00505754
     1.34148    0.928257    0.947473  0.00402917
     1.34661    0.943872    0.938288  0.00231259
     1.35174    0.927976    0.921894  0.00360222
     1.35687     0.88372    0.908973  0.00325808
       1.362    0.885496    0.890539  0.00277914
     1.36713    0.880592    0.877975   0.0025932
     1.37226    0.872686    0.874393  0.00296146
     1.37739    0.833548    0.852864  0.00263811
     1.38252    0.820423    0.844912  0.00291467
     1.38765    0.843926    0.835459  0.00323342
     1.39278    0.817821    0.826516  0.00333818
     1.39791    0.820374    0.812643  0.00252881
     1.40304    0.806725    0.805671  0.00299387
     1.40817    0.790807     0.79533   0.0019888
      1.4133    0.777436    0.785441  0.00302132
     1.41843    0.784227    0.778163  0.00257075
     1.42355    0.755107    0.765925  0.00254374
     1.42868    0.741602    0.763249  0.00253335
     1.43381     0.76888    0.756688  0.00330842
     1.43894    0.756818    0.751251  0.00204204
     1.44407    0.737761    0.743051  0.00287449
      1.4492    0.732205     0.73689  0.00219115
     1.45433    0.710241    0.731764  0.00319059
     1.45946    0.727257    0.727147  0.00324651
     1.46459    0.695554    0.719262  0.00252989
     1.46972    0.689627    0.714188  0.00253967
     1.47485    0.694742    0.708064  0.00262681
     1.47998    0.684689    0.702123  0.00352474
     1.48511    0.700643    0.702593  0.00293461
     1.49024    0.712482    0.701556  0.00309699
     1.49537    0.708645    0.695157  0.00257535
      1.5005    0.693282    0.692429  0.00260942
     1.50563    0.696249    0.689774  0.00342024
     1.51076    0.682246    0.689475  0.00290397
     1.51589    0.699669    0.681058  0.00252026
     1.52102     0.66733     0.68199  0.00341126
     1.52615    0.674337    0.677116  0.00266851
     1.53128    0.674114    0.675696  0.00316102
     1.53641     0.67753    0.673944  0.00220668
     1.54154    0.696828    0.675306  0.00303271
     1.54667    0.678929    0.671971  0.00316222
      1.5518    0.679741    0.674831  0.00283571
     1.55693    0.660678    0.670458  0.00244433
     1.56206    0.689899    0.673207  0.00312269
     1.56719    0.676106    0.669479  0.00289356
     1.57232    0.687751    0.673949  0.00277935
     1.57745     0.68011    0.668656  0.00255163
     1.58258    0.682304    0.670888  0.00342563
     1.58771    0.653258    0.671684  0.00342899
     1.59284    0.682458    0.677926  0.00269506
     1.59797    0.687998    0.677585  0.00223902
      1.6031    0.684091     0.67825  0.00251401
     1.60823    0.696741    0.682659  0.00304431
     1.61336    0.689765    0.685343  0.00339461
     1.61849    0.685262      0.6858  0.00186979
     1.62362    0.684753    0.686806  0.00292087
     1.62875    0.700073    0.686466  0.00244042
     1.63388    0.721913    0.691753  0.00273365
     1.63901    0.696282    0.698681  0.00236634
     1.64414    0.700312    0.696098  0.00319387
     1.64927    0.719856     0.70347  0.00285104
      1.6544    0.710938    0.701932  0.00239915
     1.65953     0.70316    0.709233  0.00348374
     1.66466      0.7184    0.715354   0.0033451
     1.66979    0.709549     0.71519  0.00290853
     1.67492    0.727161    0.721436    0.002348
     1.68005    0.724699    0.725647  0.00214617
     1.68518    0.743813     0.73082  0.00317494
     1.69031     0.74408    0.734152  0.00214933
     1.69544    0.757323    0.743532  0.00257577
     1.70057    0.745249    0.745463  0.00238334
      1.7057    0.760829    0.752007  0.00286709
     1.71083    0.754249    0.755414  0.00286345
     1.71596    0.768282    0.764453  0.00264188
     1.72109    0.751647    0.769367  0.00298948
     1.72622    0.772372    0.777086  0.00205268
     1.73135    0.782416    0.777564   0.0028242
     1.73648    0.775835    0.787458  0.00317238
     1.74161    0.814008    0.795836  0.00295521
     1.74674    0.807704    0.799371  0.00226241
     1.75187    0.808889    0.810732  0.00301284
       1.757    0.812082    0.818846  0.00351841
     1.76213    0.834074    0.826592   0.0025875
     1.76726    0.835677    0.833375  0.00226935
     1.77239    0.855595    0.840463   0.0022496
     1.77752     0.85805    0.848751  0.00218861
     1.78265    0.847526    0.857458  0.00269149
     1.78778    0.862498    0.866332  0.00207575
     1.79291    0.882704    0.872536  0.00335759
     1.79804    0.868289    0.881487  0.00263278
     1.80317    0.874454    0.885346  0.00312142
      1.8083    0.902005    0.895987  0.00232682
     1.81343    0.899147    0.902032  0.00207203
     1.81856    0.921497    0.916082  0.00274195
     1.82369    0.917292    0.920569  0.00199211
     1.82882    0.932123    0.928263  0.00255283
     1.83395    0.946987    0.939735  0.00198764
     1.83908    0.937889    0.948657  0.00190479
     1.84421    0.968575    0.957732  0.00253078
     1.84934    0.981845    0.962272  0.00192176
     1.85447    0.973027    0.969798  0.00317298
      1.8596    0.973897    0.977453  0.00247649
     1.86473    0.994053    0.987539  0.00277258
     1.86986     1.00617    0.996349  0.00267566
     1.87499     1.01415     1.00528  0.00318993
     1.88012    0.983788      1.0073  0.00253772
     1.88525     1.02421     1.01939  0.00260309
     1.89038     1.03016       1.029  0.00218469
     1.89551     1.02499     1.03746  0.00242162
     1.90064     1.04835     1.04305  0.00276824
     1.90577     1.05309     1.05308  0.00235816
      1.9109     1.05733     1.06434  0.00198221
     1.91603      1.0793     1.06587  0.00263252
     1.92116     1.07199     1.07791  0.00295901
     1.92629     1.07055     1.08127  0.00259548
     1.93142     1.08527     1.09069  0.00303477
     1.93655     1.09394      1.1007  0.00217323
     1.94168     1.09689     1.10424  0.00237463
     1.94681     1.11442     1.11009  0.00247853
     1.95194     1.10956     1.11638  0.00257381
     1.95707     1.11758     1.12194  0.00222834
      1.9622     1.11095      1.1326   0.0030214
     1.96733     1.14483      1.1422  0.00200528
     1.97246     1.11691     1.14097  0.00262513
     1.97759     1.15832     1.15145  0.00222221
     1.98272     1.15334     1.15905  0.00261671
     1.98785     1.15571     1.16234  0.00291909
     1.99298     1.16007     1.16769  0.00278605
     1.99811     1.17728     1.17595  0.00242578
     2.00324     1.17269     1.17694  0.00183196
     2.00837     1.18193     1.18094  0.00284559
      2.0135      1.1939     1.18721  0.00273992
     2.01863     1.19757     1.19337  0.00274159
     2.02376     1.19747     1.19463   0.0028591
     2.02889     1.18475     1.19585  0.00249188
     2.03402      1.1836     1.19799  0.00281284
     2.03915     1.19367     1.20454  0.00246815
     2.04428     1.18133     1.20342  0.00247218
     2.04941     1.20992     1.20401  0.00239858
     2.05454     1.20078     1.21021  0.00254213
     2.05967     1.20166     1.21513  0.00224841
      2.0648     1.21751     1.21064  0.00307557
     2.06993     1.21568     1.21381  0.00247626
     2.07506     1.19595     1.21138  0.00263719
     2.08019     1.21662     1.21496  0.00319901
     2.08532     1.21473     1.21368  0.00258701
     2.09045     1.22114     1.21232  0.00258441
     2.09558     1.20572      1.2109  0.00275125
     2.10071     1.22023     1.21609  0.00186307
     2.10584     1.21072     1.20845  0.00263721
     2.11097     1.21282     1.20854  0.00291495
      2.1161      1.1954     1.20417  0.00223488
     2.12123      1.1947     1.20242  0.00238117
     2.12636     1.20113     1.20143  0.00206425
     2.13149     1.20883     1.20264  0.00185467
     2.13661     1.20036     1.19607  0.00263402
     2.14174     1.19712     1.19028  0.00243128
     2.14687     1.17801     1.18697  0.00255455
       2.152     1.18488     1.18385  0.00338231
     2.15713     1.19364     1.18445  0.00283155
     2.16226     1.17178     1.17592  0.00250671
     2.16739     1.17396     1.17153  0.00178523
     2.17252     1.14822     1.16933  0.00259027
     2.17765      1.1669     1.16379  0.00189446
     2.18278     1.16967     1.16014  0.00278996
     2.18791     1.17444     1.15472  0.00338268
     2.19304     1.15043     1.14774  0.00278657
     2.19817     1.15202     1.14278  0.00292684
      2.2033     1.14699     1.13972  0.00299482
     2.20843     1.12996     1.13164   0.0022303
     2.21356     1.12429     1.12816   0.0017708
     2.21869     1.10925      1.1224  0.00200303
     2.22382     1.11666     1.11583  0.00245731
     2.22895     1.11041     1.11147  0.00258118
     2.23408      1.1019     1.10762    0.001959
     2.23921     1.10309     1.10074    0.002552
     2.24434     1.08746     1.09247  0.00225729
     2.24947     1.09709     1.08754  0.00274858
      2.2546     1.08536     1.08053  0.00194482
     2.25973     1.07323     1.07559  0.00244664
     2.26486     1.07082     1.07196   0.0027504
     2.26999     1.07571     1.06468  0.00255926
     2.27512     1.06968     1.05952  0.00202229
     2.28025     1.03736     1.05069  0.00317528
     2.28538     1.05192     1.04678  0.00259971
     2.29051     1.04222     1.03988  0.00229435
     2.29564      1.0407     1.03679  0.00219913
     2.30077     1.03589     1.03117   0.0021957
      2.3059     1.02173     1.02556  0.00258436
     2.31103     1.02026     1.01699  0.00212547
     2.31616     1.01407     1.01259  0.00220757
     2.32129     1.01283     1.00858  0.00220915
     2.32642     1.00744     1.00489  0.00250272
     2.33155    0.991648      0.9942  0.00196583
     2.33668     1.00321    0.996613  0.00173712
     2.34181    0.992865    0.992774  0.00201897
     2.34694    0.983706     0.98882  0.00175233
     2.35207    0.982827    0.980562  0.00153498
      2.3572    0.974224    0.977657  0.00245337
     2.36233      0.9773    0.973848  0.00220119
     2.36746    0.972749    0.970195  0.00212646
     2.37259    0.961722    0.961735  0.00187768
     2.37772    0.952495    0.961027  0.00169329
     2.38285    0.951118    0.955257  0.00223606
     2.38798    0.948138    0.953964  0.00170146
     2.39311    0.951131    0.953288  0.00126985
     2.39824    0.954465    0.946394  0.00245624
     2.40337    0.944116    0.944243  0.00185623
      2.4085    0.923725    0.938716  0.00253409
     2.41363    0.942578    0.936695  0.00169279
     2.41876    0.937879    0.934145  0.00185147
     2.42389    0.924959    0.932659  0.00190149
     2.42902    0.921817    0.926785  0.00178344
     2.43415    0.916845    0.926655  0.00216964
     2.43928    0.923886    0.922072  0.00213577
     2.44441    0.930859    0.921746  0.00202816
     2.44954      0.9132     0.91607  0.00185199
     2.45467    0.912963    0.916101  0.00188362
      2.4598    0.915212    0.913454  0.00195012
     2.46493    0.911673    0.908715  0.00183315
     2.47006     0.91716    0.910934  0.00183595
     2.47519    0.913567    0.910707  0.00166592
     2.48032    0.904801    0.904619  0.00223062
     2.48545    0.894647    0.904511  0.00191066
     2.49058    0.908621    0.901749  0.00175467
     2.49571    0.915613    0.904956  0.00230353
     2.50084    0.882866    0.892018  0.00231373
     2.50597    0.902041     0.88958  0.00194346
      2.5111     0.89164    0.886022  0.00187128
     2.51623    0.884945    0.890061  0.00199056
     2.52136    0.903603    0.887674  0.00172813
     2.52649    0.893046     0.88764  0.00186537
     2.53162    0.886377    0.888782  0.00160478
     2.53675     0.88871    0.884352  0.00180193
     2.54188     0.89652    0.886306  0.00216417
     2.54701    0.880043    0.884243  0.00219936
     2.55214    0.887617    0.887303  0.00170503
     2.55727    0.899324    0.885462  0.00203943
      2.5624    0.876531    0.885619  0.00185195
