 1     7.56779     7.56779           0
 2     7.50211     7.53495   0.0232189
 3     7.60618     7.55869   0.0248087
 4     7.56753      7.5609   0.0187046
 5     7.66562     7.58185   0.0239757
 6     7.59559     7.58414   0.0200889
 7     7.56294     7.58111   0.0174458
 8      7.5014     7.57115   0.0178852
 9     7.47833     7.56083   0.0186354
10     7.67674     7.57242   0.0200549
11     7.54416     7.56985   0.0183956
12     7.51428     7.56522   0.0174359
13     7.64576     7.57142   0.0171602
14     7.61124     7.57426   0.0161685
15     7.54748     7.57248   0.0151888
16      7.6026     7.57436   0.0143557
17      7.5438     7.57256   0.0136234
18     7.66901     7.57792   0.0138802
19     7.62187     7.58023    0.013341
20     7.59347      7.5809   0.0126904
