 1     1.49359     1.49359           0
 2     1.39365     1.44362    0.035333
 3     1.47362     1.45362   0.0249306
 4     1.49585     1.46418   0.0208138
 5     1.48121     1.46758   0.0169276
 6       1.571     1.48482   0.0211312
 7     1.52848     1.49106   0.0190105
 8     1.29753     1.46687   0.0280843
 9     1.28657     1.44683   0.0313038
10     1.49575     1.45172    0.028553
11     1.31731      1.4395    0.028452
12     1.37604     1.43422    0.026568
13     1.53109     1.44167   0.0255481
14     1.41159     1.43952   0.0238133
15     1.48078     1.44227   0.0223841
16     1.41933     1.44084    0.021031
17     1.30415      1.4328   0.0212754
18      1.4401      1.4332   0.0200973
19     1.50182     1.43681   0.0193614
20     1.45821     1.43788   0.0184229
