 1   0.0474217   0.0474217           0
 2   0.0527511   0.0500864  0.00188425
 3   0.0463116   0.0488281  0.00162279
 4    0.047008   0.0483731   0.0012793
 5   0.0474094   0.0481804  0.00103786
 6   0.0500055   0.0484846 0.000908369
 7   0.0479659   0.0484105 0.000781618
 8   0.0500655   0.0486173 0.000710768
 9   0.0480015   0.0485489 0.000635079
10   0.0434002    0.048034 0.000751847
11   0.0515781   0.0483562 0.000749358
12   0.0452943   0.0481011  0.00072906
13   0.0480767   0.0480992 0.000672981
14   0.0514033   0.0483352 0.000665008
15   0.0493996   0.0484062 0.000624448
16   0.0455458   0.0482274 0.000610475
17   0.0470202   0.0481564  0.00057868
18   0.0488748   0.0481963 0.000547906
19   0.0483719   0.0482055 0.000519147
20   0.0464835   0.0481194 0.000500278
