 1     1.33806     1.33806           0
 2     1.49778     1.41792   0.0564714
 3     1.55065     1.46216   0.0521753
 4     1.37375     1.44006   0.0435621
 5     1.45494     1.44304   0.0349512
 6     1.35882       1.429   0.0318201
 7     1.42866     1.42895   0.0272744
 8        1.48     1.43533   0.0246002
 9     1.49068     1.44148   0.0226225
10     1.44008     1.44134   0.0203607
11     1.44029     1.44125     0.01851
12     1.33362     1.43228   0.0190165
13      1.5544     1.44167    0.019738
14     1.42917     1.44078   0.0183483
15     1.46855     1.44263   0.0172182
16     1.60797     1.45296   0.0189915
17     1.40587     1.45019   0.0180752
18     1.47496     1.45157   0.0171233
19     1.57091     1.45785   0.0173359
20     1.24373     1.44715   0.0194967
